#-----------------------------------------------------------
# Vivado v2015.4 (64-bit)
# SW Build 1412921 on Wed Nov 18 09:44:32 MST 2015
# IP Build 1412160 on Tue Nov 17 13:47:24 MST 2015
# Start of session at: Tue Jun 21 17:48:02 2016
# Process ID: 19934
# Current directory: /home/josefonseca/Documents/thesis/verilog/gate
# Command line: vivado
# Log file: /home/josefonseca/Documents/thesis/verilog/gate/vivado.log
# Journal file: /home/josefonseca/Documents/thesis/verilog/gate/vivado.jou
#-----------------------------------------------------------
start_gui
open_project /home/josefonseca/Documents/thesis/verilog/gate/gate_synth/gate_synth.xpr
Scanning sources...
Finished scanning sources
WARNING: [filemgmt 56-3] IPUserFilesDir: Could not find the directory '/home/josefonseca/Documents/thesis/verilog/gate/gate_synth/gate_synth.ip_user_files'.
WARNING: [filemgmt 56-3] IPStaticSourceDir: Could not find the directory '/home/josefonseca/Documents/thesis/verilog/gate/gate_synth/gate_synth.ip_user_files/ipstatic'.
INFO: [IP_Flow 19-234] Refreshing IP repositories
INFO: [IP_Flow 19-1704] No user IP repositories specified
INFO: [IP_Flow 19-2313] Loaded Vivado IP repository '/opt/Xilinx/Vivado/2015.4/data/ip'.
open_project: Time (s): cpu = 00:00:10 ; elapsed = 00:00:05 . Memory (MB): peak = 5819.074 ; gain = 129.242 ; free physical = 3049 ; free virtual = 8033
reset_run synth_2
launch_runs synth_2
INFO: [HDL 9-2216] Analyzing Verilog file "/home/josefonseca/Documents/thesis/verilog/gate/dot_prod.v" into library work [/home/josefonseca/Documents/thesis/verilog/gate/dot_prod.v:1]
INFO: [HDL 9-2216] Analyzing Verilog file "/home/josefonseca/Documents/thesis/verilog/gate/gate.v" into library work [/home/josefonseca/Documents/thesis/verilog/gate/gate.v:1]
INFO: [HDL 9-2216] Analyzing Verilog file "/home/josefonseca/Documents/thesis/verilog/gate/weightRAM.v" into library work [/home/josefonseca/Documents/thesis/verilog/gate/weightRAM.v:1]
[Tue Jun 21 17:49:55 2016] Launched synth_2...
Run output will be captured here: /home/josefonseca/Documents/thesis/verilog/gate/gate_synth/gate_synth.runs/synth_2/runme.log
exit
INFO: [Common 17-206] Exiting Vivado at Tue Jun 21 17:53:01 2016...
