\BOOKMARK [0][-]{init.0}{Front Page}{}% 1
\BOOKMARK [0][-]{contents.0}{Table of Contents}{}% 2
\BOOKMARK [0][-]{figures.0}{List of Figures}{}% 3
\BOOKMARK [0][-]{tables.0}{List of Tables}{}% 4
\BOOKMARK [0][-]{chapter.1}{1 Introduction}{}% 5
\BOOKMARK [1][-]{section.1.1}{1.1 Background}{chapter.1}% 6
\BOOKMARK [1][-]{section.1.2}{1.2 Objectives}{chapter.1}% 7
\BOOKMARK [1][-]{section.1.3}{1.3 Motivation}{chapter.1}% 8
\BOOKMARK [0][-]{chapter.2}{2 Problem Characterization}{}% 9
\BOOKMARK [1][-]{section.2.1}{2.1 Theoretical Background}{chapter.2}% 10
\BOOKMARK [2][-]{subsection.2.1.1}{2.1.1 Basic Concepts of Machine Learning}{section.2.1}% 11
\BOOKMARK [2][-]{subsection.2.1.2}{2.1.2 Artificial Neural Networks}{section.2.1}% 12
\BOOKMARK [2][-]{subsection.2.1.3}{2.1.3 Recurrent Neural Networks}{section.2.1}% 13
\BOOKMARK [2][-]{subsection.2.1.4}{2.1.4 Long Short-Term Memory Networks}{section.2.1}% 14
\BOOKMARK [1][-]{section.2.2}{2.2 Proposed Solution}{chapter.2}% 15
\BOOKMARK [0][-]{chapter.3}{3 State of the Art}{}% 16
\BOOKMARK [1][-]{section.3.1}{3.1 LSTM Applications \(non-FPGA related\)}{chapter.3}% 17
\BOOKMARK [1][-]{section.3.2}{3.2 Hardware Implementations of LSTM}{chapter.3}% 18
\BOOKMARK [1][-]{section.3.3}{3.3 Training Algorithms and Implementation}{chapter.3}% 19
\BOOKMARK [1][-]{section.3.4}{3.4 Final Overview}{chapter.3}% 20
\BOOKMARK [0][-]{chapter.4}{4 Work Plan}{}% 21
\BOOKMARK [1][-]{section.4.1}{4.1 Approach and Main Tasks}{chapter.4}% 22
\BOOKMARK [2][-]{subsection.4.1.1}{4.1.1 Task Description}{section.4.1}% 23
\BOOKMARK [2][-]{subsection.4.1.2}{4.1.2 Tentative Task Scheduling}{section.4.1}% 24
\BOOKMARK [1][-]{section.4.2}{4.2 Software and Hardware resources to be used}{chapter.4}% 25
\BOOKMARK [2][-]{subsection.4.2.1}{4.2.1 Hardware Resources}{section.4.2}% 26
\BOOKMARK [2][-]{subsection.4.2.2}{4.2.2 Software Resources}{section.4.2}% 27
\BOOKMARK [0][-]{chapter.5}{5 Early Work}{}% 28
\BOOKMARK [0][-]{appendix.A}{A Loren Ipsum}{}% 29
\BOOKMARK [1][-]{section.A.1}{A.1 O que \351 o Loren Ipsum?}{appendix.A}% 30
\BOOKMARK [1][-]{section.A.2}{A.2 De onde Vem o Loren?}{appendix.A}% 31
\BOOKMARK [0][-]{section*.9}{References}{}% 32
