
*** Running vivado
    with args -log dot_prod.vds -m64 -mode batch -messageDb vivado.pb -notrace -source dot_prod.tcl


****** Vivado v2015.4 (64-bit)
  **** SW Build 1412921 on Wed Nov 18 09:44:32 MST 2015
  **** IP Build 1412160 on Tue Nov 17 13:47:24 MST 2015
    ** Copyright 1986-2015 Xilinx, Inc. All Rights Reserved.

source dot_prod.tcl -notrace
Command: synth_design -top dot_prod -part xc7z020clg484-1
Starting synth_design
Attempting to get a license for feature 'Synthesis' and/or device 'xc7z020'
INFO: [Common 17-349] Got license for feature 'Synthesis' and/or device 'xc7z020'
INFO: Launching helper process for spawning children vivado processes
INFO: Helper process launched with PID 736 
WARNING: [Synth 8-2507] parameter declaration becomes local in dot_prod with formal parameter declaration list [/home/josefonseca/Documents/thesis/verilog/dot_prod/dot_prod.v:14]
WARNING: [Synth 8-2507] parameter declaration becomes local in dot_prod with formal parameter declaration list [/home/josefonseca/Documents/thesis/verilog/dot_prod/dot_prod.v:15]
WARNING: [Synth 8-2507] parameter declaration becomes local in dot_prod with formal parameter declaration list [/home/josefonseca/Documents/thesis/verilog/dot_prod/dot_prod.v:16]
WARNING: [Synth 8-2507] parameter declaration becomes local in dot_prod with formal parameter declaration list [/home/josefonseca/Documents/thesis/verilog/dot_prod/dot_prod.v:17]
WARNING: [Synth 8-2507] parameter declaration becomes local in dot_prod with formal parameter declaration list [/home/josefonseca/Documents/thesis/verilog/dot_prod/dot_prod.v:18]
WARNING: [Synth 8-2507] parameter declaration becomes local in dot_prod with formal parameter declaration list [/home/josefonseca/Documents/thesis/verilog/dot_prod/dot_prod.v:19]
WARNING: [Synth 8-2507] parameter declaration becomes local in dot_prod with formal parameter declaration list [/home/josefonseca/Documents/thesis/verilog/dot_prod/dot_prod.v:20]
WARNING: [Synth 8-2507] parameter declaration becomes local in dot_prod with formal parameter declaration list [/home/josefonseca/Documents/thesis/verilog/dot_prod/dot_prod.v:21]
WARNING: [Synth 8-2507] parameter declaration becomes local in dot_prod with formal parameter declaration list [/home/josefonseca/Documents/thesis/verilog/dot_prod/dot_prod.v:46]
WARNING: [Synth 8-2507] parameter declaration becomes local in dot_prod with formal parameter declaration list [/home/josefonseca/Documents/thesis/verilog/dot_prod/dot_prod.v:47]
WARNING: [Synth 8-2507] parameter declaration becomes local in dot_prod with formal parameter declaration list [/home/josefonseca/Documents/thesis/verilog/dot_prod/dot_prod.v:48]
---------------------------------------------------------------------------------
Starting Synthesize : Time (s): cpu = 00:00:04 ; elapsed = 00:00:05 . Memory (MB): peak = 1037.543 ; gain = 191.926 ; free physical = 3809 ; free virtual = 9022
---------------------------------------------------------------------------------
INFO: [Synth 8-638] synthesizing module 'dot_prod' [/home/josefonseca/Documents/thesis/verilog/dot_prod/dot_prod.v:1]
	Parameter NROW bound to: 16 - type: integer 
	Parameter NCOL bound to: 16 - type: integer 
	Parameter QN bound to: 6 - type: integer 
	Parameter QM bound to: 11 - type: integer 
	Parameter DSP48_PER_ROW bound to: 4 - type: integer 
	Parameter BITWIDTH bound to: 18 - type: integer 
	Parameter ADDR_BITWIDTH bound to: 4 - type: integer 
	Parameter LAYER_BITWIDTH bound to: 288 - type: integer 
	Parameter N_DSP48 bound to: 4 - type: integer 
	Parameter DSP48_INPUT_BITWIDTH bound to: 72 - type: integer 
	Parameter DSP48_OUTPUT_BITWIDTH bound to: 592 - type: integer 
	Parameter MAC_BITWIDTH bound to: 37 - type: integer 
	Parameter MUX_BITWIDTH bound to: 2 - type: integer 
	Parameter IDLE bound to: 2'b00 
	Parameter CALC bound to: 2'b01 
	Parameter END bound to: 2'b10 
INFO: [Synth 8-256] done synthesizing module 'dot_prod' (1#1) [/home/josefonseca/Documents/thesis/verilog/dot_prod/dot_prod.v:1]
---------------------------------------------------------------------------------
Finished Synthesize : Time (s): cpu = 00:00:05 ; elapsed = 00:00:06 . Memory (MB): peak = 1069.801 ; gain = 224.184 ; free physical = 3777 ; free virtual = 8991
---------------------------------------------------------------------------------
---------------------------------------------------------------------------------
Finished Constraint Validation : Time (s): cpu = 00:00:05 ; elapsed = 00:00:06 . Memory (MB): peak = 1069.801 ; gain = 224.184 ; free physical = 3777 ; free virtual = 8991
---------------------------------------------------------------------------------
---------------------------------------------------------------------------------
Start Loading Part and Timing Information
---------------------------------------------------------------------------------
Loading part: xc7z020clg484-1
---------------------------------------------------------------------------------
Finished Loading Part and Timing Information : Time (s): cpu = 00:00:05 ; elapsed = 00:00:06 . Memory (MB): peak = 1077.801 ; gain = 232.184 ; free physical = 3777 ; free virtual = 8991
---------------------------------------------------------------------------------
INFO: [Device 21-403] Loading part xc7z020clg484-1
INFO: [Synth 8-5544] ROM "NEXTrowMux" won't be mapped to Block RAM because address size (4) smaller than threshold (5)
---------------------------------------------------------------------------------
Finished RTL Optimization Phase 2 : Time (s): cpu = 00:00:05 ; elapsed = 00:00:06 . Memory (MB): peak = 1106.160 ; gain = 260.543 ; free physical = 3741 ; free virtual = 8955
---------------------------------------------------------------------------------

Report RTL Partitions: 
+------+--------------+------------+----------+
|      |RTL Partition |Replication |Instances |
+------+--------------+------------+----------+
|1     |dot_prod__GB0 |           1|     46517|
|2     |dot_prod__GB1 |           1|      9940|
+------+--------------+------------+----------+
No constraint files found.
---------------------------------------------------------------------------------
Start RTL Component Statistics 
---------------------------------------------------------------------------------
Detailed RTL Component Info : 
+---Adders : 
	   2 Input      4 Bit       Adders := 1     
	   2 Input      2 Bit       Adders := 1     
+---Registers : 
	              592 Bit    Registers := 2     
	              288 Bit    Registers := 1     
	                4 Bit    Registers := 1     
	                2 Bit    Registers := 5     
+---Muxes : 
	   2 Input    592 Bit        Muxes := 2     
	   4 Input     37 Bit        Muxes := 8     
	   4 Input     18 Bit        Muxes := 4     
	   4 Input      4 Bit        Muxes := 1     
	   4 Input      2 Bit        Muxes := 1     
	   5 Input      2 Bit        Muxes := 1     
	   5 Input      1 Bit        Muxes := 1     
	   4 Input      1 Bit        Muxes := 2     
---------------------------------------------------------------------------------
Finished RTL Component Statistics 
---------------------------------------------------------------------------------
---------------------------------------------------------------------------------
Start RTL Hierarchical Component Statistics 
---------------------------------------------------------------------------------
Hierarchical RTL Component report 
Module dot_prod 
Detailed RTL Component Info : 
+---Adders : 
	   2 Input      4 Bit       Adders := 1     
	   2 Input      2 Bit       Adders := 1     
+---Registers : 
	              592 Bit    Registers := 2     
	              288 Bit    Registers := 1     
	                4 Bit    Registers := 1     
	                2 Bit    Registers := 5     
+---Muxes : 
	   2 Input    592 Bit        Muxes := 2     
	   4 Input     37 Bit        Muxes := 8     
	   4 Input     18 Bit        Muxes := 4     
	   4 Input      4 Bit        Muxes := 1     
	   4 Input      2 Bit        Muxes := 1     
	   5 Input      2 Bit        Muxes := 1     
	   5 Input      1 Bit        Muxes := 1     
	   4 Input      1 Bit        Muxes := 2     
---------------------------------------------------------------------------------
Finished RTL Hierarchical Component Statistics
---------------------------------------------------------------------------------
---------------------------------------------------------------------------------
Start Part Resource Summary
---------------------------------------------------------------------------------
Part Resources:
DSPs: 220 (col length:60)
BRAMs: 280 (col length: RAMB18 60 RAMB36 30)
---------------------------------------------------------------------------------
Finished Part Resource Summary
---------------------------------------------------------------------------------
Start Parallel Synthesis Optimization  : Time (s): cpu = 00:00:08 ; elapsed = 00:00:08 . Memory (MB): peak = 1202.484 ; gain = 356.867 ; free physical = 3655 ; free virtual = 8869
---------------------------------------------------------------------------------
Start Cross Boundary Optimization
---------------------------------------------------------------------------------
INFO: [Synth 8-4471] merging register 'rowMux_reg[1:0]' into 'rowMux_reg[1:0]' [/home/josefonseca/Documents/thesis/verilog/dot_prod/dot_prod.v:107]
INFO: [Synth 8-4471] merging register 'rowMux_reg[1:0]' into 'rowMux_reg[1:0]' [/home/josefonseca/Documents/thesis/verilog/dot_prod/dot_prod.v:107]
INFO: [Synth 8-4471] merging register 'rowMux_reg[1:0]' into 'rowMux_reg[1:0]' [/home/josefonseca/Documents/thesis/verilog/dot_prod/dot_prod.v:107]
INFO: [Synth 8-4471] merging register 'rowMux_reg[1:0]' into 'rowMux_reg[1:0]' [/home/josefonseca/Documents/thesis/verilog/dot_prod/dot_prod.v:107]
DSP Report: Generating DSP outputMAC1, operation Mode is: C+A*B.
DSP Report: operator outputMAC1 is absorbed into DSP outputMAC1.
DSP Report: operator outputMAC2 is absorbed into DSP outputMAC1.
DSP Report: Generating DSP outputMAC4, operation Mode is: C+A*B.
DSP Report: operator outputMAC4 is absorbed into DSP outputMAC4.
DSP Report: operator outputMAC5 is absorbed into DSP outputMAC4.
DSP Report: Generating DSP outputMAC3, operation Mode is: C+A*B.
DSP Report: operator outputMAC3 is absorbed into DSP outputMAC3.
DSP Report: operator outputMAC4 is absorbed into DSP outputMAC3.
DSP Report: Generating DSP outputMAC2, operation Mode is: C+A*B.
DSP Report: operator outputMAC2 is absorbed into DSP outputMAC2.
DSP Report: operator outputMAC3 is absorbed into DSP outputMAC2.
---------------------------------------------------------------------------------
Finished Cross Boundary Optimization : Time (s): cpu = 00:00:08 ; elapsed = 00:00:09 . Memory (MB): peak = 1211.484 ; gain = 365.867 ; free physical = 3640 ; free virtual = 8854
---------------------------------------------------------------------------------
Finished Parallel Reinference  : Time (s): cpu = 00:00:08 ; elapsed = 00:00:09 . Memory (MB): peak = 1211.484 ; gain = 365.867 ; free physical = 3640 ; free virtual = 8854

Report RTL Partitions: 
+------+--------------+------------+----------+
|      |RTL Partition |Replication |Instances |
+------+--------------+------------+----------+
|1     |dot_prod__GB0 |           1|     35469|
|2     |dot_prod__GB1 |           1|      9940|
+------+--------------+------------+----------+
---------------------------------------------------------------------------------
Start ROM, RAM, DSP and Shift Register Reporting
---------------------------------------------------------------------------------

DSP:
+------------+-------------+--------------+--------+--------+--------+--------+--------+------+------+------+------+-------+------+------+
|Module Name | DSP Mapping | Neg Edge Clk | A Size | B Size | C Size | D Size | P Size | AREG | BREG | CREG | DREG | ADREG | MREG | PREG | 
+------------+-------------+--------------+--------+--------+--------+--------+--------+------+------+------+------+-------+------+------+
|dot_prod    | C+A*B       | No           | 18     | 18     | 37     | 25     | 37     | 0    | 0    | 0    | 1    | 1     | 0    | 0    | 
|dot_prod    | C+A*B       | No           | 18     | 18     | 37     | 25     | 37     | 0    | 0    | 0    | 1    | 1     | 0    | 0    | 
|dot_prod    | C+A*B       | No           | 18     | 18     | 37     | 25     | 37     | 0    | 0    | 0    | 1    | 1     | 0    | 0    | 
|dot_prod    | C+A*B       | No           | 18     | 18     | 37     | 25     | 37     | 0    | 0    | 0    | 1    | 1     | 0    | 0    | 
+------------+-------------+--------------+--------+--------+--------+--------+--------+------+------+------+------+-------+------+------+

Note: The table above shows the DSPs inferred at the current stage of the synthesis flow. Some DSP may be reimplemented as non DSP primitives later in the synthesis flow. Multiple instantiated DSPs are reported only once.
---------------------------------------------------------------------------------
Finished ROM, RAM, DSP and Shift Register Reporting
---------------------------------------------------------------------------------
No constraint files found.
---------------------------------------------------------------------------------
Start Area Optimization
---------------------------------------------------------------------------------
---------------------------------------------------------------------------------
Finished Area Optimization : Time (s): cpu = 00:00:28 ; elapsed = 00:00:29 . Memory (MB): peak = 1395.766 ; gain = 550.148 ; free physical = 3423 ; free virtual = 8638
---------------------------------------------------------------------------------
Finished Parallel Area Optimization  : Time (s): cpu = 00:00:28 ; elapsed = 00:00:29 . Memory (MB): peak = 1395.766 ; gain = 550.148 ; free physical = 3423 ; free virtual = 8638

Report RTL Partitions: 
+------+--------------+------------+----------+
|      |RTL Partition |Replication |Instances |
+------+--------------+------------+----------+
|1     |dot_prod__GB0 |           1|     10497|
|2     |dot_prod__GB1 |           1|      3428|
+------+--------------+------------+----------+
---------------------------------------------------------------------------------
Start Timing Optimization
---------------------------------------------------------------------------------
No constraint files found.
---------------------------------------------------------------------------------
Finished Timing Optimization : Time (s): cpu = 00:00:28 ; elapsed = 00:00:29 . Memory (MB): peak = 1395.766 ; gain = 550.148 ; free physical = 3423 ; free virtual = 8638
---------------------------------------------------------------------------------

Report RTL Partitions: 
+------+--------------+------------+----------+
|      |RTL Partition |Replication |Instances |
+------+--------------+------------+----------+
|1     |dot_prod__GB0 |           1|     10497|
|2     |dot_prod__GB1 |           1|      3428|
+------+--------------+------------+----------+
---------------------------------------------------------------------------------
Start Technology Mapping
---------------------------------------------------------------------------------
---------------------------------------------------------------------------------
Finished Technology Mapping : Time (s): cpu = 00:00:29 ; elapsed = 00:00:30 . Memory (MB): peak = 1403.773 ; gain = 558.156 ; free physical = 3410 ; free virtual = 8624
---------------------------------------------------------------------------------
Finished Parallel Technology Mapping Optimization  : Time (s): cpu = 00:00:29 ; elapsed = 00:00:30 . Memory (MB): peak = 1403.773 ; gain = 558.156 ; free physical = 3410 ; free virtual = 8624

Report RTL Partitions: 
+-+--------------+------------+----------+
| |RTL Partition |Replication |Instances |
+-+--------------+------------+----------+
+-+--------------+------------+----------+
Finished Parallel Synthesis Optimization  : Time (s): cpu = 00:00:29 ; elapsed = 00:00:30 . Memory (MB): peak = 1403.773 ; gain = 558.156 ; free physical = 3410 ; free virtual = 8624
---------------------------------------------------------------------------------
Start IO Insertion
---------------------------------------------------------------------------------
---------------------------------------------------------------------------------
Start Flattening Before IO Insertion
---------------------------------------------------------------------------------
---------------------------------------------------------------------------------
Finished Flattening Before IO Insertion
---------------------------------------------------------------------------------
---------------------------------------------------------------------------------
Start Final Netlist Cleanup
---------------------------------------------------------------------------------
---------------------------------------------------------------------------------
Finished Final Netlist Cleanup
---------------------------------------------------------------------------------
---------------------------------------------------------------------------------
Finished IO Insertion : Time (s): cpu = 00:00:30 ; elapsed = 00:00:31 . Memory (MB): peak = 1403.773 ; gain = 558.156 ; free physical = 3412 ; free virtual = 8626
---------------------------------------------------------------------------------

Report Check Netlist: 
+------+------------------+-------+---------+-------+------------------+
|      |Item              |Errors |Warnings |Status |Description       |
+------+------------------+-------+---------+-------+------------------+
|1     |multi_driven_nets |      0|        0|Passed |Multi driven nets |
+------+------------------+-------+---------+-------+------------------+
---------------------------------------------------------------------------------
Start Renaming Generated Instances
---------------------------------------------------------------------------------
---------------------------------------------------------------------------------
Finished Renaming Generated Instances : Time (s): cpu = 00:00:30 ; elapsed = 00:00:31 . Memory (MB): peak = 1403.773 ; gain = 558.156 ; free physical = 3411 ; free virtual = 8625
---------------------------------------------------------------------------------

Report RTL Partitions: 
+-+--------------+------------+----------+
| |RTL Partition |Replication |Instances |
+-+--------------+------------+----------+
+-+--------------+------------+----------+
---------------------------------------------------------------------------------
Start Rebuilding User Hierarchy
---------------------------------------------------------------------------------
---------------------------------------------------------------------------------
Finished Rebuilding User Hierarchy : Time (s): cpu = 00:00:31 ; elapsed = 00:00:31 . Memory (MB): peak = 1403.773 ; gain = 558.156 ; free physical = 3414 ; free virtual = 8628
---------------------------------------------------------------------------------
---------------------------------------------------------------------------------
Start Renaming Generated Ports
---------------------------------------------------------------------------------
---------------------------------------------------------------------------------
Finished Renaming Generated Ports : Time (s): cpu = 00:00:31 ; elapsed = 00:00:31 . Memory (MB): peak = 1403.773 ; gain = 558.156 ; free physical = 3414 ; free virtual = 8628
---------------------------------------------------------------------------------
---------------------------------------------------------------------------------
Start Handling Custom Attributes
---------------------------------------------------------------------------------
---------------------------------------------------------------------------------
Finished Handling Custom Attributes : Time (s): cpu = 00:00:31 ; elapsed = 00:00:32 . Memory (MB): peak = 1403.773 ; gain = 558.156 ; free physical = 3449 ; free virtual = 8663
---------------------------------------------------------------------------------
---------------------------------------------------------------------------------
Start Renaming Generated Nets
---------------------------------------------------------------------------------
---------------------------------------------------------------------------------
Finished Renaming Generated Nets : Time (s): cpu = 00:00:31 ; elapsed = 00:00:32 . Memory (MB): peak = 1403.773 ; gain = 558.156 ; free physical = 3450 ; free virtual = 8664
---------------------------------------------------------------------------------
---------------------------------------------------------------------------------
Start Writing Synthesis Report
---------------------------------------------------------------------------------

Report BlackBoxes: 
+-+--------------+----------+
| |BlackBox name |Instances |
+-+--------------+----------+
+-+--------------+----------+

Report Cell Usage: 
+------+--------+------+
|      |Cell    |Count |
+------+--------+------+
|1     |BUFG    |     2|
|2     |DSP48E1 |     4|
|3     |LUT2    |   285|
|4     |LUT3    |   684|
|5     |LUT4    |   700|
|6     |LUT5    |   857|
|7     |LUT6    |  1751|
|8     |MUXF7   |     2|
|9     |MUXF8   |     1|
|10    |FDCE    |   288|
|11    |FDRE    |  1219|
|12    |IBUF    |   308|
|13    |OBUF    |   293|
+------+--------+------+

Report Instance Areas: 
+------+---------+-------+------+
|      |Instance |Module |Cells |
+------+---------+-------+------+
|1     |top      |       |  6394|
+------+---------+-------+------+
---------------------------------------------------------------------------------
Finished Writing Synthesis Report : Time (s): cpu = 00:00:31 ; elapsed = 00:00:32 . Memory (MB): peak = 1403.773 ; gain = 558.156 ; free physical = 3450 ; free virtual = 8664
---------------------------------------------------------------------------------
Synthesis finished with 0 errors, 0 critical warnings and 11 warnings.
Synthesis Optimization Runtime : Time (s): cpu = 00:00:30 ; elapsed = 00:00:30 . Memory (MB): peak = 1403.773 ; gain = 436.355 ; free physical = 3450 ; free virtual = 8664
Synthesis Optimization Complete : Time (s): cpu = 00:00:31 ; elapsed = 00:00:32 . Memory (MB): peak = 1403.773 ; gain = 558.156 ; free physical = 3450 ; free virtual = 8664
INFO: [Project 1-571] Translating synthesized netlist
INFO: [Netlist 29-17] Analyzing 312 Unisim elements for replacement
INFO: [Netlist 29-28] Unisim Transformation completed in 0 CPU seconds
WARNING: [Netlist 29-101] Netlist 'dot_prod' is not ideal for floorplanning, since the cellview 'dot_prod' contains a large number of primitives.  Please consider enabling hierarchy in synthesis if you want to do floorplanning.
INFO: [Project 1-570] Preparing netlist for logic optimization
INFO: [Opt 31-138] Pushed 0 inverter(s) to 0 load pin(s).
INFO: [Project 1-111] Unisim Transformation Summary:
No Unisim elements were transformed.

INFO: [Common 17-83] Releasing license: Synthesis
16 Infos, 12 Warnings, 0 Critical Warnings and 0 Errors encountered.
synth_design completed successfully
synth_design: Time (s): cpu = 00:00:32 ; elapsed = 00:00:32 . Memory (MB): peak = 1459.801 ; gain = 542.848 ; free physical = 3461 ; free virtual = 8675
report_utilization: Time (s): cpu = 00:00:00.09 ; elapsed = 00:00:00.10 . Memory (MB): peak = 1491.820 ; gain = 0.000 ; free physical = 3463 ; free virtual = 8677
INFO: [Common 17-206] Exiting Vivado at Sun May  8 23:50:40 2016...
