Copyright 1986-2015 Xilinx, Inc. All Rights Reserved.
---------------------------------------------------------------------------------------------------------------------
| Tool Version     : Vivado v.2015.4 (lin64) Build 1412921 Wed Nov 18 09:44:32 MST 2015
| Date             : Tue Jul 12 22:03:07 2016
| Host             : desktop4480 running 64-bit Ubuntu 14.04.4 LTS
| Command          : report_power -file top_network_power_routed.rpt -pb top_network_power_summary_routed.pb
| Design           : top_network
| Device           : xc7z020clg484-1
| Design State     : routed
| Grade            : commercial
| Process          : typical
| Characterization : Production
---------------------------------------------------------------------------------------------------------------------

Power Report

Table of Contents
-----------------
1. Summary
1.1 On-Chip Components
1.2 Power Supply Summary
1.3 Confidence Level
2. Settings
2.1 Environment
2.2 Clock Constraints
3. Detailed Reports
3.1 By Hierarchy

1. Summary
----------

+--------------------------+--------+
| Total On-Chip Power (W)  | 0.526  |
| Dynamic (W)              | 0.403  |
| Device Static (W)        | 0.123  |
| Effective TJA (C/W)      | 11.5   |
| Max Ambient (C)          | 78.9   |
| Junction Temperature (C) | 31.1   |
| Confidence Level         | Medium |
| Setting File             | ---    |
| Simulation Activity File | ---    |
| Design Nets Matched      | NA     |
+--------------------------+--------+


1.1 On-Chip Components
----------------------

+--------------------------+-----------+----------+-----------+-----------------+
| On-Chip                  | Power (W) | Used     | Available | Utilization (%) |
+--------------------------+-----------+----------+-----------+-----------------+
| Clocks                   |     0.000 |        3 |       --- |             --- |
| Slice Logic              |     0.080 |    93713 |       --- |             --- |
|   LUT as Logic           |     0.074 |    46291 |     53200 |           87.01 |
|   CARRY4                 |     0.005 |     2351 |     13300 |           17.68 |
|   Register               |    <0.001 |    28223 |    106400 |           26.53 |
|   F7/F8 Muxes            |    <0.001 |       72 |     53200 |            0.14 |
|   Others                 |     0.000 |     7990 |       --- |             --- |
|   LUT as Distributed RAM |     0.000 |     3072 |     17400 |           17.66 |
| Signals                  |     0.186 |    69182 |       --- |             --- |
| DSPs                     |     0.138 |      164 |       220 |           74.55 |
| Static Power             |     0.123 |          |           |                 |
| Total                    |     0.526 |          |           |                 |
+--------------------------+-----------+----------+-----------+-----------------+


1.2 Power Supply Summary
------------------------

+-----------+-------------+-----------+-------------+------------+
| Source    | Voltage (V) | Total (A) | Dynamic (A) | Static (A) |
+-----------+-------------+-----------+-------------+------------+
| Vccint    |       1.000 |     0.412 |       0.403 |      0.009 |
| Vccaux    |       1.800 |     0.019 |       0.000 |      0.019 |
| Vcco33    |       3.300 |     0.000 |       0.000 |      0.000 |
| Vcco25    |       2.500 |     0.000 |       0.000 |      0.000 |
| Vcco18    |       1.800 |     0.000 |       0.000 |      0.000 |
| Vcco15    |       1.500 |     0.000 |       0.000 |      0.000 |
| Vcco135   |       1.350 |     0.000 |       0.000 |      0.000 |
| Vcco12    |       1.200 |     0.000 |       0.000 |      0.000 |
| Vccaux_io |       1.800 |     0.000 |       0.000 |      0.000 |
| Vccbram   |       1.000 |     0.001 |       0.000 |      0.001 |
| MGTAVcc   |       1.000 |     0.000 |       0.000 |      0.000 |
| MGTAVtt   |       1.200 |     0.000 |       0.000 |      0.000 |
| MGTVccaux |       1.800 |     0.000 |       0.000 |      0.000 |
| Vccpint   |       1.000 |     0.019 |       0.000 |      0.019 |
| Vccpaux   |       1.800 |     0.010 |       0.000 |      0.010 |
| Vccpll    |       1.800 |     0.003 |       0.000 |      0.003 |
| Vcco_ddr  |       1.500 |     0.000 |       0.000 |      0.000 |
| Vcco_mio0 |       1.800 |     0.000 |       0.000 |      0.000 |
| Vcco_mio1 |       1.800 |     0.000 |       0.000 |      0.000 |
| Vccadc    |       1.800 |     0.020 |       0.000 |      0.020 |
+-----------+-------------+-----------+-------------+------------+


1.3 Confidence Level
--------------------

+-----------------------------+------------+------------------------------------------------+------------------------------------------------------------------------------------------------------------+
| User Input Data             | Confidence | Details                                        | Action                                                                                                     |
+-----------------------------+------------+------------------------------------------------+------------------------------------------------------------------------------------------------------------+
| Design implementation state | High       | Design is routed                               |                                                                                                            |
| Clock nodes activity        | High       | User specified more than 95% of clocks         |                                                                                                            |
| I/O nodes activity          | High       | User specified more than 95% of inputs         |                                                                                                            |
| Internal nodes activity     | Medium     | User specified less than 25% of internal nodes | Provide missing internal nodes activity with simulation results or by editing the "By Resource Type" views |
| Device models               | High       | Device models are Production                   |                                                                                                            |
|                             |            |                                                |                                                                                                            |
| Overall confidence level    | Medium     |                                                |                                                                                                            |
+-----------------------------+------------+------------------------------------------------+------------------------------------------------------------------------------------------------------------+


2. Settings
-----------

2.1 Environment
---------------

+-----------------------+------------------------+
| Ambient Temp (C)      | 25.0                   |
| ThetaJA (C/W)         | 11.5                   |
| Airflow (LFM)         | 250                    |
| Heat Sink             | none                   |
| ThetaSA (C/W)         | 0.0                    |
| Board Selection       | medium (10"x10")       |
| # of Board Layers     | 8to11 (8 to 11 Layers) |
| Board Temperature (C) | 25.0                   |
+-----------------------+------------------------+


2.2 Clock Constraints
---------------------

+-------+--------+-----------------+
| Clock | Domain | Constraint (ns) |
+-------+--------+-----------------+
| clock | clock  |             9.9 |
+-------+--------+-----------------+


3. Detailed Reports
-------------------

3.1 By Hierarchy
----------------

+-----------------------------------+-----------+
| Name                              | Power (W) |
+-----------------------------------+-----------+
| top_network                       |     0.403 |
|   LSTM_LAYER                      |     0.402 |
|     GATE_F                        |     0.035 |
|       DOTPROD_X                   |     0.016 |
|       DOTPROD_Y                   |     0.013 |
|     GATE_I                        |     0.031 |
|       DOTPROD_X                   |     0.016 |
|       DOTPROD_Y                   |     0.014 |
|     GATE_O                        |     0.032 |
|       DOTPROD_X                   |     0.017 |
|       DOTPROD_Y                   |     0.015 |
|     GATE_Z                        |     0.041 |
|       DOTPROD_X                   |     0.015 |
|       DOTPROD_Y                   |     0.021 |
|     WRAM_F_X                      |    <0.001 |
|       RAM_matrix_reg_0_1_0_5      |     0.000 |
|       RAM_matrix_reg_0_1_102_107  |     0.000 |
|       RAM_matrix_reg_0_1_108_113  |     0.000 |
|       RAM_matrix_reg_0_1_114_119  |     0.000 |
|       RAM_matrix_reg_0_1_120_125  |     0.000 |
|       RAM_matrix_reg_0_1_126_131  |     0.000 |
|       RAM_matrix_reg_0_1_12_17    |     0.000 |
|       RAM_matrix_reg_0_1_132_137  |     0.000 |
|       RAM_matrix_reg_0_1_138_143  |     0.000 |
|       RAM_matrix_reg_0_1_144_149  |     0.000 |
|       RAM_matrix_reg_0_1_150_155  |     0.000 |
|       RAM_matrix_reg_0_1_156_161  |     0.000 |
|       RAM_matrix_reg_0_1_162_167  |     0.000 |
|       RAM_matrix_reg_0_1_168_173  |     0.000 |
|       RAM_matrix_reg_0_1_174_179  |     0.000 |
|       RAM_matrix_reg_0_1_180_185  |     0.000 |
|       RAM_matrix_reg_0_1_186_191  |     0.000 |
|       RAM_matrix_reg_0_1_18_23    |     0.000 |
|       RAM_matrix_reg_0_1_192_197  |     0.000 |
|       RAM_matrix_reg_0_1_198_203  |     0.000 |
|       RAM_matrix_reg_0_1_204_209  |     0.000 |
|       RAM_matrix_reg_0_1_210_215  |     0.000 |
|       RAM_matrix_reg_0_1_216_221  |     0.000 |
|       RAM_matrix_reg_0_1_222_227  |     0.000 |
|       RAM_matrix_reg_0_1_228_233  |     0.000 |
|       RAM_matrix_reg_0_1_234_239  |     0.000 |
|       RAM_matrix_reg_0_1_240_245  |     0.000 |
|       RAM_matrix_reg_0_1_246_251  |     0.000 |
|       RAM_matrix_reg_0_1_24_29    |     0.000 |
|       RAM_matrix_reg_0_1_252_257  |     0.000 |
|       RAM_matrix_reg_0_1_258_263  |     0.000 |
|       RAM_matrix_reg_0_1_264_269  |     0.000 |
|       RAM_matrix_reg_0_1_270_275  |     0.000 |
|       RAM_matrix_reg_0_1_276_281  |     0.000 |
|       RAM_matrix_reg_0_1_282_287  |     0.000 |
|       RAM_matrix_reg_0_1_288_293  |     0.000 |
|       RAM_matrix_reg_0_1_294_299  |     0.000 |
|       RAM_matrix_reg_0_1_300_305  |     0.000 |
|       RAM_matrix_reg_0_1_306_311  |     0.000 |
|       RAM_matrix_reg_0_1_30_35    |     0.000 |
|       RAM_matrix_reg_0_1_312_317  |     0.000 |
|       RAM_matrix_reg_0_1_318_323  |     0.000 |
|       RAM_matrix_reg_0_1_324_329  |     0.000 |
|       RAM_matrix_reg_0_1_330_335  |     0.000 |
|       RAM_matrix_reg_0_1_336_341  |     0.000 |
|       RAM_matrix_reg_0_1_342_347  |     0.000 |
|       RAM_matrix_reg_0_1_348_353  |     0.000 |
|       RAM_matrix_reg_0_1_354_359  |     0.000 |
|       RAM_matrix_reg_0_1_360_365  |     0.000 |
|       RAM_matrix_reg_0_1_366_371  |     0.000 |
|       RAM_matrix_reg_0_1_36_41    |     0.000 |
|       RAM_matrix_reg_0_1_372_377  |     0.000 |
|       RAM_matrix_reg_0_1_378_383  |     0.000 |
|       RAM_matrix_reg_0_1_384_389  |     0.000 |
|       RAM_matrix_reg_0_1_390_395  |     0.000 |
|       RAM_matrix_reg_0_1_396_401  |     0.000 |
|       RAM_matrix_reg_0_1_402_407  |     0.000 |
|       RAM_matrix_reg_0_1_408_413  |     0.000 |
|       RAM_matrix_reg_0_1_414_419  |     0.000 |
|       RAM_matrix_reg_0_1_420_425  |     0.000 |
|       RAM_matrix_reg_0_1_426_431  |     0.000 |
|       RAM_matrix_reg_0_1_42_47    |     0.000 |
|       RAM_matrix_reg_0_1_432_437  |     0.000 |
|       RAM_matrix_reg_0_1_438_443  |     0.000 |
|       RAM_matrix_reg_0_1_444_449  |     0.000 |
|       RAM_matrix_reg_0_1_450_455  |     0.000 |
|       RAM_matrix_reg_0_1_456_461  |     0.000 |
|       RAM_matrix_reg_0_1_462_467  |     0.000 |
|       RAM_matrix_reg_0_1_468_473  |     0.000 |
|       RAM_matrix_reg_0_1_474_479  |     0.000 |
|       RAM_matrix_reg_0_1_480_485  |     0.000 |
|       RAM_matrix_reg_0_1_486_491  |     0.000 |
|       RAM_matrix_reg_0_1_48_53    |     0.000 |
|       RAM_matrix_reg_0_1_492_497  |     0.000 |
|       RAM_matrix_reg_0_1_498_503  |     0.000 |
|       RAM_matrix_reg_0_1_504_509  |     0.000 |
|       RAM_matrix_reg_0_1_510_515  |     0.000 |
|       RAM_matrix_reg_0_1_516_521  |     0.000 |
|       RAM_matrix_reg_0_1_522_527  |     0.000 |
|       RAM_matrix_reg_0_1_528_533  |     0.000 |
|       RAM_matrix_reg_0_1_534_539  |     0.000 |
|       RAM_matrix_reg_0_1_540_545  |     0.000 |
|       RAM_matrix_reg_0_1_546_551  |     0.000 |
|       RAM_matrix_reg_0_1_54_59    |     0.000 |
|       RAM_matrix_reg_0_1_552_557  |     0.000 |
|       RAM_matrix_reg_0_1_558_563  |     0.000 |
|       RAM_matrix_reg_0_1_564_569  |     0.000 |
|       RAM_matrix_reg_0_1_570_575  |     0.000 |
|       RAM_matrix_reg_0_1_60_65    |     0.000 |
|       RAM_matrix_reg_0_1_66_71    |     0.000 |
|       RAM_matrix_reg_0_1_6_11     |     0.000 |
|       RAM_matrix_reg_0_1_72_77    |     0.000 |
|       RAM_matrix_reg_0_1_78_83    |     0.000 |
|       RAM_matrix_reg_0_1_84_89    |     0.000 |
|       RAM_matrix_reg_0_1_90_95    |     0.000 |
|       RAM_matrix_reg_0_1_96_101   |     0.000 |
|     WRAM_F_Y                      |    <0.001 |
|       RAM_matrix_reg_0_31_0_5     |     0.000 |
|       RAM_matrix_reg_0_31_102_107 |     0.000 |
|       RAM_matrix_reg_0_31_108_113 |     0.000 |
|       RAM_matrix_reg_0_31_114_119 |     0.000 |
|       RAM_matrix_reg_0_31_120_125 |     0.000 |
|       RAM_matrix_reg_0_31_126_131 |     0.000 |
|       RAM_matrix_reg_0_31_12_17   |     0.000 |
|       RAM_matrix_reg_0_31_132_137 |     0.000 |
|       RAM_matrix_reg_0_31_138_143 |     0.000 |
|       RAM_matrix_reg_0_31_144_149 |     0.000 |
|       RAM_matrix_reg_0_31_150_155 |     0.000 |
|       RAM_matrix_reg_0_31_156_161 |     0.000 |
|       RAM_matrix_reg_0_31_162_167 |     0.000 |
|       RAM_matrix_reg_0_31_168_173 |     0.000 |
|       RAM_matrix_reg_0_31_174_179 |     0.000 |
|       RAM_matrix_reg_0_31_180_185 |     0.000 |
|       RAM_matrix_reg_0_31_186_191 |     0.000 |
|       RAM_matrix_reg_0_31_18_23   |     0.000 |
|       RAM_matrix_reg_0_31_192_197 |     0.000 |
|       RAM_matrix_reg_0_31_198_203 |     0.000 |
|       RAM_matrix_reg_0_31_204_209 |     0.000 |
|       RAM_matrix_reg_0_31_210_215 |     0.000 |
|       RAM_matrix_reg_0_31_216_221 |     0.000 |
|       RAM_matrix_reg_0_31_222_227 |     0.000 |
|       RAM_matrix_reg_0_31_228_233 |     0.000 |
|       RAM_matrix_reg_0_31_234_239 |     0.000 |
|       RAM_matrix_reg_0_31_240_245 |     0.000 |
|       RAM_matrix_reg_0_31_246_251 |     0.000 |
|       RAM_matrix_reg_0_31_24_29   |     0.000 |
|       RAM_matrix_reg_0_31_252_257 |     0.000 |
|       RAM_matrix_reg_0_31_258_263 |     0.000 |
|       RAM_matrix_reg_0_31_264_269 |     0.000 |
|       RAM_matrix_reg_0_31_270_275 |     0.000 |
|       RAM_matrix_reg_0_31_276_281 |     0.000 |
|       RAM_matrix_reg_0_31_282_287 |     0.000 |
|       RAM_matrix_reg_0_31_288_293 |     0.000 |
|       RAM_matrix_reg_0_31_294_299 |     0.000 |
|       RAM_matrix_reg_0_31_300_305 |     0.000 |
|       RAM_matrix_reg_0_31_306_311 |     0.000 |
|       RAM_matrix_reg_0_31_30_35   |     0.000 |
|       RAM_matrix_reg_0_31_312_317 |     0.000 |
|       RAM_matrix_reg_0_31_318_323 |     0.000 |
|       RAM_matrix_reg_0_31_324_329 |     0.000 |
|       RAM_matrix_reg_0_31_330_335 |     0.000 |
|       RAM_matrix_reg_0_31_336_341 |     0.000 |
|       RAM_matrix_reg_0_31_342_347 |     0.000 |
|       RAM_matrix_reg_0_31_348_353 |     0.000 |
|       RAM_matrix_reg_0_31_354_359 |     0.000 |
|       RAM_matrix_reg_0_31_360_365 |     0.000 |
|       RAM_matrix_reg_0_31_366_371 |     0.000 |
|       RAM_matrix_reg_0_31_36_41   |     0.000 |
|       RAM_matrix_reg_0_31_372_377 |     0.000 |
|       RAM_matrix_reg_0_31_378_383 |     0.000 |
|       RAM_matrix_reg_0_31_384_389 |     0.000 |
|       RAM_matrix_reg_0_31_390_395 |     0.000 |
|       RAM_matrix_reg_0_31_396_401 |     0.000 |
|       RAM_matrix_reg_0_31_402_407 |     0.000 |
|       RAM_matrix_reg_0_31_408_413 |     0.000 |
|       RAM_matrix_reg_0_31_414_419 |     0.000 |
|       RAM_matrix_reg_0_31_420_425 |     0.000 |
|       RAM_matrix_reg_0_31_426_431 |     0.000 |
|       RAM_matrix_reg_0_31_42_47   |     0.000 |
|       RAM_matrix_reg_0_31_432_437 |     0.000 |
|       RAM_matrix_reg_0_31_438_443 |     0.000 |
|       RAM_matrix_reg_0_31_444_449 |     0.000 |
|       RAM_matrix_reg_0_31_450_455 |     0.000 |
|       RAM_matrix_reg_0_31_456_461 |     0.000 |
|       RAM_matrix_reg_0_31_462_467 |     0.000 |
|       RAM_matrix_reg_0_31_468_473 |     0.000 |
|       RAM_matrix_reg_0_31_474_479 |     0.000 |
|       RAM_matrix_reg_0_31_480_485 |     0.000 |
|       RAM_matrix_reg_0_31_486_491 |     0.000 |
|       RAM_matrix_reg_0_31_48_53   |     0.000 |
|       RAM_matrix_reg_0_31_492_497 |     0.000 |
|       RAM_matrix_reg_0_31_498_503 |     0.000 |
|       RAM_matrix_reg_0_31_504_509 |     0.000 |
|       RAM_matrix_reg_0_31_510_515 |     0.000 |
|       RAM_matrix_reg_0_31_516_521 |     0.000 |
|       RAM_matrix_reg_0_31_522_527 |     0.000 |
|       RAM_matrix_reg_0_31_528_533 |     0.000 |
|       RAM_matrix_reg_0_31_534_539 |     0.000 |
|       RAM_matrix_reg_0_31_540_545 |     0.000 |
|       RAM_matrix_reg_0_31_546_551 |     0.000 |
|       RAM_matrix_reg_0_31_54_59   |     0.000 |
|       RAM_matrix_reg_0_31_552_557 |     0.000 |
|       RAM_matrix_reg_0_31_558_563 |     0.000 |
|       RAM_matrix_reg_0_31_564_569 |     0.000 |
|       RAM_matrix_reg_0_31_570_575 |     0.000 |
|       RAM_matrix_reg_0_31_60_65   |     0.000 |
|       RAM_matrix_reg_0_31_66_71   |     0.000 |
|       RAM_matrix_reg_0_31_6_11    |     0.000 |
|       RAM_matrix_reg_0_31_72_77   |     0.000 |
|       RAM_matrix_reg_0_31_78_83   |     0.000 |
|       RAM_matrix_reg_0_31_84_89   |     0.000 |
|       RAM_matrix_reg_0_31_90_95   |     0.000 |
|       RAM_matrix_reg_0_31_96_101  |     0.000 |
|     WRAM_I_X                      |    <0.001 |
|       RAM_matrix_reg_0_1_0_5      |     0.000 |
|       RAM_matrix_reg_0_1_102_107  |     0.000 |
|       RAM_matrix_reg_0_1_108_113  |     0.000 |
|       RAM_matrix_reg_0_1_114_119  |     0.000 |
|       RAM_matrix_reg_0_1_120_125  |     0.000 |
|       RAM_matrix_reg_0_1_126_131  |     0.000 |
|       RAM_matrix_reg_0_1_12_17    |     0.000 |
|       RAM_matrix_reg_0_1_132_137  |     0.000 |
|       RAM_matrix_reg_0_1_138_143  |     0.000 |
|       RAM_matrix_reg_0_1_144_149  |     0.000 |
|       RAM_matrix_reg_0_1_150_155  |     0.000 |
|       RAM_matrix_reg_0_1_156_161  |     0.000 |
|       RAM_matrix_reg_0_1_162_167  |     0.000 |
|       RAM_matrix_reg_0_1_168_173  |     0.000 |
|       RAM_matrix_reg_0_1_174_179  |     0.000 |
|       RAM_matrix_reg_0_1_180_185  |     0.000 |
|       RAM_matrix_reg_0_1_186_191  |     0.000 |
|       RAM_matrix_reg_0_1_18_23    |     0.000 |
|       RAM_matrix_reg_0_1_192_197  |     0.000 |
|       RAM_matrix_reg_0_1_198_203  |     0.000 |
|       RAM_matrix_reg_0_1_204_209  |     0.000 |
|       RAM_matrix_reg_0_1_210_215  |     0.000 |
|       RAM_matrix_reg_0_1_216_221  |     0.000 |
|       RAM_matrix_reg_0_1_222_227  |     0.000 |
|       RAM_matrix_reg_0_1_228_233  |     0.000 |
|       RAM_matrix_reg_0_1_234_239  |     0.000 |
|       RAM_matrix_reg_0_1_240_245  |     0.000 |
|       RAM_matrix_reg_0_1_246_251  |     0.000 |
|       RAM_matrix_reg_0_1_24_29    |     0.000 |
|       RAM_matrix_reg_0_1_252_257  |     0.000 |
|       RAM_matrix_reg_0_1_258_263  |     0.000 |
|       RAM_matrix_reg_0_1_264_269  |     0.000 |
|       RAM_matrix_reg_0_1_270_275  |     0.000 |
|       RAM_matrix_reg_0_1_276_281  |     0.000 |
|       RAM_matrix_reg_0_1_282_287  |     0.000 |
|       RAM_matrix_reg_0_1_288_293  |     0.000 |
|       RAM_matrix_reg_0_1_294_299  |     0.000 |
|       RAM_matrix_reg_0_1_300_305  |     0.000 |
|       RAM_matrix_reg_0_1_306_311  |     0.000 |
|       RAM_matrix_reg_0_1_30_35    |     0.000 |
|       RAM_matrix_reg_0_1_312_317  |     0.000 |
|       RAM_matrix_reg_0_1_318_323  |     0.000 |
|       RAM_matrix_reg_0_1_324_329  |     0.000 |
|       RAM_matrix_reg_0_1_330_335  |     0.000 |
|       RAM_matrix_reg_0_1_336_341  |     0.000 |
|       RAM_matrix_reg_0_1_342_347  |     0.000 |
|       RAM_matrix_reg_0_1_348_353  |     0.000 |
|       RAM_matrix_reg_0_1_354_359  |     0.000 |
|       RAM_matrix_reg_0_1_360_365  |     0.000 |
|       RAM_matrix_reg_0_1_366_371  |     0.000 |
|       RAM_matrix_reg_0_1_36_41    |     0.000 |
|       RAM_matrix_reg_0_1_372_377  |     0.000 |
|       RAM_matrix_reg_0_1_378_383  |     0.000 |
|       RAM_matrix_reg_0_1_384_389  |     0.000 |
|       RAM_matrix_reg_0_1_390_395  |     0.000 |
|       RAM_matrix_reg_0_1_396_401  |     0.000 |
|       RAM_matrix_reg_0_1_402_407  |     0.000 |
|       RAM_matrix_reg_0_1_408_413  |     0.000 |
|       RAM_matrix_reg_0_1_414_419  |     0.000 |
|       RAM_matrix_reg_0_1_420_425  |     0.000 |
|       RAM_matrix_reg_0_1_426_431  |     0.000 |
|       RAM_matrix_reg_0_1_42_47    |     0.000 |
|       RAM_matrix_reg_0_1_432_437  |     0.000 |
|       RAM_matrix_reg_0_1_438_443  |     0.000 |
|       RAM_matrix_reg_0_1_444_449  |     0.000 |
|       RAM_matrix_reg_0_1_450_455  |     0.000 |
|       RAM_matrix_reg_0_1_456_461  |     0.000 |
|       RAM_matrix_reg_0_1_462_467  |     0.000 |
|       RAM_matrix_reg_0_1_468_473  |     0.000 |
|       RAM_matrix_reg_0_1_474_479  |     0.000 |
|       RAM_matrix_reg_0_1_480_485  |     0.000 |
|       RAM_matrix_reg_0_1_486_491  |     0.000 |
|       RAM_matrix_reg_0_1_48_53    |     0.000 |
|       RAM_matrix_reg_0_1_492_497  |     0.000 |
|       RAM_matrix_reg_0_1_498_503  |     0.000 |
|       RAM_matrix_reg_0_1_504_509  |     0.000 |
|       RAM_matrix_reg_0_1_510_515  |     0.000 |
|       RAM_matrix_reg_0_1_516_521  |     0.000 |
|       RAM_matrix_reg_0_1_522_527  |     0.000 |
|       RAM_matrix_reg_0_1_528_533  |     0.000 |
|       RAM_matrix_reg_0_1_534_539  |     0.000 |
|       RAM_matrix_reg_0_1_540_545  |     0.000 |
|       RAM_matrix_reg_0_1_546_551  |     0.000 |
|       RAM_matrix_reg_0_1_54_59    |     0.000 |
|       RAM_matrix_reg_0_1_552_557  |     0.000 |
|       RAM_matrix_reg_0_1_558_563  |     0.000 |
|       RAM_matrix_reg_0_1_564_569  |     0.000 |
|       RAM_matrix_reg_0_1_570_575  |     0.000 |
|       RAM_matrix_reg_0_1_60_65    |     0.000 |
|       RAM_matrix_reg_0_1_66_71    |     0.000 |
|       RAM_matrix_reg_0_1_6_11     |     0.000 |
|       RAM_matrix_reg_0_1_72_77    |     0.000 |
|       RAM_matrix_reg_0_1_78_83    |     0.000 |
|       RAM_matrix_reg_0_1_84_89    |     0.000 |
|       RAM_matrix_reg_0_1_90_95    |     0.000 |
|       RAM_matrix_reg_0_1_96_101   |     0.000 |
|     WRAM_I_Y                      |    <0.001 |
|       RAM_matrix_reg_0_31_0_5     |     0.000 |
|       RAM_matrix_reg_0_31_102_107 |     0.000 |
|       RAM_matrix_reg_0_31_108_113 |     0.000 |
|       RAM_matrix_reg_0_31_114_119 |     0.000 |
|       RAM_matrix_reg_0_31_120_125 |     0.000 |
|       RAM_matrix_reg_0_31_126_131 |     0.000 |
|       RAM_matrix_reg_0_31_12_17   |     0.000 |
|       RAM_matrix_reg_0_31_132_137 |     0.000 |
|       RAM_matrix_reg_0_31_138_143 |     0.000 |
|       RAM_matrix_reg_0_31_144_149 |     0.000 |
|       RAM_matrix_reg_0_31_150_155 |     0.000 |
|       RAM_matrix_reg_0_31_156_161 |     0.000 |
|       RAM_matrix_reg_0_31_162_167 |     0.000 |
|       RAM_matrix_reg_0_31_168_173 |     0.000 |
|       RAM_matrix_reg_0_31_174_179 |     0.000 |
|       RAM_matrix_reg_0_31_180_185 |     0.000 |
|       RAM_matrix_reg_0_31_186_191 |     0.000 |
|       RAM_matrix_reg_0_31_18_23   |     0.000 |
|       RAM_matrix_reg_0_31_192_197 |     0.000 |
|       RAM_matrix_reg_0_31_198_203 |     0.000 |
|       RAM_matrix_reg_0_31_204_209 |     0.000 |
|       RAM_matrix_reg_0_31_210_215 |     0.000 |
|       RAM_matrix_reg_0_31_216_221 |     0.000 |
|       RAM_matrix_reg_0_31_222_227 |     0.000 |
|       RAM_matrix_reg_0_31_228_233 |     0.000 |
|       RAM_matrix_reg_0_31_234_239 |     0.000 |
|       RAM_matrix_reg_0_31_240_245 |     0.000 |
|       RAM_matrix_reg_0_31_246_251 |     0.000 |
|       RAM_matrix_reg_0_31_24_29   |     0.000 |
|       RAM_matrix_reg_0_31_252_257 |     0.000 |
|       RAM_matrix_reg_0_31_258_263 |     0.000 |
|       RAM_matrix_reg_0_31_264_269 |     0.000 |
|       RAM_matrix_reg_0_31_270_275 |     0.000 |
|       RAM_matrix_reg_0_31_276_281 |     0.000 |
|       RAM_matrix_reg_0_31_282_287 |     0.000 |
|       RAM_matrix_reg_0_31_288_293 |     0.000 |
|       RAM_matrix_reg_0_31_294_299 |     0.000 |
|       RAM_matrix_reg_0_31_300_305 |     0.000 |
|       RAM_matrix_reg_0_31_306_311 |     0.000 |
|       RAM_matrix_reg_0_31_30_35   |     0.000 |
|       RAM_matrix_reg_0_31_312_317 |     0.000 |
|       RAM_matrix_reg_0_31_318_323 |     0.000 |
|       RAM_matrix_reg_0_31_324_329 |     0.000 |
|       RAM_matrix_reg_0_31_330_335 |     0.000 |
|       RAM_matrix_reg_0_31_336_341 |     0.000 |
|       RAM_matrix_reg_0_31_342_347 |     0.000 |
|       RAM_matrix_reg_0_31_348_353 |     0.000 |
|       RAM_matrix_reg_0_31_354_359 |     0.000 |
|       RAM_matrix_reg_0_31_360_365 |     0.000 |
|       RAM_matrix_reg_0_31_366_371 |     0.000 |
|       RAM_matrix_reg_0_31_36_41   |     0.000 |
|       RAM_matrix_reg_0_31_372_377 |     0.000 |
|       RAM_matrix_reg_0_31_378_383 |     0.000 |
|       RAM_matrix_reg_0_31_384_389 |     0.000 |
|       RAM_matrix_reg_0_31_390_395 |     0.000 |
|       RAM_matrix_reg_0_31_396_401 |     0.000 |
|       RAM_matrix_reg_0_31_402_407 |     0.000 |
|       RAM_matrix_reg_0_31_408_413 |     0.000 |
|       RAM_matrix_reg_0_31_414_419 |     0.000 |
|       RAM_matrix_reg_0_31_420_425 |     0.000 |
|       RAM_matrix_reg_0_31_426_431 |     0.000 |
|       RAM_matrix_reg_0_31_42_47   |     0.000 |
|       RAM_matrix_reg_0_31_432_437 |     0.000 |
|       RAM_matrix_reg_0_31_438_443 |     0.000 |
|       RAM_matrix_reg_0_31_444_449 |     0.000 |
|       RAM_matrix_reg_0_31_450_455 |     0.000 |
|       RAM_matrix_reg_0_31_456_461 |     0.000 |
|       RAM_matrix_reg_0_31_462_467 |     0.000 |
|       RAM_matrix_reg_0_31_468_473 |     0.000 |
|       RAM_matrix_reg_0_31_474_479 |     0.000 |
|       RAM_matrix_reg_0_31_480_485 |     0.000 |
|       RAM_matrix_reg_0_31_486_491 |     0.000 |
|       RAM_matrix_reg_0_31_48_53   |     0.000 |
|       RAM_matrix_reg_0_31_492_497 |     0.000 |
|       RAM_matrix_reg_0_31_498_503 |     0.000 |
|       RAM_matrix_reg_0_31_504_509 |     0.000 |
|       RAM_matrix_reg_0_31_510_515 |     0.000 |
|       RAM_matrix_reg_0_31_516_521 |     0.000 |
|       RAM_matrix_reg_0_31_522_527 |     0.000 |
|       RAM_matrix_reg_0_31_528_533 |     0.000 |
|       RAM_matrix_reg_0_31_534_539 |     0.000 |
|       RAM_matrix_reg_0_31_540_545 |     0.000 |
|       RAM_matrix_reg_0_31_546_551 |     0.000 |
|       RAM_matrix_reg_0_31_54_59   |     0.000 |
|       RAM_matrix_reg_0_31_552_557 |     0.000 |
|       RAM_matrix_reg_0_31_558_563 |     0.000 |
|       RAM_matrix_reg_0_31_564_569 |     0.000 |
|       RAM_matrix_reg_0_31_570_575 |     0.000 |
|       RAM_matrix_reg_0_31_60_65   |     0.000 |
|       RAM_matrix_reg_0_31_66_71   |     0.000 |
|       RAM_matrix_reg_0_31_6_11    |     0.000 |
|       RAM_matrix_reg_0_31_72_77   |     0.000 |
|       RAM_matrix_reg_0_31_78_83   |     0.000 |
|       RAM_matrix_reg_0_31_84_89   |     0.000 |
|       RAM_matrix_reg_0_31_90_95   |     0.000 |
|       RAM_matrix_reg_0_31_96_101  |     0.000 |
|     WRAM_O_X                      |    <0.001 |
|       RAM_matrix_reg_0_1_0_5      |     0.000 |
|       RAM_matrix_reg_0_1_102_107  |     0.000 |
|       RAM_matrix_reg_0_1_108_113  |     0.000 |
|       RAM_matrix_reg_0_1_114_119  |     0.000 |
|       RAM_matrix_reg_0_1_120_125  |     0.000 |
|       RAM_matrix_reg_0_1_126_131  |     0.000 |
|       RAM_matrix_reg_0_1_12_17    |     0.000 |
|       RAM_matrix_reg_0_1_132_137  |     0.000 |
|       RAM_matrix_reg_0_1_138_143  |     0.000 |
|       RAM_matrix_reg_0_1_144_149  |     0.000 |
|       RAM_matrix_reg_0_1_150_155  |     0.000 |
|       RAM_matrix_reg_0_1_156_161  |     0.000 |
|       RAM_matrix_reg_0_1_162_167  |     0.000 |
|       RAM_matrix_reg_0_1_168_173  |     0.000 |
|       RAM_matrix_reg_0_1_174_179  |     0.000 |
|       RAM_matrix_reg_0_1_180_185  |     0.000 |
|       RAM_matrix_reg_0_1_186_191  |     0.000 |
|       RAM_matrix_reg_0_1_18_23    |     0.000 |
|       RAM_matrix_reg_0_1_192_197  |     0.000 |
|       RAM_matrix_reg_0_1_198_203  |     0.000 |
|       RAM_matrix_reg_0_1_204_209  |     0.000 |
|       RAM_matrix_reg_0_1_210_215  |     0.000 |
|       RAM_matrix_reg_0_1_216_221  |     0.000 |
|       RAM_matrix_reg_0_1_222_227  |     0.000 |
|       RAM_matrix_reg_0_1_228_233  |     0.000 |
|       RAM_matrix_reg_0_1_234_239  |     0.000 |
|       RAM_matrix_reg_0_1_240_245  |     0.000 |
|       RAM_matrix_reg_0_1_246_251  |     0.000 |
|       RAM_matrix_reg_0_1_24_29    |     0.000 |
|       RAM_matrix_reg_0_1_252_257  |     0.000 |
|       RAM_matrix_reg_0_1_258_263  |     0.000 |
|       RAM_matrix_reg_0_1_264_269  |     0.000 |
|       RAM_matrix_reg_0_1_270_275  |     0.000 |
|       RAM_matrix_reg_0_1_276_281  |     0.000 |
|       RAM_matrix_reg_0_1_282_287  |     0.000 |
|       RAM_matrix_reg_0_1_288_293  |     0.000 |
|       RAM_matrix_reg_0_1_294_299  |     0.000 |
|       RAM_matrix_reg_0_1_300_305  |     0.000 |
|       RAM_matrix_reg_0_1_306_311  |     0.000 |
|       RAM_matrix_reg_0_1_30_35    |     0.000 |
|       RAM_matrix_reg_0_1_312_317  |     0.000 |
|       RAM_matrix_reg_0_1_318_323  |     0.000 |
|       RAM_matrix_reg_0_1_324_329  |     0.000 |
|       RAM_matrix_reg_0_1_330_335  |     0.000 |
|       RAM_matrix_reg_0_1_336_341  |     0.000 |
|       RAM_matrix_reg_0_1_342_347  |     0.000 |
|       RAM_matrix_reg_0_1_348_353  |     0.000 |
|       RAM_matrix_reg_0_1_354_359  |     0.000 |
|       RAM_matrix_reg_0_1_360_365  |     0.000 |
|       RAM_matrix_reg_0_1_366_371  |     0.000 |
|       RAM_matrix_reg_0_1_36_41    |     0.000 |
|       RAM_matrix_reg_0_1_372_377  |     0.000 |
|       RAM_matrix_reg_0_1_378_383  |     0.000 |
|       RAM_matrix_reg_0_1_384_389  |     0.000 |
|       RAM_matrix_reg_0_1_390_395  |     0.000 |
|       RAM_matrix_reg_0_1_396_401  |     0.000 |
|       RAM_matrix_reg_0_1_402_407  |     0.000 |
|       RAM_matrix_reg_0_1_408_413  |     0.000 |
|       RAM_matrix_reg_0_1_414_419  |     0.000 |
|       RAM_matrix_reg_0_1_420_425  |     0.000 |
|       RAM_matrix_reg_0_1_426_431  |     0.000 |
|       RAM_matrix_reg_0_1_42_47    |     0.000 |
|       RAM_matrix_reg_0_1_432_437  |     0.000 |
|       RAM_matrix_reg_0_1_438_443  |     0.000 |
|       RAM_matrix_reg_0_1_444_449  |     0.000 |
|       RAM_matrix_reg_0_1_450_455  |     0.000 |
|       RAM_matrix_reg_0_1_456_461  |     0.000 |
|       RAM_matrix_reg_0_1_462_467  |     0.000 |
|       RAM_matrix_reg_0_1_468_473  |     0.000 |
|       RAM_matrix_reg_0_1_474_479  |     0.000 |
|       RAM_matrix_reg_0_1_480_485  |     0.000 |
|       RAM_matrix_reg_0_1_486_491  |     0.000 |
|       RAM_matrix_reg_0_1_48_53    |     0.000 |
|       RAM_matrix_reg_0_1_492_497  |     0.000 |
|       RAM_matrix_reg_0_1_498_503  |     0.000 |
|       RAM_matrix_reg_0_1_504_509  |     0.000 |
|       RAM_matrix_reg_0_1_510_515  |     0.000 |
|       RAM_matrix_reg_0_1_516_521  |     0.000 |
|       RAM_matrix_reg_0_1_522_527  |     0.000 |
|       RAM_matrix_reg_0_1_528_533  |     0.000 |
|       RAM_matrix_reg_0_1_534_539  |     0.000 |
|       RAM_matrix_reg_0_1_540_545  |     0.000 |
|       RAM_matrix_reg_0_1_546_551  |     0.000 |
|       RAM_matrix_reg_0_1_54_59    |     0.000 |
|       RAM_matrix_reg_0_1_552_557  |     0.000 |
|       RAM_matrix_reg_0_1_558_563  |     0.000 |
|       RAM_matrix_reg_0_1_564_569  |     0.000 |
|       RAM_matrix_reg_0_1_570_575  |     0.000 |
|       RAM_matrix_reg_0_1_60_65    |     0.000 |
|       RAM_matrix_reg_0_1_66_71    |     0.000 |
|       RAM_matrix_reg_0_1_6_11     |     0.000 |
|       RAM_matrix_reg_0_1_72_77    |     0.000 |
|       RAM_matrix_reg_0_1_78_83    |     0.000 |
|       RAM_matrix_reg_0_1_84_89    |     0.000 |
|       RAM_matrix_reg_0_1_90_95    |     0.000 |
|       RAM_matrix_reg_0_1_96_101   |     0.000 |
|     WRAM_O_Y                      |    <0.001 |
|       RAM_matrix_reg_0_31_0_5     |     0.000 |
|       RAM_matrix_reg_0_31_102_107 |     0.000 |
|       RAM_matrix_reg_0_31_108_113 |     0.000 |
|       RAM_matrix_reg_0_31_114_119 |     0.000 |
|       RAM_matrix_reg_0_31_120_125 |     0.000 |
|       RAM_matrix_reg_0_31_126_131 |     0.000 |
|       RAM_matrix_reg_0_31_12_17   |     0.000 |
|       RAM_matrix_reg_0_31_132_137 |     0.000 |
|       RAM_matrix_reg_0_31_138_143 |     0.000 |
|       RAM_matrix_reg_0_31_144_149 |     0.000 |
|       RAM_matrix_reg_0_31_150_155 |     0.000 |
|       RAM_matrix_reg_0_31_156_161 |     0.000 |
|       RAM_matrix_reg_0_31_162_167 |     0.000 |
|       RAM_matrix_reg_0_31_168_173 |     0.000 |
|       RAM_matrix_reg_0_31_174_179 |     0.000 |
|       RAM_matrix_reg_0_31_180_185 |     0.000 |
|       RAM_matrix_reg_0_31_186_191 |     0.000 |
|       RAM_matrix_reg_0_31_18_23   |     0.000 |
|       RAM_matrix_reg_0_31_192_197 |     0.000 |
|       RAM_matrix_reg_0_31_198_203 |     0.000 |
|       RAM_matrix_reg_0_31_204_209 |     0.000 |
|       RAM_matrix_reg_0_31_210_215 |     0.000 |
|       RAM_matrix_reg_0_31_216_221 |     0.000 |
|       RAM_matrix_reg_0_31_222_227 |     0.000 |
|       RAM_matrix_reg_0_31_228_233 |     0.000 |
|       RAM_matrix_reg_0_31_234_239 |     0.000 |
|       RAM_matrix_reg_0_31_240_245 |     0.000 |
|       RAM_matrix_reg_0_31_246_251 |     0.000 |
|       RAM_matrix_reg_0_31_24_29   |     0.000 |
|       RAM_matrix_reg_0_31_252_257 |     0.000 |
|       RAM_matrix_reg_0_31_258_263 |     0.000 |
|       RAM_matrix_reg_0_31_264_269 |     0.000 |
|       RAM_matrix_reg_0_31_270_275 |     0.000 |
|       RAM_matrix_reg_0_31_276_281 |     0.000 |
|       RAM_matrix_reg_0_31_282_287 |     0.000 |
|       RAM_matrix_reg_0_31_288_293 |     0.000 |
|       RAM_matrix_reg_0_31_294_299 |     0.000 |
|       RAM_matrix_reg_0_31_300_305 |     0.000 |
|       RAM_matrix_reg_0_31_306_311 |     0.000 |
|       RAM_matrix_reg_0_31_30_35   |     0.000 |
|       RAM_matrix_reg_0_31_312_317 |     0.000 |
|       RAM_matrix_reg_0_31_318_323 |     0.000 |
|       RAM_matrix_reg_0_31_324_329 |     0.000 |
|       RAM_matrix_reg_0_31_330_335 |     0.000 |
|       RAM_matrix_reg_0_31_336_341 |     0.000 |
|       RAM_matrix_reg_0_31_342_347 |     0.000 |
|       RAM_matrix_reg_0_31_348_353 |     0.000 |
|       RAM_matrix_reg_0_31_354_359 |     0.000 |
|       RAM_matrix_reg_0_31_360_365 |     0.000 |
|       RAM_matrix_reg_0_31_366_371 |     0.000 |
|       RAM_matrix_reg_0_31_36_41   |     0.000 |
|       RAM_matrix_reg_0_31_372_377 |     0.000 |
|       RAM_matrix_reg_0_31_378_383 |     0.000 |
|       RAM_matrix_reg_0_31_384_389 |     0.000 |
|       RAM_matrix_reg_0_31_390_395 |     0.000 |
|       RAM_matrix_reg_0_31_396_401 |     0.000 |
|       RAM_matrix_reg_0_31_402_407 |     0.000 |
|       RAM_matrix_reg_0_31_408_413 |     0.000 |
|       RAM_matrix_reg_0_31_414_419 |     0.000 |
|       RAM_matrix_reg_0_31_420_425 |     0.000 |
|       RAM_matrix_reg_0_31_426_431 |     0.000 |
|       RAM_matrix_reg_0_31_42_47   |     0.000 |
|       RAM_matrix_reg_0_31_432_437 |     0.000 |
|       RAM_matrix_reg_0_31_438_443 |     0.000 |
|       RAM_matrix_reg_0_31_444_449 |     0.000 |
|       RAM_matrix_reg_0_31_450_455 |     0.000 |
|       RAM_matrix_reg_0_31_456_461 |     0.000 |
|       RAM_matrix_reg_0_31_462_467 |     0.000 |
|       RAM_matrix_reg_0_31_468_473 |     0.000 |
|       RAM_matrix_reg_0_31_474_479 |     0.000 |
|       RAM_matrix_reg_0_31_480_485 |     0.000 |
|       RAM_matrix_reg_0_31_486_491 |     0.000 |
|       RAM_matrix_reg_0_31_48_53   |     0.000 |
|       RAM_matrix_reg_0_31_492_497 |     0.000 |
|       RAM_matrix_reg_0_31_498_503 |     0.000 |
|       RAM_matrix_reg_0_31_504_509 |     0.000 |
|       RAM_matrix_reg_0_31_510_515 |     0.000 |
|       RAM_matrix_reg_0_31_516_521 |     0.000 |
|       RAM_matrix_reg_0_31_522_527 |     0.000 |
|       RAM_matrix_reg_0_31_528_533 |     0.000 |
|       RAM_matrix_reg_0_31_534_539 |     0.000 |
|       RAM_matrix_reg_0_31_540_545 |     0.000 |
|       RAM_matrix_reg_0_31_546_551 |     0.000 |
|       RAM_matrix_reg_0_31_54_59   |     0.000 |
|       RAM_matrix_reg_0_31_552_557 |     0.000 |
|       RAM_matrix_reg_0_31_558_563 |     0.000 |
|       RAM_matrix_reg_0_31_564_569 |     0.000 |
|       RAM_matrix_reg_0_31_570_575 |     0.000 |
|       RAM_matrix_reg_0_31_60_65   |     0.000 |
|       RAM_matrix_reg_0_31_66_71   |     0.000 |
|       RAM_matrix_reg_0_31_6_11    |     0.000 |
|       RAM_matrix_reg_0_31_72_77   |     0.000 |
|       RAM_matrix_reg_0_31_78_83   |     0.000 |
|       RAM_matrix_reg_0_31_84_89   |     0.000 |
|       RAM_matrix_reg_0_31_90_95   |     0.000 |
|       RAM_matrix_reg_0_31_96_101  |     0.000 |
|     WRAM_Z_X                      |    <0.001 |
|       RAM_matrix_reg_0_1_0_5      |     0.000 |
|       RAM_matrix_reg_0_1_102_107  |     0.000 |
|       RAM_matrix_reg_0_1_108_113  |     0.000 |
|       RAM_matrix_reg_0_1_114_119  |     0.000 |
|       RAM_matrix_reg_0_1_120_125  |     0.000 |
|       RAM_matrix_reg_0_1_126_131  |     0.000 |
|       RAM_matrix_reg_0_1_12_17    |     0.000 |
|       RAM_matrix_reg_0_1_132_137  |     0.000 |
|       RAM_matrix_reg_0_1_138_143  |     0.000 |
|       RAM_matrix_reg_0_1_144_149  |     0.000 |
|       RAM_matrix_reg_0_1_150_155  |     0.000 |
|       RAM_matrix_reg_0_1_156_161  |     0.000 |
|       RAM_matrix_reg_0_1_162_167  |     0.000 |
|       RAM_matrix_reg_0_1_168_173  |     0.000 |
|       RAM_matrix_reg_0_1_174_179  |     0.000 |
|       RAM_matrix_reg_0_1_180_185  |     0.000 |
|       RAM_matrix_reg_0_1_186_191  |     0.000 |
|       RAM_matrix_reg_0_1_18_23    |     0.000 |
|       RAM_matrix_reg_0_1_192_197  |     0.000 |
|       RAM_matrix_reg_0_1_198_203  |     0.000 |
|       RAM_matrix_reg_0_1_204_209  |     0.000 |
|       RAM_matrix_reg_0_1_210_215  |     0.000 |
|       RAM_matrix_reg_0_1_216_221  |     0.000 |
|       RAM_matrix_reg_0_1_222_227  |     0.000 |
|       RAM_matrix_reg_0_1_228_233  |     0.000 |
|       RAM_matrix_reg_0_1_234_239  |     0.000 |
|       RAM_matrix_reg_0_1_240_245  |     0.000 |
|       RAM_matrix_reg_0_1_246_251  |     0.000 |
|       RAM_matrix_reg_0_1_24_29    |     0.000 |
|       RAM_matrix_reg_0_1_252_257  |     0.000 |
|       RAM_matrix_reg_0_1_258_263  |     0.000 |
|       RAM_matrix_reg_0_1_264_269  |     0.000 |
|       RAM_matrix_reg_0_1_270_275  |     0.000 |
|       RAM_matrix_reg_0_1_276_281  |     0.000 |
|       RAM_matrix_reg_0_1_282_287  |     0.000 |
|       RAM_matrix_reg_0_1_288_293  |     0.000 |
|       RAM_matrix_reg_0_1_294_299  |     0.000 |
|       RAM_matrix_reg_0_1_300_305  |     0.000 |
|       RAM_matrix_reg_0_1_306_311  |     0.000 |
|       RAM_matrix_reg_0_1_30_35    |     0.000 |
|       RAM_matrix_reg_0_1_312_317  |     0.000 |
|       RAM_matrix_reg_0_1_318_323  |     0.000 |
|       RAM_matrix_reg_0_1_324_329  |     0.000 |
|       RAM_matrix_reg_0_1_330_335  |     0.000 |
|       RAM_matrix_reg_0_1_336_341  |     0.000 |
|       RAM_matrix_reg_0_1_342_347  |     0.000 |
|       RAM_matrix_reg_0_1_348_353  |     0.000 |
|       RAM_matrix_reg_0_1_354_359  |     0.000 |
|       RAM_matrix_reg_0_1_360_365  |     0.000 |
|       RAM_matrix_reg_0_1_366_371  |     0.000 |
|       RAM_matrix_reg_0_1_36_41    |     0.000 |
|       RAM_matrix_reg_0_1_372_377  |     0.000 |
|       RAM_matrix_reg_0_1_378_383  |     0.000 |
|       RAM_matrix_reg_0_1_384_389  |     0.000 |
|       RAM_matrix_reg_0_1_390_395  |     0.000 |
|       RAM_matrix_reg_0_1_396_401  |     0.000 |
|       RAM_matrix_reg_0_1_402_407  |     0.000 |
|       RAM_matrix_reg_0_1_408_413  |     0.000 |
|       RAM_matrix_reg_0_1_414_419  |     0.000 |
|       RAM_matrix_reg_0_1_420_425  |     0.000 |
|       RAM_matrix_reg_0_1_426_431  |     0.000 |
|       RAM_matrix_reg_0_1_42_47    |     0.000 |
|       RAM_matrix_reg_0_1_432_437  |     0.000 |
|       RAM_matrix_reg_0_1_438_443  |     0.000 |
|       RAM_matrix_reg_0_1_444_449  |     0.000 |
|       RAM_matrix_reg_0_1_450_455  |     0.000 |
|       RAM_matrix_reg_0_1_456_461  |     0.000 |
|       RAM_matrix_reg_0_1_462_467  |     0.000 |
|       RAM_matrix_reg_0_1_468_473  |     0.000 |
|       RAM_matrix_reg_0_1_474_479  |     0.000 |
|       RAM_matrix_reg_0_1_480_485  |     0.000 |
|       RAM_matrix_reg_0_1_486_491  |     0.000 |
|       RAM_matrix_reg_0_1_48_53    |     0.000 |
|       RAM_matrix_reg_0_1_492_497  |     0.000 |
|       RAM_matrix_reg_0_1_498_503  |     0.000 |
|       RAM_matrix_reg_0_1_504_509  |     0.000 |
|       RAM_matrix_reg_0_1_510_515  |     0.000 |
|       RAM_matrix_reg_0_1_516_521  |     0.000 |
|       RAM_matrix_reg_0_1_522_527  |     0.000 |
|       RAM_matrix_reg_0_1_528_533  |     0.000 |
|       RAM_matrix_reg_0_1_534_539  |     0.000 |
|       RAM_matrix_reg_0_1_540_545  |     0.000 |
|       RAM_matrix_reg_0_1_546_551  |     0.000 |
|       RAM_matrix_reg_0_1_54_59    |     0.000 |
|       RAM_matrix_reg_0_1_552_557  |     0.000 |
|       RAM_matrix_reg_0_1_558_563  |     0.000 |
|       RAM_matrix_reg_0_1_564_569  |     0.000 |
|       RAM_matrix_reg_0_1_570_575  |     0.000 |
|       RAM_matrix_reg_0_1_60_65    |     0.000 |
|       RAM_matrix_reg_0_1_66_71    |     0.000 |
|       RAM_matrix_reg_0_1_6_11     |     0.000 |
|       RAM_matrix_reg_0_1_72_77    |     0.000 |
|       RAM_matrix_reg_0_1_78_83    |     0.000 |
|       RAM_matrix_reg_0_1_84_89    |     0.000 |
|       RAM_matrix_reg_0_1_90_95    |     0.000 |
|       RAM_matrix_reg_0_1_96_101   |     0.000 |
|     WRAM_Z_Y                      |    <0.001 |
|       RAM_matrix_reg_0_31_0_5     |     0.000 |
|       RAM_matrix_reg_0_31_102_107 |     0.000 |
|       RAM_matrix_reg_0_31_108_113 |     0.000 |
|       RAM_matrix_reg_0_31_114_119 |     0.000 |
|       RAM_matrix_reg_0_31_120_125 |     0.000 |
|       RAM_matrix_reg_0_31_126_131 |     0.000 |
|       RAM_matrix_reg_0_31_12_17   |     0.000 |
|       RAM_matrix_reg_0_31_132_137 |     0.000 |
|       RAM_matrix_reg_0_31_138_143 |     0.000 |
|       RAM_matrix_reg_0_31_144_149 |     0.000 |
|       RAM_matrix_reg_0_31_150_155 |     0.000 |
|       RAM_matrix_reg_0_31_156_161 |     0.000 |
|       RAM_matrix_reg_0_31_162_167 |     0.000 |
|       RAM_matrix_reg_0_31_168_173 |     0.000 |
|       RAM_matrix_reg_0_31_174_179 |     0.000 |
|       RAM_matrix_reg_0_31_180_185 |     0.000 |
|       RAM_matrix_reg_0_31_186_191 |     0.000 |
|       RAM_matrix_reg_0_31_18_23   |     0.000 |
|       RAM_matrix_reg_0_31_192_197 |     0.000 |
|       RAM_matrix_reg_0_31_198_203 |     0.000 |
|       RAM_matrix_reg_0_31_204_209 |     0.000 |
|       RAM_matrix_reg_0_31_210_215 |     0.000 |
|       RAM_matrix_reg_0_31_216_221 |     0.000 |
|       RAM_matrix_reg_0_31_222_227 |     0.000 |
|       RAM_matrix_reg_0_31_228_233 |     0.000 |
|       RAM_matrix_reg_0_31_234_239 |     0.000 |
|       RAM_matrix_reg_0_31_240_245 |     0.000 |
|       RAM_matrix_reg_0_31_246_251 |     0.000 |
|       RAM_matrix_reg_0_31_24_29   |     0.000 |
|       RAM_matrix_reg_0_31_252_257 |     0.000 |
|       RAM_matrix_reg_0_31_258_263 |     0.000 |
|       RAM_matrix_reg_0_31_264_269 |     0.000 |
|       RAM_matrix_reg_0_31_270_275 |     0.000 |
|       RAM_matrix_reg_0_31_276_281 |     0.000 |
|       RAM_matrix_reg_0_31_282_287 |     0.000 |
|       RAM_matrix_reg_0_31_288_293 |     0.000 |
|       RAM_matrix_reg_0_31_294_299 |     0.000 |
|       RAM_matrix_reg_0_31_300_305 |     0.000 |
|       RAM_matrix_reg_0_31_306_311 |     0.000 |
|       RAM_matrix_reg_0_31_30_35   |     0.000 |
|       RAM_matrix_reg_0_31_312_317 |     0.000 |
|       RAM_matrix_reg_0_31_318_323 |     0.000 |
|       RAM_matrix_reg_0_31_324_329 |     0.000 |
|       RAM_matrix_reg_0_31_330_335 |     0.000 |
|       RAM_matrix_reg_0_31_336_341 |     0.000 |
|       RAM_matrix_reg_0_31_342_347 |     0.000 |
|       RAM_matrix_reg_0_31_348_353 |     0.000 |
|       RAM_matrix_reg_0_31_354_359 |     0.000 |
|       RAM_matrix_reg_0_31_360_365 |     0.000 |
|       RAM_matrix_reg_0_31_366_371 |     0.000 |
|       RAM_matrix_reg_0_31_36_41   |     0.000 |
|       RAM_matrix_reg_0_31_372_377 |     0.000 |
|       RAM_matrix_reg_0_31_378_383 |     0.000 |
|       RAM_matrix_reg_0_31_384_389 |     0.000 |
|       RAM_matrix_reg_0_31_390_395 |     0.000 |
|       RAM_matrix_reg_0_31_396_401 |     0.000 |
|       RAM_matrix_reg_0_31_402_407 |     0.000 |
|       RAM_matrix_reg_0_31_408_413 |     0.000 |
|       RAM_matrix_reg_0_31_414_419 |     0.000 |
|       RAM_matrix_reg_0_31_420_425 |     0.000 |
|       RAM_matrix_reg_0_31_426_431 |     0.000 |
|       RAM_matrix_reg_0_31_42_47   |     0.000 |
|       RAM_matrix_reg_0_31_432_437 |     0.000 |
|       RAM_matrix_reg_0_31_438_443 |     0.000 |
|       RAM_matrix_reg_0_31_444_449 |     0.000 |
|       RAM_matrix_reg_0_31_450_455 |     0.000 |
|       RAM_matrix_reg_0_31_456_461 |     0.000 |
|       RAM_matrix_reg_0_31_462_467 |     0.000 |
|       RAM_matrix_reg_0_31_468_473 |     0.000 |
|       RAM_matrix_reg_0_31_474_479 |     0.000 |
|       RAM_matrix_reg_0_31_480_485 |     0.000 |
|       RAM_matrix_reg_0_31_486_491 |     0.000 |
|       RAM_matrix_reg_0_31_48_53   |     0.000 |
|       RAM_matrix_reg_0_31_492_497 |     0.000 |
|       RAM_matrix_reg_0_31_498_503 |     0.000 |
|       RAM_matrix_reg_0_31_504_509 |     0.000 |
|       RAM_matrix_reg_0_31_510_515 |     0.000 |
|       RAM_matrix_reg_0_31_516_521 |     0.000 |
|       RAM_matrix_reg_0_31_522_527 |     0.000 |
|       RAM_matrix_reg_0_31_528_533 |     0.000 |
|       RAM_matrix_reg_0_31_534_539 |     0.000 |
|       RAM_matrix_reg_0_31_540_545 |     0.000 |
|       RAM_matrix_reg_0_31_546_551 |     0.000 |
|       RAM_matrix_reg_0_31_54_59   |     0.000 |
|       RAM_matrix_reg_0_31_552_557 |     0.000 |
|       RAM_matrix_reg_0_31_558_563 |     0.000 |
|       RAM_matrix_reg_0_31_564_569 |     0.000 |
|       RAM_matrix_reg_0_31_570_575 |     0.000 |
|       RAM_matrix_reg_0_31_60_65   |     0.000 |
|       RAM_matrix_reg_0_31_66_71   |     0.000 |
|       RAM_matrix_reg_0_31_6_11    |     0.000 |
|       RAM_matrix_reg_0_31_72_77   |     0.000 |
|       RAM_matrix_reg_0_31_78_83   |     0.000 |
|       RAM_matrix_reg_0_31_84_89   |     0.000 |
|       RAM_matrix_reg_0_31_90_95   |     0.000 |
|       RAM_matrix_reg_0_31_96_101  |     0.000 |
|     genblk1[0].sigmoid_i          |     0.003 |
|     genblk1[10].sigmoid_i         |     0.003 |
|     genblk1[11].sigmoid_i         |     0.003 |
|     genblk1[12].sigmoid_i         |     0.003 |
|     genblk1[13].sigmoid_i         |     0.003 |
|     genblk1[14].sigmoid_i         |     0.003 |
|     genblk1[15].sigmoid_i         |     0.003 |
|     genblk1[16].sigmoid_i         |     0.003 |
|     genblk1[17].sigmoid_i         |     0.003 |
|     genblk1[18].sigmoid_i         |     0.003 |
|     genblk1[19].sigmoid_i         |     0.003 |
|     genblk1[1].sigmoid_i          |     0.003 |
|     genblk1[20].sigmoid_i         |     0.004 |
|     genblk1[21].sigmoid_i         |     0.003 |
|     genblk1[22].sigmoid_i         |     0.003 |
|     genblk1[23].sigmoid_i         |     0.003 |
|     genblk1[24].sigmoid_i         |     0.002 |
|     genblk1[25].sigmoid_i         |     0.003 |
|     genblk1[26].sigmoid_i         |     0.002 |
|     genblk1[27].sigmoid_i         |     0.002 |
|     genblk1[28].sigmoid_i         |     0.003 |
|     genblk1[29].sigmoid_i         |     0.003 |
|     genblk1[2].sigmoid_i          |     0.003 |
|     genblk1[30].sigmoid_i         |     0.002 |
|     genblk1[31].sigmoid_i         |     0.004 |
|     genblk1[3].sigmoid_i          |     0.003 |
|     genblk1[4].sigmoid_i          |     0.003 |
|     genblk1[5].sigmoid_i          |     0.003 |
|     genblk1[6].sigmoid_i          |     0.003 |
|     genblk1[7].sigmoid_i          |     0.003 |
|     genblk1[8].sigmoid_i          |     0.003 |
|     genblk1[9].sigmoid_i          |     0.003 |
|     genblk2[0].tanh_i             |     0.003 |
|     genblk2[10].tanh_i            |     0.003 |
|     genblk2[11].tanh_i            |     0.003 |
|     genblk2[12].tanh_i            |     0.003 |
|     genblk2[13].tanh_i            |     0.003 |
|     genblk2[14].tanh_i            |     0.003 |
|     genblk2[15].tanh_i            |     0.003 |
|     genblk2[16].tanh_i            |     0.003 |
|     genblk2[17].tanh_i            |     0.003 |
|     genblk2[18].tanh_i            |     0.003 |
|     genblk2[19].tanh_i            |     0.003 |
|     genblk2[1].tanh_i             |     0.003 |
|     genblk2[20].tanh_i            |     0.003 |
|     genblk2[21].tanh_i            |     0.002 |
|     genblk2[22].tanh_i            |     0.003 |
|     genblk2[23].tanh_i            |     0.003 |
|     genblk2[24].tanh_i            |     0.003 |
|     genblk2[25].tanh_i            |     0.003 |
|     genblk2[26].tanh_i            |     0.003 |
|     genblk2[27].tanh_i            |     0.003 |
|     genblk2[28].tanh_i            |     0.003 |
|     genblk2[29].tanh_i            |     0.003 |
|     genblk2[2].tanh_i             |     0.003 |
|     genblk2[30].tanh_i            |     0.003 |
|     genblk2[31].tanh_i            |     0.003 |
|     genblk2[3].tanh_i             |     0.003 |
|     genblk2[4].tanh_i             |     0.003 |
|     genblk2[5].tanh_i             |     0.003 |
|     genblk2[6].tanh_i             |     0.003 |
|     genblk2[7].tanh_i             |     0.003 |
|     genblk2[8].tanh_i             |     0.003 |
|     genblk2[9].tanh_i             |     0.003 |
|   PERCEPTRON                      |    <0.001 |
+-----------------------------------+-----------+


