
*** Running vivado
    with args -log gate.vds -m64 -mode batch -messageDb vivado.pb -notrace -source gate.tcl


****** Vivado v2015.4 (64-bit)
  **** SW Build 1412921 on Wed Nov 18 09:44:32 MST 2015
  **** IP Build 1412160 on Tue Nov 17 13:47:24 MST 2015
    ** Copyright 1986-2015 Xilinx, Inc. All Rights Reserved.

source gate.tcl -notrace
Command: synth_design -top gate -part xc7z020clg484-1 -mode out_of_context
Starting synth_design
Attempting to get a license for feature 'Synthesis' and/or device 'xc7z020'
INFO: [Common 17-349] Got license for feature 'Synthesis' and/or device 'xc7z020'
INFO: Launching helper process for spawning children vivado processes
INFO: Helper process launched with PID 6663 
WARNING: [Synth 8-2507] parameter declaration becomes local in dot_prod with formal parameter declaration list [/home/josefonseca/Documents/thesis/verilog/gate/dot_prod.v:14]
WARNING: [Synth 8-2507] parameter declaration becomes local in dot_prod with formal parameter declaration list [/home/josefonseca/Documents/thesis/verilog/gate/dot_prod.v:15]
WARNING: [Synth 8-2507] parameter declaration becomes local in dot_prod with formal parameter declaration list [/home/josefonseca/Documents/thesis/verilog/gate/dot_prod.v:16]
WARNING: [Synth 8-2507] parameter declaration becomes local in dot_prod with formal parameter declaration list [/home/josefonseca/Documents/thesis/verilog/gate/dot_prod.v:17]
WARNING: [Synth 8-2507] parameter declaration becomes local in dot_prod with formal parameter declaration list [/home/josefonseca/Documents/thesis/verilog/gate/dot_prod.v:18]
WARNING: [Synth 8-2507] parameter declaration becomes local in dot_prod with formal parameter declaration list [/home/josefonseca/Documents/thesis/verilog/gate/dot_prod.v:19]
WARNING: [Synth 8-2507] parameter declaration becomes local in dot_prod with formal parameter declaration list [/home/josefonseca/Documents/thesis/verilog/gate/dot_prod.v:20]
WARNING: [Synth 8-2507] parameter declaration becomes local in dot_prod with formal parameter declaration list [/home/josefonseca/Documents/thesis/verilog/gate/dot_prod.v:21]
WARNING: [Synth 8-2507] parameter declaration becomes local in dot_prod with formal parameter declaration list [/home/josefonseca/Documents/thesis/verilog/gate/dot_prod.v:42]
WARNING: [Synth 8-2507] parameter declaration becomes local in dot_prod with formal parameter declaration list [/home/josefonseca/Documents/thesis/verilog/gate/dot_prod.v:43]
WARNING: [Synth 8-2507] parameter declaration becomes local in dot_prod with formal parameter declaration list [/home/josefonseca/Documents/thesis/verilog/gate/dot_prod.v:44]
WARNING: [Synth 8-2507] parameter declaration becomes local in gate with formal parameter declaration list [/home/josefonseca/Documents/thesis/verilog/gate/gate.v:20]
WARNING: [Synth 8-2507] parameter declaration becomes local in gate with formal parameter declaration list [/home/josefonseca/Documents/thesis/verilog/gate/gate.v:21]
WARNING: [Synth 8-2507] parameter declaration becomes local in gate with formal parameter declaration list [/home/josefonseca/Documents/thesis/verilog/gate/gate.v:22]
WARNING: [Synth 8-2507] parameter declaration becomes local in gate with formal parameter declaration list [/home/josefonseca/Documents/thesis/verilog/gate/gate.v:23]
WARNING: [Synth 8-2507] parameter declaration becomes local in gate with formal parameter declaration list [/home/josefonseca/Documents/thesis/verilog/gate/gate.v:26]
WARNING: [Synth 8-2507] parameter declaration becomes local in gate with formal parameter declaration list [/home/josefonseca/Documents/thesis/verilog/gate/gate.v:27]
WARNING: [Synth 8-2507] parameter declaration becomes local in gate with formal parameter declaration list [/home/josefonseca/Documents/thesis/verilog/gate/gate.v:28]
WARNING: [Synth 8-2507] parameter declaration becomes local in gate with formal parameter declaration list [/home/josefonseca/Documents/thesis/verilog/gate/gate.v:29]
WARNING: [Synth 8-2507] parameter declaration becomes local in gate with formal parameter declaration list [/home/josefonseca/Documents/thesis/verilog/gate/gate.v:30]
---------------------------------------------------------------------------------
Starting Synthesize : Time (s): cpu = 00:00:04 ; elapsed = 00:00:05 . Memory (MB): peak = 1037.543 ; gain = 191.926 ; free physical = 2455 ; free virtual = 8625
---------------------------------------------------------------------------------
INFO: [Synth 8-638] synthesizing module 'gate' [/home/josefonseca/Documents/thesis/verilog/gate/gate.v:1]
	Parameter INPUT_SZ bound to: 8 - type: integer 
	Parameter HIDDEN_SZ bound to: 16 - type: integer 
	Parameter QN bound to: 6 - type: integer 
	Parameter QM bound to: 11 - type: integer 
	Parameter DSP48_PER_ROW bound to: 2 - type: integer 
	Parameter BITWIDTH bound to: 18 - type: integer 
	Parameter LAYER_BITWIDTH bound to: 288 - type: integer 
	Parameter ADDR_BITWIDTH_X bound to: 3 - type: integer 
	Parameter ADDR_BITWIDTH bound to: 4 - type: integer 
	Parameter IDLE bound to: 3'b000 
	Parameter CALC_XandY bound to: 3'b001 
	Parameter SUM_X bound to: 3'b010 
	Parameter CALC_Y bound to: 3'b011 
	Parameter SUM_Y bound to: 3'b100 
INFO: [Synth 8-638] synthesizing module 'dot_prod' [/home/josefonseca/Documents/thesis/verilog/gate/dot_prod.v:1]
	Parameter NROW bound to: 16 - type: integer 
	Parameter NCOL bound to: 8 - type: integer 
	Parameter QN bound to: 6 - type: integer 
	Parameter QM bound to: 11 - type: integer 
	Parameter DSP48_PER_ROW bound to: 2 - type: integer 
	Parameter BITWIDTH bound to: 18 - type: integer 
	Parameter ADDR_BITWIDTH bound to: 3 - type: integer 
	Parameter LAYER_BITWIDTH bound to: 288 - type: integer 
	Parameter N_DSP48 bound to: 8 - type: integer 
	Parameter DSP48_INPUT_BITWIDTH bound to: 144 - type: integer 
	Parameter DSP48_OUTPUT_BITWIDTH bound to: 296 - type: integer 
	Parameter MAC_BITWIDTH bound to: 37 - type: integer 
	Parameter MUX_BITWIDTH bound to: 1 - type: integer 
	Parameter IDLE bound to: 2'b00 
	Parameter CALC bound to: 2'b01 
	Parameter END bound to: 2'b10 
INFO: [Synth 8-256] done synthesizing module 'dot_prod' (1#1) [/home/josefonseca/Documents/thesis/verilog/gate/dot_prod.v:1]
INFO: [Synth 8-638] synthesizing module 'dot_prod__parameterized0' [/home/josefonseca/Documents/thesis/verilog/gate/dot_prod.v:1]
	Parameter NROW bound to: 16 - type: integer 
	Parameter NCOL bound to: 16 - type: integer 
	Parameter QN bound to: 6 - type: integer 
	Parameter QM bound to: 11 - type: integer 
	Parameter DSP48_PER_ROW bound to: 2 - type: integer 
	Parameter BITWIDTH bound to: 18 - type: integer 
	Parameter ADDR_BITWIDTH bound to: 4 - type: integer 
	Parameter LAYER_BITWIDTH bound to: 288 - type: integer 
	Parameter N_DSP48 bound to: 8 - type: integer 
	Parameter DSP48_INPUT_BITWIDTH bound to: 144 - type: integer 
	Parameter DSP48_OUTPUT_BITWIDTH bound to: 296 - type: integer 
	Parameter MAC_BITWIDTH bound to: 37 - type: integer 
	Parameter MUX_BITWIDTH bound to: 1 - type: integer 
	Parameter IDLE bound to: 2'b00 
	Parameter CALC bound to: 2'b01 
	Parameter END bound to: 2'b10 
INFO: [Synth 8-256] done synthesizing module 'dot_prod__parameterized0' (1#1) [/home/josefonseca/Documents/thesis/verilog/gate/dot_prod.v:1]
INFO: [Synth 8-256] done synthesizing module 'gate' (2#1) [/home/josefonseca/Documents/thesis/verilog/gate/gate.v:1]
---------------------------------------------------------------------------------
Finished Synthesize : Time (s): cpu = 00:00:05 ; elapsed = 00:00:06 . Memory (MB): peak = 1069.801 ; gain = 224.184 ; free physical = 2421 ; free virtual = 8592
---------------------------------------------------------------------------------
---------------------------------------------------------------------------------
Finished Constraint Validation : Time (s): cpu = 00:00:05 ; elapsed = 00:00:06 . Memory (MB): peak = 1069.801 ; gain = 224.184 ; free physical = 2418 ; free virtual = 8588
---------------------------------------------------------------------------------
---------------------------------------------------------------------------------
Start Loading Part and Timing Information
---------------------------------------------------------------------------------
Loading part: xc7z020clg484-1
---------------------------------------------------------------------------------
Finished Loading Part and Timing Information : Time (s): cpu = 00:00:05 ; elapsed = 00:00:06 . Memory (MB): peak = 1077.801 ; gain = 232.184 ; free physical = 2418 ; free virtual = 8588
---------------------------------------------------------------------------------
INFO: [Device 21-403] Loading part xc7z020clg484-1
INFO: [Synth 8-5544] ROM "NEXTrowMux" won't be mapped to Block RAM because address size (3) smaller than threshold (5)
INFO: [Synth 8-5544] ROM "NEXTrowMux" won't be mapped to Block RAM because address size (4) smaller than threshold (5)
INFO: [Synth 8-802] inferred FSM for state register 'state_reg' in module 'gate'
INFO: [Synth 8-5544] ROM "dataReady_gate" won't be mapped to Block RAM because address size (3) smaller than threshold (5)
INFO: [Synth 8-5544] ROM "enable_dotprodY" won't be mapped to Block RAM because address size (3) smaller than threshold (5)
INFO: [Synth 8-5544] ROM "enable_dotprodX" won't be mapped to Block RAM because address size (3) smaller than threshold (5)
INFO: [Synth 8-5544] ROM "NEXTstate" won't be mapped to Block RAM because address size (1) smaller than threshold (5)
INFO: [Synth 8-5544] ROM "NEXTstate" won't be mapped to Block RAM because address size (1) smaller than threshold (5)
---------------------------------------------------------------------------------------------------
                   State |                     New Encoding |                Previous Encoding 
---------------------------------------------------------------------------------------------------
                    IDLE |                              000 |                              000
              CALC_XandY |                              001 |                              001
                   SUM_X |                              010 |                              010
                  CALC_Y |                              011 |                              011
                   SUM_Y |                              100 |                              100
---------------------------------------------------------------------------------------------------
INFO: [Synth 8-3354] encoded FSM with state register 'state_reg' using encoding 'sequential' in module 'gate'
---------------------------------------------------------------------------------
Finished RTL Optimization Phase 2 : Time (s): cpu = 00:00:06 ; elapsed = 00:00:07 . Memory (MB): peak = 1139.824 ; gain = 294.207 ; free physical = 2359 ; free virtual = 8529
---------------------------------------------------------------------------------

Report RTL Partitions: 
+------+--------------+------------+----------+
|      |RTL Partition |Replication |Instances |
+------+--------------+------------+----------+
|1     |gate__GB0     |           1|     48003|
|2     |gate__GB1     |           1|     47968|
+------+--------------+------------+----------+
No constraint files found.
---------------------------------------------------------------------------------
Start RTL Component Statistics 
---------------------------------------------------------------------------------
Detailed RTL Component Info : 
+---Adders : 
	   2 Input     18 Bit       Adders := 48    
	   2 Input      4 Bit       Adders := 1     
	   2 Input      3 Bit       Adders := 1     
	   2 Input      1 Bit       Adders := 2     
+---Registers : 
	              288 Bit    Registers := 4     
	                4 Bit    Registers := 1     
	                3 Bit    Registers := 1     
	                2 Bit    Registers := 2     
	                1 Bit    Registers := 16    
+---Multipliers : 
	                36x41  Multipliers := 16    
+---Muxes : 
	   2 Input    288 Bit        Muxes := 2     
	   2 Input     18 Bit        Muxes := 32    
	   4 Input      4 Bit        Muxes := 1     
	   8 Input      3 Bit        Muxes := 1     
	   4 Input      3 Bit        Muxes := 1     
	   5 Input      2 Bit        Muxes := 2     
	   5 Input      1 Bit        Muxes := 5     
	   4 Input      1 Bit        Muxes := 6     
---------------------------------------------------------------------------------
Finished RTL Component Statistics 
---------------------------------------------------------------------------------
---------------------------------------------------------------------------------
Start RTL Hierarchical Component Statistics 
---------------------------------------------------------------------------------
Hierarchical RTL Component report 
Module gate 
Detailed RTL Component Info : 
+---Adders : 
	   2 Input     18 Bit       Adders := 32    
+---Registers : 
	              288 Bit    Registers := 2     
+---Muxes : 
	   8 Input      3 Bit        Muxes := 1     
	   5 Input      1 Bit        Muxes := 3     
Module dot_prod__parameterized0 
Detailed RTL Component Info : 
+---Adders : 
	   2 Input     18 Bit       Adders := 8     
	   2 Input      4 Bit       Adders := 1     
	   2 Input      1 Bit       Adders := 1     
+---Registers : 
	              288 Bit    Registers := 1     
	                4 Bit    Registers := 1     
	                2 Bit    Registers := 1     
	                1 Bit    Registers := 8     
+---Multipliers : 
	                36x41  Multipliers := 8     
+---Muxes : 
	   2 Input    288 Bit        Muxes := 1     
	   2 Input     18 Bit        Muxes := 16    
	   4 Input      4 Bit        Muxes := 1     
	   5 Input      2 Bit        Muxes := 1     
	   5 Input      1 Bit        Muxes := 1     
	   4 Input      1 Bit        Muxes := 3     
Module dot_prod 
Detailed RTL Component Info : 
+---Adders : 
	   2 Input     18 Bit       Adders := 8     
	   2 Input      3 Bit       Adders := 1     
	   2 Input      1 Bit       Adders := 1     
+---Registers : 
	              288 Bit    Registers := 1     
	                3 Bit    Registers := 1     
	                2 Bit    Registers := 1     
	                1 Bit    Registers := 8     
+---Multipliers : 
	                36x41  Multipliers := 8     
+---Muxes : 
	   2 Input    288 Bit        Muxes := 1     
	   2 Input     18 Bit        Muxes := 16    
	   4 Input      3 Bit        Muxes := 1     
	   5 Input      2 Bit        Muxes := 1     
	   5 Input      1 Bit        Muxes := 1     
	   4 Input      1 Bit        Muxes := 3     
---------------------------------------------------------------------------------
Finished RTL Hierarchical Component Statistics
---------------------------------------------------------------------------------
---------------------------------------------------------------------------------
Start Part Resource Summary
---------------------------------------------------------------------------------
Part Resources:
DSPs: 220 (col length:60)
BRAMs: 280 (col length: RAMB18 60 RAMB36 30)
---------------------------------------------------------------------------------
Finished Part Resource Summary
---------------------------------------------------------------------------------
Start Parallel Synthesis Optimization  : Time (s): cpu = 00:00:08 ; elapsed = 00:00:08 . Memory (MB): peak = 1217.148 ; gain = 371.531 ; free physical = 2280 ; free virtual = 8451
---------------------------------------------------------------------------------
Start Cross Boundary Optimization
---------------------------------------------------------------------------------
INFO: [Synth 8-4471] merging register 'rowMux_reg[0:0]' into 'rowMux_reg[0:0]' [/home/josefonseca/Documents/thesis/verilog/gate/dot_prod.v:51]
INFO: [Synth 8-4471] merging register 'rowMux_reg[0:0]' into 'rowMux_reg[0:0]' [/home/josefonseca/Documents/thesis/verilog/gate/dot_prod.v:51]
INFO: [Synth 8-4471] merging register 'rowMux_reg[0:0]' into 'rowMux_reg[0:0]' [/home/josefonseca/Documents/thesis/verilog/gate/dot_prod.v:51]
INFO: [Synth 8-4471] merging register 'rowMux_reg[0:0]' into 'rowMux_reg[0:0]' [/home/josefonseca/Documents/thesis/verilog/gate/dot_prod.v:51]
INFO: [Synth 8-4471] merging register 'rowMux_reg[0:0]' into 'rowMux_reg[0:0]' [/home/josefonseca/Documents/thesis/verilog/gate/dot_prod.v:51]
INFO: [Synth 8-4471] merging register 'rowMux_reg[0:0]' into 'rowMux_reg[0:0]' [/home/josefonseca/Documents/thesis/verilog/gate/dot_prod.v:51]
INFO: [Synth 8-4471] merging register 'rowMux_reg[0:0]' into 'rowMux_reg[0:0]' [/home/josefonseca/Documents/thesis/verilog/gate/dot_prod.v:51]
INFO: [Synth 8-4471] merging register 'rowMux_reg[0:0]' into 'rowMux_reg[0:0]' [/home/josefonseca/Documents/thesis/verilog/gate/dot_prod.v:51]
DSP Report: Generating DSP outputVector10, operation Mode is: A*B.
DSP Report: operator outputVector10 is absorbed into DSP outputVector10.
DSP Report: operator outputVector10 is absorbed into DSP outputVector10.
DSP Report: Generating DSP outputVector10, operation Mode is: (PCIN>>17)+A*B.
DSP Report: operator outputVector10 is absorbed into DSP outputVector10.
DSP Report: operator outputVector10 is absorbed into DSP outputVector10.
DSP Report: Generating DSP outputVector10, operation Mode is: A*B.
DSP Report: operator outputVector10 is absorbed into DSP outputVector10.
DSP Report: operator outputVector10 is absorbed into DSP outputVector10.
DSP Report: Generating DSP outputVector10, operation Mode is: (PCIN>>17)+A*B.
DSP Report: operator outputVector10 is absorbed into DSP outputVector10.
DSP Report: operator outputVector10 is absorbed into DSP outputVector10.
DSP Report: Generating DSP outputVector9, operation Mode is: A*B.
DSP Report: operator outputVector9 is absorbed into DSP outputVector9.
DSP Report: operator outputVector9 is absorbed into DSP outputVector9.
DSP Report: Generating DSP outputVector9, operation Mode is: (PCIN>>17)+A*B.
DSP Report: operator outputVector9 is absorbed into DSP outputVector9.
DSP Report: operator outputVector9 is absorbed into DSP outputVector9.
DSP Report: Generating DSP outputVector9, operation Mode is: A*B.
DSP Report: operator outputVector9 is absorbed into DSP outputVector9.
DSP Report: operator outputVector9 is absorbed into DSP outputVector9.
DSP Report: Generating DSP outputVector9, operation Mode is: (PCIN>>17)+A*B.
DSP Report: operator outputVector9 is absorbed into DSP outputVector9.
DSP Report: operator outputVector9 is absorbed into DSP outputVector9.
DSP Report: Generating DSP outputVector8, operation Mode is: A*B.
DSP Report: operator outputVector8 is absorbed into DSP outputVector8.
DSP Report: operator outputVector8 is absorbed into DSP outputVector8.
DSP Report: Generating DSP outputVector8, operation Mode is: (PCIN>>17)+A*B.
DSP Report: operator outputVector8 is absorbed into DSP outputVector8.
DSP Report: operator outputVector8 is absorbed into DSP outputVector8.
DSP Report: Generating DSP outputVector8, operation Mode is: A*B.
DSP Report: operator outputVector8 is absorbed into DSP outputVector8.
DSP Report: operator outputVector8 is absorbed into DSP outputVector8.
DSP Report: Generating DSP outputVector8, operation Mode is: (PCIN>>17)+A*B.
DSP Report: operator outputVector8 is absorbed into DSP outputVector8.
DSP Report: operator outputVector8 is absorbed into DSP outputVector8.
DSP Report: Generating DSP outputVector7, operation Mode is: A*B.
DSP Report: operator outputVector7 is absorbed into DSP outputVector7.
DSP Report: operator outputVector7 is absorbed into DSP outputVector7.
DSP Report: Generating DSP outputVector7, operation Mode is: (PCIN>>17)+A*B.
DSP Report: operator outputVector7 is absorbed into DSP outputVector7.
DSP Report: operator outputVector7 is absorbed into DSP outputVector7.
DSP Report: Generating DSP outputVector7, operation Mode is: A*B.
DSP Report: operator outputVector7 is absorbed into DSP outputVector7.
DSP Report: operator outputVector7 is absorbed into DSP outputVector7.
DSP Report: Generating DSP outputVector7, operation Mode is: (PCIN>>17)+A*B.
DSP Report: operator outputVector7 is absorbed into DSP outputVector7.
DSP Report: operator outputVector7 is absorbed into DSP outputVector7.
DSP Report: Generating DSP outputVector6, operation Mode is: A*B.
DSP Report: operator outputVector6 is absorbed into DSP outputVector6.
DSP Report: operator outputVector6 is absorbed into DSP outputVector6.
DSP Report: Generating DSP outputVector6, operation Mode is: (PCIN>>17)+A*B.
DSP Report: operator outputVector6 is absorbed into DSP outputVector6.
DSP Report: operator outputVector6 is absorbed into DSP outputVector6.
DSP Report: Generating DSP outputVector6, operation Mode is: A*B.
DSP Report: operator outputVector6 is absorbed into DSP outputVector6.
DSP Report: operator outputVector6 is absorbed into DSP outputVector6.
DSP Report: Generating DSP outputVector6, operation Mode is: (PCIN>>17)+A*B.
DSP Report: operator outputVector6 is absorbed into DSP outputVector6.
DSP Report: operator outputVector6 is absorbed into DSP outputVector6.
DSP Report: Generating DSP outputVector5, operation Mode is: A*B.
DSP Report: operator outputVector5 is absorbed into DSP outputVector5.
DSP Report: operator outputVector5 is absorbed into DSP outputVector5.
DSP Report: Generating DSP outputVector5, operation Mode is: (PCIN>>17)+A*B.
DSP Report: operator outputVector5 is absorbed into DSP outputVector5.
DSP Report: operator outputVector5 is absorbed into DSP outputVector5.
DSP Report: Generating DSP outputVector5, operation Mode is: A*B.
DSP Report: operator outputVector5 is absorbed into DSP outputVector5.
DSP Report: operator outputVector5 is absorbed into DSP outputVector5.
DSP Report: Generating DSP outputVector5, operation Mode is: (PCIN>>17)+A*B.
DSP Report: operator outputVector5 is absorbed into DSP outputVector5.
DSP Report: operator outputVector5 is absorbed into DSP outputVector5.
DSP Report: Generating DSP outputVector4, operation Mode is: A*B.
DSP Report: operator outputVector4 is absorbed into DSP outputVector4.
DSP Report: operator outputVector4 is absorbed into DSP outputVector4.
DSP Report: Generating DSP outputVector4, operation Mode is: (PCIN>>17)+A*B.
DSP Report: operator outputVector4 is absorbed into DSP outputVector4.
DSP Report: operator outputVector4 is absorbed into DSP outputVector4.
DSP Report: Generating DSP outputVector4, operation Mode is: A*B.
DSP Report: operator outputVector4 is absorbed into DSP outputVector4.
DSP Report: operator outputVector4 is absorbed into DSP outputVector4.
DSP Report: Generating DSP outputVector4, operation Mode is: (PCIN>>17)+A*B.
DSP Report: operator outputVector4 is absorbed into DSP outputVector4.
DSP Report: operator outputVector4 is absorbed into DSP outputVector4.
DSP Report: Generating DSP outputVector3, operation Mode is: A*B.
DSP Report: operator outputVector3 is absorbed into DSP outputVector3.
DSP Report: operator outputVector3 is absorbed into DSP outputVector3.
DSP Report: Generating DSP outputVector3, operation Mode is: (PCIN>>17)+A*B.
DSP Report: operator outputVector3 is absorbed into DSP outputVector3.
DSP Report: operator outputVector3 is absorbed into DSP outputVector3.
DSP Report: Generating DSP outputVector3, operation Mode is: A*B.
DSP Report: operator outputVector3 is absorbed into DSP outputVector3.
DSP Report: operator outputVector3 is absorbed into DSP outputVector3.
DSP Report: Generating DSP outputVector3, operation Mode is: (PCIN>>17)+A*B.
DSP Report: operator outputVector3 is absorbed into DSP outputVector3.
DSP Report: operator outputVector3 is absorbed into DSP outputVector3.
INFO: [Synth 8-4471] merging register 'rowMux_reg[0:0]' into 'rowMux_reg[0:0]' [/home/josefonseca/Documents/thesis/verilog/gate/dot_prod.v:51]
INFO: [Synth 8-4471] merging register 'rowMux_reg[0:0]' into 'rowMux_reg[0:0]' [/home/josefonseca/Documents/thesis/verilog/gate/dot_prod.v:51]
INFO: [Synth 8-4471] merging register 'rowMux_reg[0:0]' into 'rowMux_reg[0:0]' [/home/josefonseca/Documents/thesis/verilog/gate/dot_prod.v:51]
INFO: [Synth 8-4471] merging register 'rowMux_reg[0:0]' into 'rowMux_reg[0:0]' [/home/josefonseca/Documents/thesis/verilog/gate/dot_prod.v:51]
INFO: [Synth 8-4471] merging register 'rowMux_reg[0:0]' into 'rowMux_reg[0:0]' [/home/josefonseca/Documents/thesis/verilog/gate/dot_prod.v:51]
INFO: [Synth 8-4471] merging register 'rowMux_reg[0:0]' into 'rowMux_reg[0:0]' [/home/josefonseca/Documents/thesis/verilog/gate/dot_prod.v:51]
INFO: [Synth 8-4471] merging register 'rowMux_reg[0:0]' into 'rowMux_reg[0:0]' [/home/josefonseca/Documents/thesis/verilog/gate/dot_prod.v:51]
INFO: [Synth 8-4471] merging register 'rowMux_reg[0:0]' into 'rowMux_reg[0:0]' [/home/josefonseca/Documents/thesis/verilog/gate/dot_prod.v:51]
DSP Report: Generating DSP outputVector10, operation Mode is: A*B.
DSP Report: operator outputVector10 is absorbed into DSP outputVector10.
DSP Report: operator outputVector10 is absorbed into DSP outputVector10.
DSP Report: Generating DSP outputVector10, operation Mode is: (PCIN>>17)+A*B.
DSP Report: operator outputVector10 is absorbed into DSP outputVector10.
DSP Report: operator outputVector10 is absorbed into DSP outputVector10.
DSP Report: Generating DSP outputVector10, operation Mode is: A*B.
DSP Report: operator outputVector10 is absorbed into DSP outputVector10.
DSP Report: operator outputVector10 is absorbed into DSP outputVector10.
DSP Report: Generating DSP outputVector10, operation Mode is: (PCIN>>17)+A*B.
DSP Report: operator outputVector10 is absorbed into DSP outputVector10.
DSP Report: operator outputVector10 is absorbed into DSP outputVector10.
DSP Report: Generating DSP outputVector9, operation Mode is: A*B.
DSP Report: operator outputVector9 is absorbed into DSP outputVector9.
DSP Report: operator outputVector9 is absorbed into DSP outputVector9.
DSP Report: Generating DSP outputVector9, operation Mode is: (PCIN>>17)+A*B.
DSP Report: operator outputVector9 is absorbed into DSP outputVector9.
DSP Report: operator outputVector9 is absorbed into DSP outputVector9.
DSP Report: Generating DSP outputVector9, operation Mode is: A*B.
DSP Report: operator outputVector9 is absorbed into DSP outputVector9.
DSP Report: operator outputVector9 is absorbed into DSP outputVector9.
DSP Report: Generating DSP outputVector9, operation Mode is: (PCIN>>17)+A*B.
DSP Report: operator outputVector9 is absorbed into DSP outputVector9.
DSP Report: operator outputVector9 is absorbed into DSP outputVector9.
DSP Report: Generating DSP outputVector8, operation Mode is: A*B.
DSP Report: operator outputVector8 is absorbed into DSP outputVector8.
DSP Report: operator outputVector8 is absorbed into DSP outputVector8.
DSP Report: Generating DSP outputVector8, operation Mode is: (PCIN>>17)+A*B.
DSP Report: operator outputVector8 is absorbed into DSP outputVector8.
DSP Report: operator outputVector8 is absorbed into DSP outputVector8.
DSP Report: Generating DSP outputVector8, operation Mode is: A*B.
DSP Report: operator outputVector8 is absorbed into DSP outputVector8.
DSP Report: operator outputVector8 is absorbed into DSP outputVector8.
DSP Report: Generating DSP outputVector8, operation Mode is: (PCIN>>17)+A*B.
DSP Report: operator outputVector8 is absorbed into DSP outputVector8.
DSP Report: operator outputVector8 is absorbed into DSP outputVector8.
DSP Report: Generating DSP outputVector7, operation Mode is: A*B.
DSP Report: operator outputVector7 is absorbed into DSP outputVector7.
DSP Report: operator outputVector7 is absorbed into DSP outputVector7.
DSP Report: Generating DSP outputVector7, operation Mode is: (PCIN>>17)+A*B.
DSP Report: operator outputVector7 is absorbed into DSP outputVector7.
DSP Report: operator outputVector7 is absorbed into DSP outputVector7.
DSP Report: Generating DSP outputVector7, operation Mode is: A*B.
DSP Report: operator outputVector7 is absorbed into DSP outputVector7.
DSP Report: operator outputVector7 is absorbed into DSP outputVector7.
DSP Report: Generating DSP outputVector7, operation Mode is: (PCIN>>17)+A*B.
DSP Report: operator outputVector7 is absorbed into DSP outputVector7.
DSP Report: operator outputVector7 is absorbed into DSP outputVector7.
DSP Report: Generating DSP outputVector6, operation Mode is: A*B.
DSP Report: operator outputVector6 is absorbed into DSP outputVector6.
DSP Report: operator outputVector6 is absorbed into DSP outputVector6.
DSP Report: Generating DSP outputVector6, operation Mode is: (PCIN>>17)+A*B.
DSP Report: operator outputVector6 is absorbed into DSP outputVector6.
DSP Report: operator outputVector6 is absorbed into DSP outputVector6.
DSP Report: Generating DSP outputVector6, operation Mode is: A*B.
DSP Report: operator outputVector6 is absorbed into DSP outputVector6.
DSP Report: operator outputVector6 is absorbed into DSP outputVector6.
DSP Report: Generating DSP outputVector6, operation Mode is: (PCIN>>17)+A*B.
DSP Report: operator outputVector6 is absorbed into DSP outputVector6.
DSP Report: operator outputVector6 is absorbed into DSP outputVector6.
DSP Report: Generating DSP outputVector5, operation Mode is: A*B.
DSP Report: operator outputVector5 is absorbed into DSP outputVector5.
DSP Report: operator outputVector5 is absorbed into DSP outputVector5.
DSP Report: Generating DSP outputVector5, operation Mode is: (PCIN>>17)+A*B.
DSP Report: operator outputVector5 is absorbed into DSP outputVector5.
DSP Report: operator outputVector5 is absorbed into DSP outputVector5.
DSP Report: Generating DSP outputVector5, operation Mode is: A*B.
DSP Report: operator outputVector5 is absorbed into DSP outputVector5.
DSP Report: operator outputVector5 is absorbed into DSP outputVector5.
DSP Report: Generating DSP outputVector5, operation Mode is: (PCIN>>17)+A*B.
DSP Report: operator outputVector5 is absorbed into DSP outputVector5.
DSP Report: operator outputVector5 is absorbed into DSP outputVector5.
DSP Report: Generating DSP outputVector4, operation Mode is: A*B.
DSP Report: operator outputVector4 is absorbed into DSP outputVector4.
DSP Report: operator outputVector4 is absorbed into DSP outputVector4.
DSP Report: Generating DSP outputVector4, operation Mode is: (PCIN>>17)+A*B.
DSP Report: operator outputVector4 is absorbed into DSP outputVector4.
DSP Report: operator outputVector4 is absorbed into DSP outputVector4.
DSP Report: Generating DSP outputVector4, operation Mode is: A*B.
DSP Report: operator outputVector4 is absorbed into DSP outputVector4.
DSP Report: operator outputVector4 is absorbed into DSP outputVector4.
DSP Report: Generating DSP outputVector4, operation Mode is: (PCIN>>17)+A*B.
DSP Report: operator outputVector4 is absorbed into DSP outputVector4.
DSP Report: operator outputVector4 is absorbed into DSP outputVector4.
DSP Report: Generating DSP outputVector3, operation Mode is: A*B.
DSP Report: operator outputVector3 is absorbed into DSP outputVector3.
DSP Report: operator outputVector3 is absorbed into DSP outputVector3.
DSP Report: Generating DSP outputVector3, operation Mode is: (PCIN>>17)+A*B.
DSP Report: operator outputVector3 is absorbed into DSP outputVector3.
DSP Report: operator outputVector3 is absorbed into DSP outputVector3.
DSP Report: Generating DSP outputVector3, operation Mode is: A*B.
DSP Report: operator outputVector3 is absorbed into DSP outputVector3.
DSP Report: operator outputVector3 is absorbed into DSP outputVector3.
DSP Report: Generating DSP outputVector3, operation Mode is: (PCIN>>17)+A*B.
DSP Report: operator outputVector3 is absorbed into DSP outputVector3.
DSP Report: operator outputVector3 is absorbed into DSP outputVector3.
---------------------------------------------------------------------------------
Finished Cross Boundary Optimization : Time (s): cpu = 00:00:09 ; elapsed = 00:00:10 . Memory (MB): peak = 1225.148 ; gain = 379.531 ; free physical = 2269 ; free virtual = 8439
---------------------------------------------------------------------------------
Finished Parallel Reinference  : Time (s): cpu = 00:00:09 ; elapsed = 00:00:10 . Memory (MB): peak = 1225.148 ; gain = 379.531 ; free physical = 2269 ; free virtual = 8439

Report RTL Partitions: 
+------+--------------+------------+----------+
|      |RTL Partition |Replication |Instances |
+------+--------------+------------+----------+
|1     |gate__GB0     |           1|     25834|
|2     |gate__GB1     |           1|     25799|
+------+--------------+------------+----------+
---------------------------------------------------------------------------------
Start ROM, RAM, DSP and Shift Register Reporting
---------------------------------------------------------------------------------

DSP:
+------------+----------------+--------------+--------+--------+--------+--------+--------+------+------+------+------+-------+------+------+
|Module Name | DSP Mapping    | Neg Edge Clk | A Size | B Size | C Size | D Size | P Size | AREG | BREG | CREG | DREG | ADREG | MREG | PREG | 
+------------+----------------+--------------+--------+--------+--------+--------+--------+------+------+------+------+-------+------+------+
|dot_prod    | A*B            | No           | 18     | 13     | 48     | 25     | 48     | 0    | 0    | 1    | 1    | 1     | 0    | 0    | 
|dot_prod    | (PCIN>>17)+A*B | No           | 13     | 13     | 48     | 25     | 48     | 0    | 0    | 1    | 1    | 1     | 0    | 0    | 
|dot_prod    | A*B            | No           | 18     | 18     | 48     | 25     | 48     | 0    | 0    | 1    | 1    | 1     | 0    | 0    | 
|dot_prod    | (PCIN>>17)+A*B | No           | 18     | 13     | 48     | 25     | 48     | 0    | 0    | 1    | 1    | 1     | 0    | 0    | 
|dot_prod    | A*B            | No           | 18     | 13     | 48     | 25     | 48     | 0    | 0    | 1    | 1    | 1     | 0    | 0    | 
|dot_prod    | (PCIN>>17)+A*B | No           | 13     | 13     | 48     | 25     | 48     | 0    | 0    | 1    | 1    | 1     | 0    | 0    | 
|dot_prod    | A*B            | No           | 18     | 18     | 48     | 25     | 48     | 0    | 0    | 1    | 1    | 1     | 0    | 0    | 
|dot_prod    | (PCIN>>17)+A*B | No           | 18     | 13     | 48     | 25     | 48     | 0    | 0    | 1    | 1    | 1     | 0    | 0    | 
|dot_prod    | A*B            | No           | 18     | 13     | 48     | 25     | 48     | 0    | 0    | 1    | 1    | 1     | 0    | 0    | 
|dot_prod    | (PCIN>>17)+A*B | No           | 13     | 13     | 48     | 25     | 48     | 0    | 0    | 1    | 1    | 1     | 0    | 0    | 
|dot_prod    | A*B            | No           | 18     | 18     | 48     | 25     | 48     | 0    | 0    | 1    | 1    | 1     | 0    | 0    | 
|dot_prod    | (PCIN>>17)+A*B | No           | 18     | 13     | 48     | 25     | 48     | 0    | 0    | 1    | 1    | 1     | 0    | 0    | 
|dot_prod    | A*B            | No           | 18     | 13     | 48     | 25     | 48     | 0    | 0    | 1    | 1    | 1     | 0    | 0    | 
|dot_prod    | (PCIN>>17)+A*B | No           | 13     | 13     | 48     | 25     | 48     | 0    | 0    | 1    | 1    | 1     | 0    | 0    | 
|dot_prod    | A*B            | No           | 18     | 18     | 48     | 25     | 48     | 0    | 0    | 1    | 1    | 1     | 0    | 0    | 
|dot_prod    | (PCIN>>17)+A*B | No           | 18     | 13     | 48     | 25     | 48     | 0    | 0    | 1    | 1    | 1     | 0    | 0    | 
|dot_prod    | A*B            | No           | 18     | 13     | 48     | 25     | 48     | 0    | 0    | 1    | 1    | 1     | 0    | 0    | 
|dot_prod    | (PCIN>>17)+A*B | No           | 13     | 13     | 48     | 25     | 48     | 0    | 0    | 1    | 1    | 1     | 0    | 0    | 
|dot_prod    | A*B            | No           | 18     | 18     | 48     | 25     | 48     | 0    | 0    | 1    | 1    | 1     | 0    | 0    | 
|dot_prod    | (PCIN>>17)+A*B | No           | 18     | 13     | 48     | 25     | 48     | 0    | 0    | 1    | 1    | 1     | 0    | 0    | 
|dot_prod    | A*B            | No           | 18     | 13     | 48     | 25     | 48     | 0    | 0    | 1    | 1    | 1     | 0    | 0    | 
|dot_prod    | (PCIN>>17)+A*B | No           | 13     | 13     | 48     | 25     | 48     | 0    | 0    | 1    | 1    | 1     | 0    | 0    | 
|dot_prod    | A*B            | No           | 18     | 18     | 48     | 25     | 48     | 0    | 0    | 1    | 1    | 1     | 0    | 0    | 
|dot_prod    | (PCIN>>17)+A*B | No           | 18     | 13     | 48     | 25     | 48     | 0    | 0    | 1    | 1    | 1     | 0    | 0    | 
|dot_prod    | A*B            | No           | 18     | 13     | 48     | 25     | 48     | 0    | 0    | 1    | 1    | 1     | 0    | 0    | 
|dot_prod    | (PCIN>>17)+A*B | No           | 13     | 13     | 48     | 25     | 48     | 0    | 0    | 1    | 1    | 1     | 0    | 0    | 
|dot_prod    | A*B            | No           | 18     | 18     | 48     | 25     | 48     | 0    | 0    | 1    | 1    | 1     | 0    | 0    | 
|dot_prod    | (PCIN>>17)+A*B | No           | 18     | 13     | 48     | 25     | 48     | 0    | 0    | 1    | 1    | 1     | 0    | 0    | 
|dot_prod    | A*B            | No           | 18     | 13     | 48     | 25     | 48     | 0    | 0    | 1    | 1    | 1     | 0    | 0    | 
|dot_prod    | (PCIN>>17)+A*B | No           | 13     | 13     | 48     | 25     | 48     | 0    | 0    | 1    | 1    | 1     | 0    | 0    | 
|dot_prod    | A*B            | No           | 18     | 18     | 48     | 25     | 48     | 0    | 0    | 1    | 1    | 1     | 0    | 0    | 
|dot_prod    | (PCIN>>17)+A*B | No           | 18     | 13     | 48     | 25     | 48     | 0    | 0    | 1    | 1    | 1     | 0    | 0    | 
|dot_prod    | A*B            | No           | 18     | 13     | 48     | 25     | 48     | 0    | 0    | 1    | 1    | 1     | 0    | 0    | 
|dot_prod    | (PCIN>>17)+A*B | No           | 13     | 13     | 48     | 25     | 48     | 0    | 0    | 1    | 1    | 1     | 0    | 0    | 
|dot_prod    | A*B            | No           | 18     | 18     | 48     | 25     | 48     | 0    | 0    | 1    | 1    | 1     | 0    | 0    | 
|dot_prod    | (PCIN>>17)+A*B | No           | 18     | 13     | 48     | 25     | 48     | 0    | 0    | 1    | 1    | 1     | 0    | 0    | 
|dot_prod    | A*B            | No           | 18     | 13     | 48     | 25     | 48     | 0    | 0    | 1    | 1    | 1     | 0    | 0    | 
|dot_prod    | (PCIN>>17)+A*B | No           | 13     | 13     | 48     | 25     | 48     | 0    | 0    | 1    | 1    | 1     | 0    | 0    | 
|dot_prod    | A*B            | No           | 18     | 18     | 48     | 25     | 48     | 0    | 0    | 1    | 1    | 1     | 0    | 0    | 
|dot_prod    | (PCIN>>17)+A*B | No           | 18     | 13     | 48     | 25     | 48     | 0    | 0    | 1    | 1    | 1     | 0    | 0    | 
|dot_prod    | A*B            | No           | 18     | 13     | 48     | 25     | 48     | 0    | 0    | 1    | 1    | 1     | 0    | 0    | 
|dot_prod    | (PCIN>>17)+A*B | No           | 13     | 13     | 48     | 25     | 48     | 0    | 0    | 1    | 1    | 1     | 0    | 0    | 
|dot_prod    | A*B            | No           | 18     | 18     | 48     | 25     | 48     | 0    | 0    | 1    | 1    | 1     | 0    | 0    | 
|dot_prod    | (PCIN>>17)+A*B | No           | 18     | 13     | 48     | 25     | 48     | 0    | 0    | 1    | 1    | 1     | 0    | 0    | 
|dot_prod    | A*B            | No           | 18     | 13     | 48     | 25     | 48     | 0    | 0    | 1    | 1    | 1     | 0    | 0    | 
|dot_prod    | (PCIN>>17)+A*B | No           | 13     | 13     | 48     | 25     | 48     | 0    | 0    | 1    | 1    | 1     | 0    | 0    | 
|dot_prod    | A*B            | No           | 18     | 18     | 48     | 25     | 48     | 0    | 0    | 1    | 1    | 1     | 0    | 0    | 
|dot_prod    | (PCIN>>17)+A*B | No           | 18     | 13     | 48     | 25     | 48     | 0    | 0    | 1    | 1    | 1     | 0    | 0    | 
|dot_prod    | A*B            | No           | 18     | 13     | 48     | 25     | 48     | 0    | 0    | 1    | 1    | 1     | 0    | 0    | 
|dot_prod    | (PCIN>>17)+A*B | No           | 13     | 13     | 48     | 25     | 48     | 0    | 0    | 1    | 1    | 1     | 0    | 0    | 
|dot_prod    | A*B            | No           | 18     | 18     | 48     | 25     | 48     | 0    | 0    | 1    | 1    | 1     | 0    | 0    | 
|dot_prod    | (PCIN>>17)+A*B | No           | 18     | 13     | 48     | 25     | 48     | 0    | 0    | 1    | 1    | 1     | 0    | 0    | 
|dot_prod    | A*B            | No           | 18     | 13     | 48     | 25     | 48     | 0    | 0    | 1    | 1    | 1     | 0    | 0    | 
|dot_prod    | (PCIN>>17)+A*B | No           | 13     | 13     | 48     | 25     | 48     | 0    | 0    | 1    | 1    | 1     | 0    | 0    | 
|dot_prod    | A*B            | No           | 18     | 18     | 48     | 25     | 48     | 0    | 0    | 1    | 1    | 1     | 0    | 0    | 
|dot_prod    | (PCIN>>17)+A*B | No           | 18     | 13     | 48     | 25     | 48     | 0    | 0    | 1    | 1    | 1     | 0    | 0    | 
|dot_prod    | A*B            | No           | 18     | 13     | 48     | 25     | 48     | 0    | 0    | 1    | 1    | 1     | 0    | 0    | 
|dot_prod    | (PCIN>>17)+A*B | No           | 13     | 13     | 48     | 25     | 48     | 0    | 0    | 1    | 1    | 1     | 0    | 0    | 
|dot_prod    | A*B            | No           | 18     | 18     | 48     | 25     | 48     | 0    | 0    | 1    | 1    | 1     | 0    | 0    | 
|dot_prod    | (PCIN>>17)+A*B | No           | 18     | 13     | 48     | 25     | 48     | 0    | 0    | 1    | 1    | 1     | 0    | 0    | 
|dot_prod    | A*B            | No           | 18     | 13     | 48     | 25     | 48     | 0    | 0    | 1    | 1    | 1     | 0    | 0    | 
|dot_prod    | (PCIN>>17)+A*B | No           | 13     | 13     | 48     | 25     | 48     | 0    | 0    | 1    | 1    | 1     | 0    | 0    | 
|dot_prod    | A*B            | No           | 18     | 18     | 48     | 25     | 48     | 0    | 0    | 1    | 1    | 1     | 0    | 0    | 
|dot_prod    | (PCIN>>17)+A*B | No           | 18     | 13     | 48     | 25     | 48     | 0    | 0    | 1    | 1    | 1     | 0    | 0    | 
+------------+----------------+--------------+--------+--------+--------+--------+--------+------+------+------+------+-------+------+------+

Note: The table above shows the DSPs inferred at the current stage of the synthesis flow. Some DSP may be reimplemented as non DSP primitives later in the synthesis flow. Multiple instantiated DSPs are reported only once.
---------------------------------------------------------------------------------
Finished ROM, RAM, DSP and Shift Register Reporting
---------------------------------------------------------------------------------
No constraint files found.
---------------------------------------------------------------------------------
Start Area Optimization
---------------------------------------------------------------------------------
---------------------------------------------------------------------------------
Finished Area Optimization : Time (s): cpu = 00:00:14 ; elapsed = 00:00:14 . Memory (MB): peak = 1255.227 ; gain = 409.609 ; free physical = 2234 ; free virtual = 8405
---------------------------------------------------------------------------------
Finished Parallel Area Optimization  : Time (s): cpu = 00:00:14 ; elapsed = 00:00:14 . Memory (MB): peak = 1255.227 ; gain = 409.609 ; free physical = 2234 ; free virtual = 8405

Report RTL Partitions: 
+------+--------------+------------+----------+
|      |RTL Partition |Replication |Instances |
+------+--------------+------------+----------+
|1     |gate__GB0     |           1|      2559|
|2     |gate__GB1     |           1|      2526|
+------+--------------+------------+----------+
---------------------------------------------------------------------------------
Start Timing Optimization
---------------------------------------------------------------------------------
No constraint files found.
---------------------------------------------------------------------------------
Finished Timing Optimization : Time (s): cpu = 00:00:14 ; elapsed = 00:00:14 . Memory (MB): peak = 1255.227 ; gain = 409.609 ; free physical = 2234 ; free virtual = 8405
---------------------------------------------------------------------------------

Report RTL Partitions: 
+------+--------------+------------+----------+
|      |RTL Partition |Replication |Instances |
+------+--------------+------------+----------+
|1     |gate__GB0     |           1|      2559|
|2     |gate__GB1     |           1|      2526|
+------+--------------+------------+----------+
---------------------------------------------------------------------------------
Start Technology Mapping
---------------------------------------------------------------------------------
---------------------------------------------------------------------------------
Finished Technology Mapping : Time (s): cpu = 00:00:14 ; elapsed = 00:00:15 . Memory (MB): peak = 1265.273 ; gain = 419.656 ; free physical = 2225 ; free virtual = 8396
---------------------------------------------------------------------------------
Finished Parallel Technology Mapping Optimization  : Time (s): cpu = 00:00:14 ; elapsed = 00:00:15 . Memory (MB): peak = 1265.273 ; gain = 419.656 ; free physical = 2225 ; free virtual = 8396

Report RTL Partitions: 
+-+--------------+------------+----------+
| |RTL Partition |Replication |Instances |
+-+--------------+------------+----------+
+-+--------------+------------+----------+
Finished Parallel Synthesis Optimization  : Time (s): cpu = 00:00:14 ; elapsed = 00:00:15 . Memory (MB): peak = 1265.273 ; gain = 419.656 ; free physical = 2225 ; free virtual = 8396
---------------------------------------------------------------------------------
Start IO Insertion
---------------------------------------------------------------------------------
---------------------------------------------------------------------------------
Start Flattening Before IO Insertion
---------------------------------------------------------------------------------
---------------------------------------------------------------------------------
Finished Flattening Before IO Insertion
---------------------------------------------------------------------------------
---------------------------------------------------------------------------------
Start Final Netlist Cleanup
---------------------------------------------------------------------------------
---------------------------------------------------------------------------------
Finished Final Netlist Cleanup
---------------------------------------------------------------------------------
---------------------------------------------------------------------------------
Finished IO Insertion : Time (s): cpu = 00:00:15 ; elapsed = 00:00:15 . Memory (MB): peak = 1265.273 ; gain = 419.656 ; free physical = 2228 ; free virtual = 8399
---------------------------------------------------------------------------------

Report Check Netlist: 
+------+------------------+-------+---------+-------+------------------+
|      |Item              |Errors |Warnings |Status |Description       |
+------+------------------+-------+---------+-------+------------------+
|1     |multi_driven_nets |      0|        0|Passed |Multi driven nets |
+------+------------------+-------+---------+-------+------------------+
---------------------------------------------------------------------------------
Start Renaming Generated Instances
---------------------------------------------------------------------------------
---------------------------------------------------------------------------------
Finished Renaming Generated Instances : Time (s): cpu = 00:00:15 ; elapsed = 00:00:15 . Memory (MB): peak = 1265.273 ; gain = 419.656 ; free physical = 2228 ; free virtual = 8399
---------------------------------------------------------------------------------

Report RTL Partitions: 
+-+--------------+------------+----------+
| |RTL Partition |Replication |Instances |
+-+--------------+------------+----------+
+-+--------------+------------+----------+
---------------------------------------------------------------------------------
Start Rebuilding User Hierarchy
---------------------------------------------------------------------------------
---------------------------------------------------------------------------------
Finished Rebuilding User Hierarchy : Time (s): cpu = 00:00:15 ; elapsed = 00:00:15 . Memory (MB): peak = 1265.273 ; gain = 419.656 ; free physical = 2229 ; free virtual = 8399
---------------------------------------------------------------------------------
---------------------------------------------------------------------------------
Start Renaming Generated Ports
---------------------------------------------------------------------------------
---------------------------------------------------------------------------------
Finished Renaming Generated Ports : Time (s): cpu = 00:00:15 ; elapsed = 00:00:15 . Memory (MB): peak = 1265.273 ; gain = 419.656 ; free physical = 2228 ; free virtual = 8398
---------------------------------------------------------------------------------
---------------------------------------------------------------------------------
Start Handling Custom Attributes
---------------------------------------------------------------------------------
---------------------------------------------------------------------------------
Finished Handling Custom Attributes : Time (s): cpu = 00:00:15 ; elapsed = 00:00:16 . Memory (MB): peak = 1265.273 ; gain = 419.656 ; free physical = 2230 ; free virtual = 8400
---------------------------------------------------------------------------------
---------------------------------------------------------------------------------
Start Renaming Generated Nets
---------------------------------------------------------------------------------
---------------------------------------------------------------------------------
Finished Renaming Generated Nets : Time (s): cpu = 00:00:15 ; elapsed = 00:00:16 . Memory (MB): peak = 1265.273 ; gain = 419.656 ; free physical = 2230 ; free virtual = 8400
---------------------------------------------------------------------------------
---------------------------------------------------------------------------------
Start Writing Synthesis Report
---------------------------------------------------------------------------------

Report BlackBoxes: 
+-+--------------+----------+
| |BlackBox name |Instances |
+-+--------------+----------+
+-+--------------+----------+

Report Cell Usage: 
+------+--------+------+
|      |Cell    |Count |
+------+--------+------+
|1     |CARRY4  |   304|
|2     |DSP48E1 |    48|
|3     |LUT1    |    18|
|4     |LUT2    |   772|
|5     |LUT3    |   277|
|6     |LUT4    |  1157|
|7     |LUT5    |     3|
|8     |LUT6    |     9|
|9     |FDCE    |   576|
|10    |FDRE    |   592|
+------+--------+------+

Report Instance Areas: 
+------+------------+-------------------------+------+
|      |Instance    |Module                   |Cells |
+------+------------+-------------------------+------+
|1     |top         |                         |  3756|
|2     |  DOTPROD_X |dot_prod                 |  1587|
|3     |  DOTPROD_Y |dot_prod__parameterized0 |  1589|
+------+------------+-------------------------+------+
---------------------------------------------------------------------------------
Finished Writing Synthesis Report : Time (s): cpu = 00:00:15 ; elapsed = 00:00:16 . Memory (MB): peak = 1265.273 ; gain = 419.656 ; free physical = 2230 ; free virtual = 8400
---------------------------------------------------------------------------------
Synthesis finished with 0 errors, 0 critical warnings and 20 warnings.
Synthesis Optimization Runtime : Time (s): cpu = 00:00:14 ; elapsed = 00:00:13 . Memory (MB): peak = 1265.273 ; gain = 297.855 ; free physical = 2230 ; free virtual = 8400
Synthesis Optimization Complete : Time (s): cpu = 00:00:15 ; elapsed = 00:00:16 . Memory (MB): peak = 1265.273 ; gain = 419.656 ; free physical = 2230 ; free virtual = 8400
INFO: [Project 1-571] Translating synthesized netlist
INFO: [Netlist 29-17] Analyzing 352 Unisim elements for replacement
INFO: [Netlist 29-28] Unisim Transformation completed in 0 CPU seconds
INFO: [Project 1-570] Preparing netlist for logic optimization
INFO: [Opt 31-138] Pushed 0 inverter(s) to 0 load pin(s).
INFO: [Project 1-111] Unisim Transformation Summary:
No Unisim elements were transformed.

INFO: [Common 17-83] Releasing license: Synthesis
40 Infos, 20 Warnings, 0 Critical Warnings and 0 Errors encountered.
synth_design completed successfully
synth_design: Time (s): cpu = 00:00:15 ; elapsed = 00:00:16 . Memory (MB): peak = 1363.301 ; gain = 446.348 ; free physical = 2186 ; free virtual = 8356
INFO: [Timing 38-35] Done setting XDC timing constraints.
write_checkpoint: Time (s): cpu = 00:00:09 ; elapsed = 00:00:08 . Memory (MB): peak = 1843.844 ; gain = 480.543 ; free physical = 1854 ; free virtual = 8025
report_utilization: Time (s): cpu = 00:00:00.07 ; elapsed = 00:00:00.10 . Memory (MB): peak = 1843.844 ; gain = 0.000 ; free physical = 1855 ; free virtual = 8026
INFO: [Common 17-206] Exiting Vivado at Sat Apr 30 14:57:19 2016...
