\BOOKMARK [0][-]{init.0}{Front Page}{}% 1
\BOOKMARK [0][-]{contents.0}{Table of Contents}{}% 2
\BOOKMARK [0][-]{figures.0}{List of Figures}{}% 3
\BOOKMARK [0][-]{chapter.1}{1 Introduction}{}% 4
\BOOKMARK [1][-]{section.1.1}{1.1 Background}{chapter.1}% 5
\BOOKMARK [1][-]{section.1.2}{1.2 Motivation}{chapter.1}% 6
\BOOKMARK [1][-]{section.1.3}{1.3 Objectives}{chapter.1}% 7
\BOOKMARK [1][-]{section.1.4}{1.4 People Involved}{chapter.1}% 8
\BOOKMARK [0][-]{chapter.2}{2 Problem Characterization}{}% 9
\BOOKMARK [1][-]{section.2.1}{2.1 Theoretical Background}{chapter.2}% 10
\BOOKMARK [2][-]{subsection.2.1.1}{2.1.1 Basic Concepts of Machine Learning}{section.2.1}% 11
\BOOKMARK [2][-]{subsection.2.1.2}{2.1.2 Artificial Neural Networks}{section.2.1}% 12
\BOOKMARK [2][-]{subsection.2.1.3}{2.1.3 Recurrent Neural Networks}{section.2.1}% 13
\BOOKMARK [2][-]{subsection.2.1.4}{2.1.4 Long Short-Term Memory Networks}{section.2.1}% 14
\BOOKMARK [1][-]{section.2.2}{2.2 Proposed Solution}{chapter.2}% 15
\BOOKMARK [0][-]{chapter.3}{3 State of the Art}{}% 16
\BOOKMARK [1][-]{section.3.1}{3.1 LSTM Applications \(non-FPGA related\)}{chapter.3}% 17
\BOOKMARK [1][-]{section.3.2}{3.2 Hardware Implementations of LSTM}{chapter.3}% 18
\BOOKMARK [1][-]{section.3.3}{3.3 Training Algorithms and Implementation}{chapter.3}% 19
\BOOKMARK [1][-]{section.3.4}{3.4 Final Overview}{chapter.3}% 20
\BOOKMARK [0][-]{chapter.4}{4 Proposed Architecture}{}% 21
\BOOKMARK [1][-]{section.4.1}{4.1 Network Organization}{chapter.4}% 22
\BOOKMARK [1][-]{section.4.2}{4.2 Forward Propagation Circuit Overview}{chapter.4}% 23
\BOOKMARK [2][-]{subsection.4.2.1}{4.2.1 Finite-precision representation system}{section.4.2}% 24
\BOOKMARK [2][-]{subsection.4.2.2}{4.2.2 Non-linearity Calculator}{section.4.2}% 25
\BOOKMARK [2][-]{subsection.4.2.3}{4.2.3 Matrix-vector Dot Product Unit}{section.4.2}% 26
\BOOKMARK [2][-]{subsection.4.2.4}{4.2.4 Dual-port Block RAM}{section.4.2}% 27
\BOOKMARK [2][-]{subsection.4.2.5}{4.2.5 Gate Module}{section.4.2}% 28
\BOOKMARK [2][-]{subsection.4.2.6}{4.2.6 Timing Diagrams of Operation}{section.4.2}% 29
\BOOKMARK [0][-]{chapter.5}{5 Work Plan}{}% 30
\BOOKMARK [0][-]{section*.13}{References}{}% 31
