
*** Running vivado
    with args -log weightRAM.vds -m64 -mode batch -messageDb vivado.pb -notrace -source weightRAM.tcl


****** Vivado v2015.4 (64-bit)
  **** SW Build 1412921 on Wed Nov 18 09:44:32 MST 2015
  **** IP Build 1412160 on Tue Nov 17 13:47:24 MST 2015
    ** Copyright 1986-2015 Xilinx, Inc. All Rights Reserved.

source weightRAM.tcl -notrace
Command: synth_design -top weightRAM -part xc7z020clg484-1
Starting synth_design
Attempting to get a license for feature 'Synthesis' and/or device 'xc7z020'
INFO: [Common 17-349] Got license for feature 'Synthesis' and/or device 'xc7z020'
INFO: Launching helper process for spawning children vivado processes
INFO: Helper process launched with PID 6353 
WARNING: [Synth 8-2507] parameter declaration becomes local in weightRAM with formal parameter declaration list [/home/josefonseca/Documents/thesis/verilog/gate/weightRAM.v:13]
WARNING: [Synth 8-2507] parameter declaration becomes local in weightRAM with formal parameter declaration list [/home/josefonseca/Documents/thesis/verilog/gate/weightRAM.v:14]
---------------------------------------------------------------------------------
Starting Synthesize : Time (s): cpu = 00:00:04 ; elapsed = 00:00:05 . Memory (MB): peak = 1037.535 ; gain = 191.926 ; free physical = 2779 ; free virtual = 8679
---------------------------------------------------------------------------------
INFO: [Synth 8-638] synthesizing module 'weightRAM' [/home/josefonseca/Documents/thesis/verilog/gate/weightRAM.v:1]
	Parameter NROW bound to: 16 - type: integer 
	Parameter NCOL bound to: 16 - type: integer 
	Parameter BITWIDTH bound to: 18 - type: integer 
	Parameter OUTPUT_PORT_SIZE bound to: 288 - type: integer 
	Parameter ADDR_BITWIDTH bound to: 4 - type: integer 
INFO: [Synth 8-5534] Detected attribute (* ram_style = "block" *) [/home/josefonseca/Documents/thesis/verilog/gate/weightRAM.v:26]
INFO: [Synth 8-256] done synthesizing module 'weightRAM' (1#1) [/home/josefonseca/Documents/thesis/verilog/gate/weightRAM.v:1]
---------------------------------------------------------------------------------
Finished Synthesize : Time (s): cpu = 00:00:05 ; elapsed = 00:00:06 . Memory (MB): peak = 1061.793 ; gain = 216.184 ; free physical = 2752 ; free virtual = 8652
---------------------------------------------------------------------------------
---------------------------------------------------------------------------------
Finished Constraint Validation : Time (s): cpu = 00:00:05 ; elapsed = 00:00:06 . Memory (MB): peak = 1061.793 ; gain = 216.184 ; free physical = 2751 ; free virtual = 8651
---------------------------------------------------------------------------------
---------------------------------------------------------------------------------
Start Loading Part and Timing Information
---------------------------------------------------------------------------------
Loading part: xc7z020clg484-1
---------------------------------------------------------------------------------
Finished Loading Part and Timing Information : Time (s): cpu = 00:00:05 ; elapsed = 00:00:06 . Memory (MB): peak = 1069.793 ; gain = 224.184 ; free physical = 2751 ; free virtual = 8651
---------------------------------------------------------------------------------
INFO: [Device 21-403] Loading part xc7z020clg484-1
---------------------------------------------------------------------------------
Finished RTL Optimization Phase 2 : Time (s): cpu = 00:00:05 ; elapsed = 00:00:06 . Memory (MB): peak = 1077.801 ; gain = 232.191 ; free physical = 2744 ; free virtual = 8644
---------------------------------------------------------------------------------

Report RTL Partitions: 
+-+--------------+------------+----------+
| |RTL Partition |Replication |Instances |
+-+--------------+------------+----------+
+-+--------------+------------+----------+
No constraint files found.
---------------------------------------------------------------------------------
Start RTL Component Statistics 
---------------------------------------------------------------------------------
Detailed RTL Component Info : 
+---Registers : 
	              288 Bit    Registers := 1     
+---RAMs : 
	               4K Bit         RAMs := 1     
---------------------------------------------------------------------------------
Finished RTL Component Statistics 
---------------------------------------------------------------------------------
---------------------------------------------------------------------------------
Start RTL Hierarchical Component Statistics 
---------------------------------------------------------------------------------
Hierarchical RTL Component report 
Module weightRAM 
Detailed RTL Component Info : 
+---Registers : 
	              288 Bit    Registers := 1     
+---RAMs : 
	               4K Bit         RAMs := 1     
---------------------------------------------------------------------------------
Finished RTL Hierarchical Component Statistics
---------------------------------------------------------------------------------
---------------------------------------------------------------------------------
Start Part Resource Summary
---------------------------------------------------------------------------------
Part Resources:
DSPs: 220 (col length:60)
BRAMs: 280 (col length: RAMB18 60 RAMB36 30)
---------------------------------------------------------------------------------
Finished Part Resource Summary
---------------------------------------------------------------------------------
Start Parallel Synthesis Optimization  : Time (s): cpu = 00:00:07 ; elapsed = 00:00:08 . Memory (MB): peak = 1181.477 ; gain = 335.867 ; free physical = 2529 ; free virtual = 8428
---------------------------------------------------------------------------------
Start Cross Boundary Optimization
---------------------------------------------------------------------------------
---------------------------------------------------------------------------------
Finished Cross Boundary Optimization : Time (s): cpu = 00:00:07 ; elapsed = 00:00:08 . Memory (MB): peak = 1189.477 ; gain = 343.867 ; free physical = 2522 ; free virtual = 8422
---------------------------------------------------------------------------------
Finished Parallel Reinference  : Time (s): cpu = 00:00:07 ; elapsed = 00:00:08 . Memory (MB): peak = 1189.477 ; gain = 343.867 ; free physical = 2522 ; free virtual = 8422

Report RTL Partitions: 
+-+--------------+------------+----------+
| |RTL Partition |Replication |Instances |
+-+--------------+------------+----------+
+-+--------------+------------+----------+
---------------------------------------------------------------------------------
Start ROM, RAM, DSP and Shift Register Reporting
---------------------------------------------------------------------------------

Block RAM:
+------------+----------------+------------------------+---+---+------------------------+---+---+--------------+--------+--------+---------------------+
|Module Name | RTL Object     | PORT A (Depth x Width) | W | R | PORT B (Depth x Width) | W | R | OUT_REG      | RAMB18 | RAMB36 | Hierarchical Name   | 
+------------+----------------+------------------------+---+---+------------------------+---+---+--------------+--------+--------+---------------------+
|weightRAM   | RAM_matrix_reg | 16 x 288(READ_FIRST)   | W |   | 16 x 288(WRITE_FIRST)  |   | R | Port A and B | 0      | 4      | weightRAM/extram__2 | 
+------------+----------------+------------------------+---+---+------------------------+---+---+--------------+--------+--------+---------------------+

Note: The table above shows the Block RAMs at the current stage of the synthesis flow. Some Block RAMs may be reimplemented as non Block RAM primitives later in the synthesis flow. Multiple instantiated Block RAMs are reported only once. "Hierarchical Name" reflects the Block RAM name as it appears in the hierarchical module and only part of it is displayed.
---------------------------------------------------------------------------------
Finished ROM, RAM, DSP and Shift Register Reporting
---------------------------------------------------------------------------------
No constraint files found.
---------------------------------------------------------------------------------
Start Area Optimization
---------------------------------------------------------------------------------
---------------------------------------------------------------------------------
Finished Area Optimization : Time (s): cpu = 00:00:07 ; elapsed = 00:00:08 . Memory (MB): peak = 1197.484 ; gain = 351.875 ; free physical = 2510 ; free virtual = 8409
---------------------------------------------------------------------------------
Finished Parallel Area Optimization  : Time (s): cpu = 00:00:07 ; elapsed = 00:00:08 . Memory (MB): peak = 1197.484 ; gain = 351.875 ; free physical = 2510 ; free virtual = 8409

Report RTL Partitions: 
+-+--------------+------------+----------+
| |RTL Partition |Replication |Instances |
+-+--------------+------------+----------+
+-+--------------+------------+----------+
---------------------------------------------------------------------------------
Start Timing Optimization
---------------------------------------------------------------------------------
No constraint files found.
---------------------------------------------------------------------------------
Finished Timing Optimization : Time (s): cpu = 00:00:07 ; elapsed = 00:00:08 . Memory (MB): peak = 1197.484 ; gain = 351.875 ; free physical = 2510 ; free virtual = 8409
---------------------------------------------------------------------------------

Report RTL Partitions: 
+-+--------------+------------+----------+
| |RTL Partition |Replication |Instances |
+-+--------------+------------+----------+
+-+--------------+------------+----------+
---------------------------------------------------------------------------------
Start Technology Mapping
---------------------------------------------------------------------------------
INFO: [Synth 8-4480] The timing for the instance RAM_matrix_reg_0 (implemented as a block RAM) might be sub-optimal as no optional output register could be merged into the block ram. Providing additional output register may help in improving timing.
INFO: [Synth 8-4480] The timing for the instance RAM_matrix_reg_1 (implemented as a block RAM) might be sub-optimal as no optional output register could be merged into the block ram. Providing additional output register may help in improving timing.
INFO: [Synth 8-4480] The timing for the instance RAM_matrix_reg_2 (implemented as a block RAM) might be sub-optimal as no optional output register could be merged into the block ram. Providing additional output register may help in improving timing.
INFO: [Synth 8-4480] The timing for the instance RAM_matrix_reg_3 (implemented as a block RAM) might be sub-optimal as no optional output register could be merged into the block ram. Providing additional output register may help in improving timing.
---------------------------------------------------------------------------------
Finished Technology Mapping : Time (s): cpu = 00:00:07 ; elapsed = 00:00:08 . Memory (MB): peak = 1197.484 ; gain = 351.875 ; free physical = 2512 ; free virtual = 8411
---------------------------------------------------------------------------------
Finished Parallel Technology Mapping Optimization  : Time (s): cpu = 00:00:07 ; elapsed = 00:00:08 . Memory (MB): peak = 1197.484 ; gain = 351.875 ; free physical = 2512 ; free virtual = 8411

Report RTL Partitions: 
+-+--------------+------------+----------+
| |RTL Partition |Replication |Instances |
+-+--------------+------------+----------+
+-+--------------+------------+----------+
Finished Parallel Synthesis Optimization  : Time (s): cpu = 00:00:07 ; elapsed = 00:00:08 . Memory (MB): peak = 1197.484 ; gain = 351.875 ; free physical = 2512 ; free virtual = 8411
---------------------------------------------------------------------------------
Start IO Insertion
---------------------------------------------------------------------------------
---------------------------------------------------------------------------------
Start Flattening Before IO Insertion
---------------------------------------------------------------------------------
---------------------------------------------------------------------------------
Finished Flattening Before IO Insertion
---------------------------------------------------------------------------------
---------------------------------------------------------------------------------
Start Final Netlist Cleanup
---------------------------------------------------------------------------------
---------------------------------------------------------------------------------
Finished Final Netlist Cleanup
---------------------------------------------------------------------------------
---------------------------------------------------------------------------------
Finished IO Insertion : Time (s): cpu = 00:00:08 ; elapsed = 00:00:09 . Memory (MB): peak = 1197.484 ; gain = 351.875 ; free physical = 2509 ; free virtual = 8409
---------------------------------------------------------------------------------

Report Check Netlist: 
+------+------------------+-------+---------+-------+------------------+
|      |Item              |Errors |Warnings |Status |Description       |
+------+------------------+-------+---------+-------+------------------+
|1     |multi_driven_nets |      0|        0|Passed |Multi driven nets |
+------+------------------+-------+---------+-------+------------------+
---------------------------------------------------------------------------------
Start Renaming Generated Instances
---------------------------------------------------------------------------------
---------------------------------------------------------------------------------
Finished Renaming Generated Instances : Time (s): cpu = 00:00:08 ; elapsed = 00:00:09 . Memory (MB): peak = 1197.484 ; gain = 351.875 ; free physical = 2509 ; free virtual = 8409
---------------------------------------------------------------------------------

Report RTL Partitions: 
+-+--------------+------------+----------+
| |RTL Partition |Replication |Instances |
+-+--------------+------------+----------+
+-+--------------+------------+----------+
---------------------------------------------------------------------------------
Start Rebuilding User Hierarchy
---------------------------------------------------------------------------------
---------------------------------------------------------------------------------
Finished Rebuilding User Hierarchy : Time (s): cpu = 00:00:08 ; elapsed = 00:00:09 . Memory (MB): peak = 1197.484 ; gain = 351.875 ; free physical = 2509 ; free virtual = 8408
---------------------------------------------------------------------------------
---------------------------------------------------------------------------------
Start Renaming Generated Ports
---------------------------------------------------------------------------------
---------------------------------------------------------------------------------
Finished Renaming Generated Ports : Time (s): cpu = 00:00:08 ; elapsed = 00:00:09 . Memory (MB): peak = 1197.484 ; gain = 351.875 ; free physical = 2509 ; free virtual = 8408
---------------------------------------------------------------------------------
---------------------------------------------------------------------------------
Start Handling Custom Attributes
---------------------------------------------------------------------------------
---------------------------------------------------------------------------------
Finished Handling Custom Attributes : Time (s): cpu = 00:00:08 ; elapsed = 00:00:09 . Memory (MB): peak = 1197.484 ; gain = 351.875 ; free physical = 2505 ; free virtual = 8405
---------------------------------------------------------------------------------
---------------------------------------------------------------------------------
Start Renaming Generated Nets
---------------------------------------------------------------------------------
---------------------------------------------------------------------------------
Finished Renaming Generated Nets : Time (s): cpu = 00:00:08 ; elapsed = 00:00:09 . Memory (MB): peak = 1197.484 ; gain = 351.875 ; free physical = 2505 ; free virtual = 8405
---------------------------------------------------------------------------------
---------------------------------------------------------------------------------
Start Writing Synthesis Report
---------------------------------------------------------------------------------

Report BlackBoxes: 
+-+--------------+----------+
| |BlackBox name |Instances |
+-+--------------+----------+
+-+--------------+----------+

Report Cell Usage: 
+------+---------+------+
|      |Cell     |Count |
+------+---------+------+
|1     |BUFG     |     1|
|2     |LUT1     |     2|
|3     |LUT2     |     1|
|4     |RAMB36E1 |     4|
|5     |IBUF     |   299|
|6     |OBUF     |   288|
+------+---------+------+

Report Instance Areas: 
+------+---------+-------+------+
|      |Instance |Module |Cells |
+------+---------+-------+------+
|1     |top      |       |   595|
+------+---------+-------+------+
---------------------------------------------------------------------------------
Finished Writing Synthesis Report : Time (s): cpu = 00:00:08 ; elapsed = 00:00:09 . Memory (MB): peak = 1197.484 ; gain = 351.875 ; free physical = 2505 ; free virtual = 8405
---------------------------------------------------------------------------------
Synthesis finished with 0 errors, 0 critical warnings and 2 warnings.
Synthesis Optimization Runtime : Time (s): cpu = 00:00:06 ; elapsed = 00:00:06 . Memory (MB): peak = 1197.484 ; gain = 230.074 ; free physical = 2508 ; free virtual = 8408
Synthesis Optimization Complete : Time (s): cpu = 00:00:08 ; elapsed = 00:00:09 . Memory (MB): peak = 1197.484 ; gain = 351.875 ; free physical = 2508 ; free virtual = 8408
INFO: [Project 1-571] Translating synthesized netlist
INFO: [Netlist 29-17] Analyzing 303 Unisim elements for replacement
INFO: [Netlist 29-28] Unisim Transformation completed in 0 CPU seconds
INFO: [Project 1-570] Preparing netlist for logic optimization
INFO: [Opt 31-138] Pushed 1 inverter(s) to 8 load pin(s).
INFO: [Project 1-111] Unisim Transformation Summary:
No Unisim elements were transformed.

INFO: [Common 17-83] Releasing license: Synthesis
16 Infos, 2 Warnings, 0 Critical Warnings and 0 Errors encountered.
synth_design completed successfully
synth_design: Time (s): cpu = 00:00:07 ; elapsed = 00:00:08 . Memory (MB): peak = 1269.484 ; gain = 352.539 ; free physical = 2410 ; free virtual = 8310
report_utilization: Time (s): cpu = 00:00:00.07 ; elapsed = 00:00:00.08 . Memory (MB): peak = 1301.504 ; gain = 0.000 ; free physical = 2419 ; free virtual = 8318
INFO: [Common 17-206] Exiting Vivado at Sat Apr 30 14:26:40 2016...
