Copyright 1986-2015 Xilinx, Inc. All Rights Reserved.
------------------------------------------------------------------------------------
| Tool Version : Vivado v.2015.4 (lin64) Build 1412921 Wed Nov 18 09:44:32 MST 2015
| Date         : Tue Jul 12 16:21:37 2016
| Host         : desktop4480 running 64-bit Ubuntu 14.04.4 LTS
| Command      : report_drc
------------------------------------------------------------------------------------

Report DRC

Table of Contents
-----------------
1. REPORT SUMMARY
2. REPORT DETAILS

1. REPORT SUMMARY
-----------------
            Netlist: netlist
          Floorplan: design_1
      Design limits: <entire design considered>
           Ruledeck: default
             Max violations: <unlimited>
             Violations found: 167

2. REPORT DETAILS
-----------------
REQP-197#1 Error
RequiredPinsWEBWE_72  
LSTM_LAYER/WRAM_F_Y/RAM_matrix_reg_0: Port B write enable pins WEBWE[0:7], or just WEBWE[0] if EN_ECC_WRITE=TRUE, must be connected based on WRITE_WIDTH_B value 72.
Related violations: <none>

REQP-197#2 Error
RequiredPinsWEBWE_72  
LSTM_LAYER/WRAM_F_Y/RAM_matrix_reg_1: Port B write enable pins WEBWE[0:7], or just WEBWE[0] if EN_ECC_WRITE=TRUE, must be connected based on WRITE_WIDTH_B value 72.
Related violations: <none>

REQP-197#3 Error
RequiredPinsWEBWE_72  
LSTM_LAYER/WRAM_I_Y/RAM_matrix_reg_0: Port B write enable pins WEBWE[0:7], or just WEBWE[0] if EN_ECC_WRITE=TRUE, must be connected based on WRITE_WIDTH_B value 72.
Related violations: <none>

REQP-197#4 Error
RequiredPinsWEBWE_72  
LSTM_LAYER/WRAM_I_Y/RAM_matrix_reg_1: Port B write enable pins WEBWE[0:7], or just WEBWE[0] if EN_ECC_WRITE=TRUE, must be connected based on WRITE_WIDTH_B value 72.
Related violations: <none>

REQP-197#5 Error
RequiredPinsWEBWE_72  
LSTM_LAYER/WRAM_O_Y/RAM_matrix_reg_0: Port B write enable pins WEBWE[0:7], or just WEBWE[0] if EN_ECC_WRITE=TRUE, must be connected based on WRITE_WIDTH_B value 72.
Related violations: <none>

REQP-197#6 Error
RequiredPinsWEBWE_72  
LSTM_LAYER/WRAM_O_Y/RAM_matrix_reg_1: Port B write enable pins WEBWE[0:7], or just WEBWE[0] if EN_ECC_WRITE=TRUE, must be connected based on WRITE_WIDTH_B value 72.
Related violations: <none>

REQP-197#7 Error
RequiredPinsWEBWE_72  
LSTM_LAYER/WRAM_Z_Y/RAM_matrix_reg_0: Port B write enable pins WEBWE[0:7], or just WEBWE[0] if EN_ECC_WRITE=TRUE, must be connected based on WRITE_WIDTH_B value 72.
Related violations: <none>

REQP-197#8 Error
RequiredPinsWEBWE_72  
LSTM_LAYER/WRAM_Z_Y/RAM_matrix_reg_1: Port B write enable pins WEBWE[0:7], or just WEBWE[0] if EN_ECC_WRITE=TRUE, must be connected based on WRITE_WIDTH_B value 72.
Related violations: <none>

DPIP-1#1 Warning
Input pipelining  
DSP LSTM_LAYER/GATE_F/DOTPROD_X/outputMAC1 input LSTM_LAYER/GATE_F/DOTPROD_X/outputMAC1/C[47:0] is not pipelined. Pipelining DSP48 input will improve performance.
Related violations: <none>

DPIP-1#2 Warning
Input pipelining  
DSP LSTM_LAYER/GATE_F/DOTPROD_X/outputMAC2 input LSTM_LAYER/GATE_F/DOTPROD_X/outputMAC2/C[47:0] is not pipelined. Pipelining DSP48 input will improve performance.
Related violations: <none>

DPIP-1#3 Warning
Input pipelining  
DSP LSTM_LAYER/GATE_F/DOTPROD_X/outputMAC3 input LSTM_LAYER/GATE_F/DOTPROD_X/outputMAC3/C[47:0] is not pipelined. Pipelining DSP48 input will improve performance.
Related violations: <none>

DPIP-1#4 Warning
Input pipelining  
DSP LSTM_LAYER/GATE_F/DOTPROD_X/outputMAC4 input LSTM_LAYER/GATE_F/DOTPROD_X/outputMAC4/C[47:0] is not pipelined. Pipelining DSP48 input will improve performance.
Related violations: <none>

DPIP-1#5 Warning
Input pipelining  
DSP LSTM_LAYER/GATE_F/DOTPROD_Y/outputMAC1 input LSTM_LAYER/GATE_F/DOTPROD_Y/outputMAC1/C[47:0] is not pipelined. Pipelining DSP48 input will improve performance.
Related violations: <none>

DPIP-1#6 Warning
Input pipelining  
DSP LSTM_LAYER/GATE_F/DOTPROD_Y/outputMAC2 input LSTM_LAYER/GATE_F/DOTPROD_Y/outputMAC2/C[47:0] is not pipelined. Pipelining DSP48 input will improve performance.
Related violations: <none>

DPIP-1#7 Warning
Input pipelining  
DSP LSTM_LAYER/GATE_F/DOTPROD_Y/outputMAC3 input LSTM_LAYER/GATE_F/DOTPROD_Y/outputMAC3/C[47:0] is not pipelined. Pipelining DSP48 input will improve performance.
Related violations: <none>

DPIP-1#8 Warning
Input pipelining  
DSP LSTM_LAYER/GATE_F/DOTPROD_Y/outputMAC4 input LSTM_LAYER/GATE_F/DOTPROD_Y/outputMAC4/C[47:0] is not pipelined. Pipelining DSP48 input will improve performance.
Related violations: <none>

DPIP-1#9 Warning
Input pipelining  
DSP LSTM_LAYER/GATE_I/DOTPROD_X/outputMAC1 input LSTM_LAYER/GATE_I/DOTPROD_X/outputMAC1/C[47:0] is not pipelined. Pipelining DSP48 input will improve performance.
Related violations: <none>

DPIP-1#10 Warning
Input pipelining  
DSP LSTM_LAYER/GATE_I/DOTPROD_X/outputMAC2 input LSTM_LAYER/GATE_I/DOTPROD_X/outputMAC2/C[47:0] is not pipelined. Pipelining DSP48 input will improve performance.
Related violations: <none>

DPIP-1#11 Warning
Input pipelining  
DSP LSTM_LAYER/GATE_I/DOTPROD_X/outputMAC3 input LSTM_LAYER/GATE_I/DOTPROD_X/outputMAC3/C[47:0] is not pipelined. Pipelining DSP48 input will improve performance.
Related violations: <none>

DPIP-1#12 Warning
Input pipelining  
DSP LSTM_LAYER/GATE_I/DOTPROD_X/outputMAC4 input LSTM_LAYER/GATE_I/DOTPROD_X/outputMAC4/C[47:0] is not pipelined. Pipelining DSP48 input will improve performance.
Related violations: <none>

DPIP-1#13 Warning
Input pipelining  
DSP LSTM_LAYER/GATE_I/DOTPROD_Y/outputMAC1 input LSTM_LAYER/GATE_I/DOTPROD_Y/outputMAC1/C[47:0] is not pipelined. Pipelining DSP48 input will improve performance.
Related violations: <none>

DPIP-1#14 Warning
Input pipelining  
DSP LSTM_LAYER/GATE_I/DOTPROD_Y/outputMAC2 input LSTM_LAYER/GATE_I/DOTPROD_Y/outputMAC2/C[47:0] is not pipelined. Pipelining DSP48 input will improve performance.
Related violations: <none>

DPIP-1#15 Warning
Input pipelining  
DSP LSTM_LAYER/GATE_I/DOTPROD_Y/outputMAC3 input LSTM_LAYER/GATE_I/DOTPROD_Y/outputMAC3/C[47:0] is not pipelined. Pipelining DSP48 input will improve performance.
Related violations: <none>

DPIP-1#16 Warning
Input pipelining  
DSP LSTM_LAYER/GATE_I/DOTPROD_Y/outputMAC4 input LSTM_LAYER/GATE_I/DOTPROD_Y/outputMAC4/C[47:0] is not pipelined. Pipelining DSP48 input will improve performance.
Related violations: <none>

DPIP-1#17 Warning
Input pipelining  
DSP LSTM_LAYER/GATE_O/DOTPROD_X/outputMAC1 input LSTM_LAYER/GATE_O/DOTPROD_X/outputMAC1/C[47:0] is not pipelined. Pipelining DSP48 input will improve performance.
Related violations: <none>

DPIP-1#18 Warning
Input pipelining  
DSP LSTM_LAYER/GATE_O/DOTPROD_X/outputMAC2 input LSTM_LAYER/GATE_O/DOTPROD_X/outputMAC2/C[47:0] is not pipelined. Pipelining DSP48 input will improve performance.
Related violations: <none>

DPIP-1#19 Warning
Input pipelining  
DSP LSTM_LAYER/GATE_O/DOTPROD_X/outputMAC3 input LSTM_LAYER/GATE_O/DOTPROD_X/outputMAC3/C[47:0] is not pipelined. Pipelining DSP48 input will improve performance.
Related violations: <none>

DPIP-1#20 Warning
Input pipelining  
DSP LSTM_LAYER/GATE_O/DOTPROD_X/outputMAC4 input LSTM_LAYER/GATE_O/DOTPROD_X/outputMAC4/C[47:0] is not pipelined. Pipelining DSP48 input will improve performance.
Related violations: <none>

DPIP-1#21 Warning
Input pipelining  
DSP LSTM_LAYER/GATE_O/DOTPROD_Y/outputMAC1 input LSTM_LAYER/GATE_O/DOTPROD_Y/outputMAC1/C[47:0] is not pipelined. Pipelining DSP48 input will improve performance.
Related violations: <none>

DPIP-1#22 Warning
Input pipelining  
DSP LSTM_LAYER/GATE_O/DOTPROD_Y/outputMAC2 input LSTM_LAYER/GATE_O/DOTPROD_Y/outputMAC2/C[47:0] is not pipelined. Pipelining DSP48 input will improve performance.
Related violations: <none>

DPIP-1#23 Warning
Input pipelining  
DSP LSTM_LAYER/GATE_O/DOTPROD_Y/outputMAC3 input LSTM_LAYER/GATE_O/DOTPROD_Y/outputMAC3/C[47:0] is not pipelined. Pipelining DSP48 input will improve performance.
Related violations: <none>

DPIP-1#24 Warning
Input pipelining  
DSP LSTM_LAYER/GATE_O/DOTPROD_Y/outputMAC4 input LSTM_LAYER/GATE_O/DOTPROD_Y/outputMAC4/C[47:0] is not pipelined. Pipelining DSP48 input will improve performance.
Related violations: <none>

DPIP-1#25 Warning
Input pipelining  
DSP LSTM_LAYER/GATE_Z/DOTPROD_X/outputMAC1 input LSTM_LAYER/GATE_Z/DOTPROD_X/outputMAC1/C[47:0] is not pipelined. Pipelining DSP48 input will improve performance.
Related violations: <none>

DPIP-1#26 Warning
Input pipelining  
DSP LSTM_LAYER/GATE_Z/DOTPROD_X/outputMAC2 input LSTM_LAYER/GATE_Z/DOTPROD_X/outputMAC2/C[47:0] is not pipelined. Pipelining DSP48 input will improve performance.
Related violations: <none>

DPIP-1#27 Warning
Input pipelining  
DSP LSTM_LAYER/GATE_Z/DOTPROD_X/outputMAC3 input LSTM_LAYER/GATE_Z/DOTPROD_X/outputMAC3/C[47:0] is not pipelined. Pipelining DSP48 input will improve performance.
Related violations: <none>

DPIP-1#28 Warning
Input pipelining  
DSP LSTM_LAYER/GATE_Z/DOTPROD_X/outputMAC4 input LSTM_LAYER/GATE_Z/DOTPROD_X/outputMAC4/C[47:0] is not pipelined. Pipelining DSP48 input will improve performance.
Related violations: <none>

DPIP-1#29 Warning
Input pipelining  
DSP LSTM_LAYER/GATE_Z/DOTPROD_Y/outputMAC1 input LSTM_LAYER/GATE_Z/DOTPROD_Y/outputMAC1/C[47:0] is not pipelined. Pipelining DSP48 input will improve performance.
Related violations: <none>

DPIP-1#30 Warning
Input pipelining  
DSP LSTM_LAYER/GATE_Z/DOTPROD_Y/outputMAC2 input LSTM_LAYER/GATE_Z/DOTPROD_Y/outputMAC2/C[47:0] is not pipelined. Pipelining DSP48 input will improve performance.
Related violations: <none>

DPIP-1#31 Warning
Input pipelining  
DSP LSTM_LAYER/GATE_Z/DOTPROD_Y/outputMAC3 input LSTM_LAYER/GATE_Z/DOTPROD_Y/outputMAC3/C[47:0] is not pipelined. Pipelining DSP48 input will improve performance.
Related violations: <none>

DPIP-1#32 Warning
Input pipelining  
DSP LSTM_LAYER/GATE_Z/DOTPROD_Y/outputMAC4 input LSTM_LAYER/GATE_Z/DOTPROD_Y/outputMAC4/C[47:0] is not pipelined. Pipelining DSP48 input will improve performance.
Related violations: <none>

DPIP-1#33 Warning
Input pipelining  
DSP LSTM_LAYER/elemWiseMult_out0__0 input LSTM_LAYER/elemWiseMult_out0__0/B[17:0] is not pipelined. Pipelining DSP48 input will improve performance.
Related violations: <none>

DPIP-1#34 Warning
Input pipelining  
DSP LSTM_LAYER/elemWiseMult_out0__2 input LSTM_LAYER/elemWiseMult_out0__2/B[17:0] is not pipelined. Pipelining DSP48 input will improve performance.
Related violations: <none>

DPIP-1#35 Warning
Input pipelining  
DSP LSTM_LAYER/genblk1[1].sigmoid_i/outputMAC_reg input LSTM_LAYER/genblk1[1].sigmoid_i/outputMAC_reg/B[17:0] is not pipelined. Pipelining DSP48 input will improve performance.
Related violations: <none>

DPIP-1#36 Warning
Input pipelining  
DSP LSTM_LAYER/genblk1[2].sigmoid_i/outputMAC_reg input LSTM_LAYER/genblk1[2].sigmoid_i/outputMAC_reg/B[17:0] is not pipelined. Pipelining DSP48 input will improve performance.
Related violations: <none>

DPIP-1#37 Warning
Input pipelining  
DSP LSTM_LAYER/genblk1[3].sigmoid_i/outputMAC_reg input LSTM_LAYER/genblk1[3].sigmoid_i/outputMAC_reg/B[17:0] is not pipelined. Pipelining DSP48 input will improve performance.
Related violations: <none>

DPIP-1#38 Warning
Input pipelining  
DSP LSTM_LAYER/genblk1[4].sigmoid_i/outputMAC_reg input LSTM_LAYER/genblk1[4].sigmoid_i/outputMAC_reg/B[17:0] is not pipelined. Pipelining DSP48 input will improve performance.
Related violations: <none>

DPIP-1#39 Warning
Input pipelining  
DSP LSTM_LAYER/genblk1[5].sigmoid_i/outputMAC_reg input LSTM_LAYER/genblk1[5].sigmoid_i/outputMAC_reg/B[17:0] is not pipelined. Pipelining DSP48 input will improve performance.
Related violations: <none>

DPIP-1#40 Warning
Input pipelining  
DSP LSTM_LAYER/genblk1[6].sigmoid_i/outputMAC_reg input LSTM_LAYER/genblk1[6].sigmoid_i/outputMAC_reg/B[17:0] is not pipelined. Pipelining DSP48 input will improve performance.
Related violations: <none>

DPIP-1#41 Warning
Input pipelining  
DSP LSTM_LAYER/genblk1[7].sigmoid_i/outputMAC_reg input LSTM_LAYER/genblk1[7].sigmoid_i/outputMAC_reg/B[17:0] is not pipelined. Pipelining DSP48 input will improve performance.
Related violations: <none>

DPIP-1#42 Warning
Input pipelining  
DSP LSTM_LAYER/genblk2[0].tanh_i/outputMAC_reg input LSTM_LAYER/genblk2[0].tanh_i/outputMAC_reg/B[17:0] is not pipelined. Pipelining DSP48 input will improve performance.
Related violations: <none>

DPIP-1#43 Warning
Input pipelining  
DSP LSTM_LAYER/genblk2[1].tanh_i/outputMAC_reg input LSTM_LAYER/genblk2[1].tanh_i/outputMAC_reg/B[17:0] is not pipelined. Pipelining DSP48 input will improve performance.
Related violations: <none>

DPIP-1#44 Warning
Input pipelining  
DSP LSTM_LAYER/genblk2[2].tanh_i/outputMAC_reg input LSTM_LAYER/genblk2[2].tanh_i/outputMAC_reg/B[17:0] is not pipelined. Pipelining DSP48 input will improve performance.
Related violations: <none>

DPIP-1#45 Warning
Input pipelining  
DSP LSTM_LAYER/genblk2[3].tanh_i/outputMAC_reg input LSTM_LAYER/genblk2[3].tanh_i/outputMAC_reg/B[17:0] is not pipelined. Pipelining DSP48 input will improve performance.
Related violations: <none>

DPIP-1#46 Warning
Input pipelining  
DSP LSTM_LAYER/genblk2[6].tanh_i/outputMAC_reg input LSTM_LAYER/genblk2[6].tanh_i/outputMAC_reg/B[17:0] is not pipelined. Pipelining DSP48 input will improve performance.
Related violations: <none>

DPIP-1#47 Warning
Input pipelining  
DSP LSTM_LAYER/genblk2[7].tanh_i/outputMAC_reg input LSTM_LAYER/genblk2[7].tanh_i/outputMAC_reg/B[17:0] is not pipelined. Pipelining DSP48 input will improve performance.
Related violations: <none>

DPIP-1#48 Warning
Input pipelining  
DSP PERCEPTRON/outputMAC0 input PERCEPTRON/outputMAC0/B[17:0] is not pipelined. Pipelining DSP48 input will improve performance.
Related violations: <none>

DPIP-1#49 Warning
Input pipelining  
DSP PERCEPTRON/outputMAC0__0 input PERCEPTRON/outputMAC0__0/B[17:0] is not pipelined. Pipelining DSP48 input will improve performance.
Related violations: <none>

DPIP-1#50 Warning
Input pipelining  
DSP PERCEPTRON/outputMAC0__1 input PERCEPTRON/outputMAC0__1/B[17:0] is not pipelined. Pipelining DSP48 input will improve performance.
Related violations: <none>

DPIP-1#51 Warning
Input pipelining  
DSP PERCEPTRON/outputMAC0__2 input PERCEPTRON/outputMAC0__2/B[17:0] is not pipelined. Pipelining DSP48 input will improve performance.
Related violations: <none>

DPOP-1#1 Warning
PREG Output pipelining  
DSP LSTM_LAYER/GATE_F/DOTPROD_X/outputMAC1 output LSTM_LAYER/GATE_F/DOTPROD_X/outputMAC1/P[47:0] is not pipelined (PREG=0). Pipelining the DSP48 output will improve performance and often saves power so it is suggested whenever possible to fully pipeline this function.  If this DSP48 function was inferred, it is suggested to describe an additional register stage after this function.  If the DSP48 was instantiated in the design, it is suggested to set the PREG attribute to 1.
Related violations: <none>

DPOP-1#2 Warning
PREG Output pipelining  
DSP LSTM_LAYER/GATE_F/DOTPROD_X/outputMAC2 output LSTM_LAYER/GATE_F/DOTPROD_X/outputMAC2/P[47:0] is not pipelined (PREG=0). Pipelining the DSP48 output will improve performance and often saves power so it is suggested whenever possible to fully pipeline this function.  If this DSP48 function was inferred, it is suggested to describe an additional register stage after this function.  If the DSP48 was instantiated in the design, it is suggested to set the PREG attribute to 1.
Related violations: <none>

DPOP-1#3 Warning
PREG Output pipelining  
DSP LSTM_LAYER/GATE_F/DOTPROD_X/outputMAC3 output LSTM_LAYER/GATE_F/DOTPROD_X/outputMAC3/P[47:0] is not pipelined (PREG=0). Pipelining the DSP48 output will improve performance and often saves power so it is suggested whenever possible to fully pipeline this function.  If this DSP48 function was inferred, it is suggested to describe an additional register stage after this function.  If the DSP48 was instantiated in the design, it is suggested to set the PREG attribute to 1.
Related violations: <none>

DPOP-1#4 Warning
PREG Output pipelining  
DSP LSTM_LAYER/GATE_F/DOTPROD_X/outputMAC4 output LSTM_LAYER/GATE_F/DOTPROD_X/outputMAC4/P[47:0] is not pipelined (PREG=0). Pipelining the DSP48 output will improve performance and often saves power so it is suggested whenever possible to fully pipeline this function.  If this DSP48 function was inferred, it is suggested to describe an additional register stage after this function.  If the DSP48 was instantiated in the design, it is suggested to set the PREG attribute to 1.
Related violations: <none>

DPOP-1#5 Warning
PREG Output pipelining  
DSP LSTM_LAYER/GATE_F/DOTPROD_Y/outputMAC1 output LSTM_LAYER/GATE_F/DOTPROD_Y/outputMAC1/P[47:0] is not pipelined (PREG=0). Pipelining the DSP48 output will improve performance and often saves power so it is suggested whenever possible to fully pipeline this function.  If this DSP48 function was inferred, it is suggested to describe an additional register stage after this function.  If the DSP48 was instantiated in the design, it is suggested to set the PREG attribute to 1.
Related violations: <none>

DPOP-1#6 Warning
PREG Output pipelining  
DSP LSTM_LAYER/GATE_F/DOTPROD_Y/outputMAC2 output LSTM_LAYER/GATE_F/DOTPROD_Y/outputMAC2/P[47:0] is not pipelined (PREG=0). Pipelining the DSP48 output will improve performance and often saves power so it is suggested whenever possible to fully pipeline this function.  If this DSP48 function was inferred, it is suggested to describe an additional register stage after this function.  If the DSP48 was instantiated in the design, it is suggested to set the PREG attribute to 1.
Related violations: <none>

DPOP-1#7 Warning
PREG Output pipelining  
DSP LSTM_LAYER/GATE_F/DOTPROD_Y/outputMAC3 output LSTM_LAYER/GATE_F/DOTPROD_Y/outputMAC3/P[47:0] is not pipelined (PREG=0). Pipelining the DSP48 output will improve performance and often saves power so it is suggested whenever possible to fully pipeline this function.  If this DSP48 function was inferred, it is suggested to describe an additional register stage after this function.  If the DSP48 was instantiated in the design, it is suggested to set the PREG attribute to 1.
Related violations: <none>

DPOP-1#8 Warning
PREG Output pipelining  
DSP LSTM_LAYER/GATE_F/DOTPROD_Y/outputMAC4 output LSTM_LAYER/GATE_F/DOTPROD_Y/outputMAC4/P[47:0] is not pipelined (PREG=0). Pipelining the DSP48 output will improve performance and often saves power so it is suggested whenever possible to fully pipeline this function.  If this DSP48 function was inferred, it is suggested to describe an additional register stage after this function.  If the DSP48 was instantiated in the design, it is suggested to set the PREG attribute to 1.
Related violations: <none>

DPOP-1#9 Warning
PREG Output pipelining  
DSP LSTM_LAYER/GATE_I/DOTPROD_X/outputMAC1 output LSTM_LAYER/GATE_I/DOTPROD_X/outputMAC1/P[47:0] is not pipelined (PREG=0). Pipelining the DSP48 output will improve performance and often saves power so it is suggested whenever possible to fully pipeline this function.  If this DSP48 function was inferred, it is suggested to describe an additional register stage after this function.  If the DSP48 was instantiated in the design, it is suggested to set the PREG attribute to 1.
Related violations: <none>

DPOP-1#10 Warning
PREG Output pipelining  
DSP LSTM_LAYER/GATE_I/DOTPROD_X/outputMAC2 output LSTM_LAYER/GATE_I/DOTPROD_X/outputMAC2/P[47:0] is not pipelined (PREG=0). Pipelining the DSP48 output will improve performance and often saves power so it is suggested whenever possible to fully pipeline this function.  If this DSP48 function was inferred, it is suggested to describe an additional register stage after this function.  If the DSP48 was instantiated in the design, it is suggested to set the PREG attribute to 1.
Related violations: <none>

DPOP-1#11 Warning
PREG Output pipelining  
DSP LSTM_LAYER/GATE_I/DOTPROD_X/outputMAC3 output LSTM_LAYER/GATE_I/DOTPROD_X/outputMAC3/P[47:0] is not pipelined (PREG=0). Pipelining the DSP48 output will improve performance and often saves power so it is suggested whenever possible to fully pipeline this function.  If this DSP48 function was inferred, it is suggested to describe an additional register stage after this function.  If the DSP48 was instantiated in the design, it is suggested to set the PREG attribute to 1.
Related violations: <none>

DPOP-1#12 Warning
PREG Output pipelining  
DSP LSTM_LAYER/GATE_I/DOTPROD_X/outputMAC4 output LSTM_LAYER/GATE_I/DOTPROD_X/outputMAC4/P[47:0] is not pipelined (PREG=0). Pipelining the DSP48 output will improve performance and often saves power so it is suggested whenever possible to fully pipeline this function.  If this DSP48 function was inferred, it is suggested to describe an additional register stage after this function.  If the DSP48 was instantiated in the design, it is suggested to set the PREG attribute to 1.
Related violations: <none>

DPOP-1#13 Warning
PREG Output pipelining  
DSP LSTM_LAYER/GATE_I/DOTPROD_Y/outputMAC1 output LSTM_LAYER/GATE_I/DOTPROD_Y/outputMAC1/P[47:0] is not pipelined (PREG=0). Pipelining the DSP48 output will improve performance and often saves power so it is suggested whenever possible to fully pipeline this function.  If this DSP48 function was inferred, it is suggested to describe an additional register stage after this function.  If the DSP48 was instantiated in the design, it is suggested to set the PREG attribute to 1.
Related violations: <none>

DPOP-1#14 Warning
PREG Output pipelining  
DSP LSTM_LAYER/GATE_I/DOTPROD_Y/outputMAC2 output LSTM_LAYER/GATE_I/DOTPROD_Y/outputMAC2/P[47:0] is not pipelined (PREG=0). Pipelining the DSP48 output will improve performance and often saves power so it is suggested whenever possible to fully pipeline this function.  If this DSP48 function was inferred, it is suggested to describe an additional register stage after this function.  If the DSP48 was instantiated in the design, it is suggested to set the PREG attribute to 1.
Related violations: <none>

DPOP-1#15 Warning
PREG Output pipelining  
DSP LSTM_LAYER/GATE_I/DOTPROD_Y/outputMAC3 output LSTM_LAYER/GATE_I/DOTPROD_Y/outputMAC3/P[47:0] is not pipelined (PREG=0). Pipelining the DSP48 output will improve performance and often saves power so it is suggested whenever possible to fully pipeline this function.  If this DSP48 function was inferred, it is suggested to describe an additional register stage after this function.  If the DSP48 was instantiated in the design, it is suggested to set the PREG attribute to 1.
Related violations: <none>

DPOP-1#16 Warning
PREG Output pipelining  
DSP LSTM_LAYER/GATE_I/DOTPROD_Y/outputMAC4 output LSTM_LAYER/GATE_I/DOTPROD_Y/outputMAC4/P[47:0] is not pipelined (PREG=0). Pipelining the DSP48 output will improve performance and often saves power so it is suggested whenever possible to fully pipeline this function.  If this DSP48 function was inferred, it is suggested to describe an additional register stage after this function.  If the DSP48 was instantiated in the design, it is suggested to set the PREG attribute to 1.
Related violations: <none>

DPOP-1#17 Warning
PREG Output pipelining  
DSP LSTM_LAYER/GATE_O/DOTPROD_X/outputMAC1 output LSTM_LAYER/GATE_O/DOTPROD_X/outputMAC1/P[47:0] is not pipelined (PREG=0). Pipelining the DSP48 output will improve performance and often saves power so it is suggested whenever possible to fully pipeline this function.  If this DSP48 function was inferred, it is suggested to describe an additional register stage after this function.  If the DSP48 was instantiated in the design, it is suggested to set the PREG attribute to 1.
Related violations: <none>

DPOP-1#18 Warning
PREG Output pipelining  
DSP LSTM_LAYER/GATE_O/DOTPROD_X/outputMAC2 output LSTM_LAYER/GATE_O/DOTPROD_X/outputMAC2/P[47:0] is not pipelined (PREG=0). Pipelining the DSP48 output will improve performance and often saves power so it is suggested whenever possible to fully pipeline this function.  If this DSP48 function was inferred, it is suggested to describe an additional register stage after this function.  If the DSP48 was instantiated in the design, it is suggested to set the PREG attribute to 1.
Related violations: <none>

DPOP-1#19 Warning
PREG Output pipelining  
DSP LSTM_LAYER/GATE_O/DOTPROD_X/outputMAC3 output LSTM_LAYER/GATE_O/DOTPROD_X/outputMAC3/P[47:0] is not pipelined (PREG=0). Pipelining the DSP48 output will improve performance and often saves power so it is suggested whenever possible to fully pipeline this function.  If this DSP48 function was inferred, it is suggested to describe an additional register stage after this function.  If the DSP48 was instantiated in the design, it is suggested to set the PREG attribute to 1.
Related violations: <none>

DPOP-1#20 Warning
PREG Output pipelining  
DSP LSTM_LAYER/GATE_O/DOTPROD_X/outputMAC4 output LSTM_LAYER/GATE_O/DOTPROD_X/outputMAC4/P[47:0] is not pipelined (PREG=0). Pipelining the DSP48 output will improve performance and often saves power so it is suggested whenever possible to fully pipeline this function.  If this DSP48 function was inferred, it is suggested to describe an additional register stage after this function.  If the DSP48 was instantiated in the design, it is suggested to set the PREG attribute to 1.
Related violations: <none>

DPOP-1#21 Warning
PREG Output pipelining  
DSP LSTM_LAYER/GATE_O/DOTPROD_Y/outputMAC1 output LSTM_LAYER/GATE_O/DOTPROD_Y/outputMAC1/P[47:0] is not pipelined (PREG=0). Pipelining the DSP48 output will improve performance and often saves power so it is suggested whenever possible to fully pipeline this function.  If this DSP48 function was inferred, it is suggested to describe an additional register stage after this function.  If the DSP48 was instantiated in the design, it is suggested to set the PREG attribute to 1.
Related violations: <none>

DPOP-1#22 Warning
PREG Output pipelining  
DSP LSTM_LAYER/GATE_O/DOTPROD_Y/outputMAC2 output LSTM_LAYER/GATE_O/DOTPROD_Y/outputMAC2/P[47:0] is not pipelined (PREG=0). Pipelining the DSP48 output will improve performance and often saves power so it is suggested whenever possible to fully pipeline this function.  If this DSP48 function was inferred, it is suggested to describe an additional register stage after this function.  If the DSP48 was instantiated in the design, it is suggested to set the PREG attribute to 1.
Related violations: <none>

DPOP-1#23 Warning
PREG Output pipelining  
DSP LSTM_LAYER/GATE_O/DOTPROD_Y/outputMAC3 output LSTM_LAYER/GATE_O/DOTPROD_Y/outputMAC3/P[47:0] is not pipelined (PREG=0). Pipelining the DSP48 output will improve performance and often saves power so it is suggested whenever possible to fully pipeline this function.  If this DSP48 function was inferred, it is suggested to describe an additional register stage after this function.  If the DSP48 was instantiated in the design, it is suggested to set the PREG attribute to 1.
Related violations: <none>

DPOP-1#24 Warning
PREG Output pipelining  
DSP LSTM_LAYER/GATE_O/DOTPROD_Y/outputMAC4 output LSTM_LAYER/GATE_O/DOTPROD_Y/outputMAC4/P[47:0] is not pipelined (PREG=0). Pipelining the DSP48 output will improve performance and often saves power so it is suggested whenever possible to fully pipeline this function.  If this DSP48 function was inferred, it is suggested to describe an additional register stage after this function.  If the DSP48 was instantiated in the design, it is suggested to set the PREG attribute to 1.
Related violations: <none>

DPOP-1#25 Warning
PREG Output pipelining  
DSP LSTM_LAYER/GATE_Z/DOTPROD_X/outputMAC1 output LSTM_LAYER/GATE_Z/DOTPROD_X/outputMAC1/P[47:0] is not pipelined (PREG=0). Pipelining the DSP48 output will improve performance and often saves power so it is suggested whenever possible to fully pipeline this function.  If this DSP48 function was inferred, it is suggested to describe an additional register stage after this function.  If the DSP48 was instantiated in the design, it is suggested to set the PREG attribute to 1.
Related violations: <none>

DPOP-1#26 Warning
PREG Output pipelining  
DSP LSTM_LAYER/GATE_Z/DOTPROD_X/outputMAC2 output LSTM_LAYER/GATE_Z/DOTPROD_X/outputMAC2/P[47:0] is not pipelined (PREG=0). Pipelining the DSP48 output will improve performance and often saves power so it is suggested whenever possible to fully pipeline this function.  If this DSP48 function was inferred, it is suggested to describe an additional register stage after this function.  If the DSP48 was instantiated in the design, it is suggested to set the PREG attribute to 1.
Related violations: <none>

DPOP-1#27 Warning
PREG Output pipelining  
DSP LSTM_LAYER/GATE_Z/DOTPROD_X/outputMAC3 output LSTM_LAYER/GATE_Z/DOTPROD_X/outputMAC3/P[47:0] is not pipelined (PREG=0). Pipelining the DSP48 output will improve performance and often saves power so it is suggested whenever possible to fully pipeline this function.  If this DSP48 function was inferred, it is suggested to describe an additional register stage after this function.  If the DSP48 was instantiated in the design, it is suggested to set the PREG attribute to 1.
Related violations: <none>

DPOP-1#28 Warning
PREG Output pipelining  
DSP LSTM_LAYER/GATE_Z/DOTPROD_X/outputMAC4 output LSTM_LAYER/GATE_Z/DOTPROD_X/outputMAC4/P[47:0] is not pipelined (PREG=0). Pipelining the DSP48 output will improve performance and often saves power so it is suggested whenever possible to fully pipeline this function.  If this DSP48 function was inferred, it is suggested to describe an additional register stage after this function.  If the DSP48 was instantiated in the design, it is suggested to set the PREG attribute to 1.
Related violations: <none>

DPOP-1#29 Warning
PREG Output pipelining  
DSP LSTM_LAYER/GATE_Z/DOTPROD_Y/outputMAC1 output LSTM_LAYER/GATE_Z/DOTPROD_Y/outputMAC1/P[47:0] is not pipelined (PREG=0). Pipelining the DSP48 output will improve performance and often saves power so it is suggested whenever possible to fully pipeline this function.  If this DSP48 function was inferred, it is suggested to describe an additional register stage after this function.  If the DSP48 was instantiated in the design, it is suggested to set the PREG attribute to 1.
Related violations: <none>

DPOP-1#30 Warning
PREG Output pipelining  
DSP LSTM_LAYER/GATE_Z/DOTPROD_Y/outputMAC2 output LSTM_LAYER/GATE_Z/DOTPROD_Y/outputMAC2/P[47:0] is not pipelined (PREG=0). Pipelining the DSP48 output will improve performance and often saves power so it is suggested whenever possible to fully pipeline this function.  If this DSP48 function was inferred, it is suggested to describe an additional register stage after this function.  If the DSP48 was instantiated in the design, it is suggested to set the PREG attribute to 1.
Related violations: <none>

DPOP-1#31 Warning
PREG Output pipelining  
DSP LSTM_LAYER/GATE_Z/DOTPROD_Y/outputMAC3 output LSTM_LAYER/GATE_Z/DOTPROD_Y/outputMAC3/P[47:0] is not pipelined (PREG=0). Pipelining the DSP48 output will improve performance and often saves power so it is suggested whenever possible to fully pipeline this function.  If this DSP48 function was inferred, it is suggested to describe an additional register stage after this function.  If the DSP48 was instantiated in the design, it is suggested to set the PREG attribute to 1.
Related violations: <none>

DPOP-1#32 Warning
PREG Output pipelining  
DSP LSTM_LAYER/GATE_Z/DOTPROD_Y/outputMAC4 output LSTM_LAYER/GATE_Z/DOTPROD_Y/outputMAC4/P[47:0] is not pipelined (PREG=0). Pipelining the DSP48 output will improve performance and often saves power so it is suggested whenever possible to fully pipeline this function.  If this DSP48 function was inferred, it is suggested to describe an additional register stage after this function.  If the DSP48 was instantiated in the design, it is suggested to set the PREG attribute to 1.
Related violations: <none>

DPOP-2#1 Warning
MREG Output pipelining  
DSP LSTM_LAYER/GATE_F/DOTPROD_X/outputMAC1 multiplier stage LSTM_LAYER/GATE_F/DOTPROD_X/outputMAC1/P[47:0] is not pipelined (MREG=0). Pipelining the multiplier function will improve performance and will save significant power so it is suggested whenever possible to fully pipeline this function.  If this multiplier was inferred, it is suggested to describe an additional register stage after this function.  If there is no registered adder/accumulator following the multiply function, two pipeline stages are suggested to allow both the MREG and PREG registers to be used.  If the DSP48 was instantiated in the design, it is suggested to set both the MREG and PREG attributes to 1 when performing multiply functions.
Related violations: <none>

DPOP-2#2 Warning
MREG Output pipelining  
DSP LSTM_LAYER/GATE_F/DOTPROD_X/outputMAC2 multiplier stage LSTM_LAYER/GATE_F/DOTPROD_X/outputMAC2/P[47:0] is not pipelined (MREG=0). Pipelining the multiplier function will improve performance and will save significant power so it is suggested whenever possible to fully pipeline this function.  If this multiplier was inferred, it is suggested to describe an additional register stage after this function.  If there is no registered adder/accumulator following the multiply function, two pipeline stages are suggested to allow both the MREG and PREG registers to be used.  If the DSP48 was instantiated in the design, it is suggested to set both the MREG and PREG attributes to 1 when performing multiply functions.
Related violations: <none>

DPOP-2#3 Warning
MREG Output pipelining  
DSP LSTM_LAYER/GATE_F/DOTPROD_X/outputMAC3 multiplier stage LSTM_LAYER/GATE_F/DOTPROD_X/outputMAC3/P[47:0] is not pipelined (MREG=0). Pipelining the multiplier function will improve performance and will save significant power so it is suggested whenever possible to fully pipeline this function.  If this multiplier was inferred, it is suggested to describe an additional register stage after this function.  If there is no registered adder/accumulator following the multiply function, two pipeline stages are suggested to allow both the MREG and PREG registers to be used.  If the DSP48 was instantiated in the design, it is suggested to set both the MREG and PREG attributes to 1 when performing multiply functions.
Related violations: <none>

DPOP-2#4 Warning
MREG Output pipelining  
DSP LSTM_LAYER/GATE_F/DOTPROD_X/outputMAC4 multiplier stage LSTM_LAYER/GATE_F/DOTPROD_X/outputMAC4/P[47:0] is not pipelined (MREG=0). Pipelining the multiplier function will improve performance and will save significant power so it is suggested whenever possible to fully pipeline this function.  If this multiplier was inferred, it is suggested to describe an additional register stage after this function.  If there is no registered adder/accumulator following the multiply function, two pipeline stages are suggested to allow both the MREG and PREG registers to be used.  If the DSP48 was instantiated in the design, it is suggested to set both the MREG and PREG attributes to 1 when performing multiply functions.
Related violations: <none>

DPOP-2#5 Warning
MREG Output pipelining  
DSP LSTM_LAYER/GATE_F/DOTPROD_Y/outputMAC1 multiplier stage LSTM_LAYER/GATE_F/DOTPROD_Y/outputMAC1/P[47:0] is not pipelined (MREG=0). Pipelining the multiplier function will improve performance and will save significant power so it is suggested whenever possible to fully pipeline this function.  If this multiplier was inferred, it is suggested to describe an additional register stage after this function.  If there is no registered adder/accumulator following the multiply function, two pipeline stages are suggested to allow both the MREG and PREG registers to be used.  If the DSP48 was instantiated in the design, it is suggested to set both the MREG and PREG attributes to 1 when performing multiply functions.
Related violations: <none>

DPOP-2#6 Warning
MREG Output pipelining  
DSP LSTM_LAYER/GATE_F/DOTPROD_Y/outputMAC2 multiplier stage LSTM_LAYER/GATE_F/DOTPROD_Y/outputMAC2/P[47:0] is not pipelined (MREG=0). Pipelining the multiplier function will improve performance and will save significant power so it is suggested whenever possible to fully pipeline this function.  If this multiplier was inferred, it is suggested to describe an additional register stage after this function.  If there is no registered adder/accumulator following the multiply function, two pipeline stages are suggested to allow both the MREG and PREG registers to be used.  If the DSP48 was instantiated in the design, it is suggested to set both the MREG and PREG attributes to 1 when performing multiply functions.
Related violations: <none>

DPOP-2#7 Warning
MREG Output pipelining  
DSP LSTM_LAYER/GATE_F/DOTPROD_Y/outputMAC3 multiplier stage LSTM_LAYER/GATE_F/DOTPROD_Y/outputMAC3/P[47:0] is not pipelined (MREG=0). Pipelining the multiplier function will improve performance and will save significant power so it is suggested whenever possible to fully pipeline this function.  If this multiplier was inferred, it is suggested to describe an additional register stage after this function.  If there is no registered adder/accumulator following the multiply function, two pipeline stages are suggested to allow both the MREG and PREG registers to be used.  If the DSP48 was instantiated in the design, it is suggested to set both the MREG and PREG attributes to 1 when performing multiply functions.
Related violations: <none>

DPOP-2#8 Warning
MREG Output pipelining  
DSP LSTM_LAYER/GATE_F/DOTPROD_Y/outputMAC4 multiplier stage LSTM_LAYER/GATE_F/DOTPROD_Y/outputMAC4/P[47:0] is not pipelined (MREG=0). Pipelining the multiplier function will improve performance and will save significant power so it is suggested whenever possible to fully pipeline this function.  If this multiplier was inferred, it is suggested to describe an additional register stage after this function.  If there is no registered adder/accumulator following the multiply function, two pipeline stages are suggested to allow both the MREG and PREG registers to be used.  If the DSP48 was instantiated in the design, it is suggested to set both the MREG and PREG attributes to 1 when performing multiply functions.
Related violations: <none>

DPOP-2#9 Warning
MREG Output pipelining  
DSP LSTM_LAYER/GATE_I/DOTPROD_X/outputMAC1 multiplier stage LSTM_LAYER/GATE_I/DOTPROD_X/outputMAC1/P[47:0] is not pipelined (MREG=0). Pipelining the multiplier function will improve performance and will save significant power so it is suggested whenever possible to fully pipeline this function.  If this multiplier was inferred, it is suggested to describe an additional register stage after this function.  If there is no registered adder/accumulator following the multiply function, two pipeline stages are suggested to allow both the MREG and PREG registers to be used.  If the DSP48 was instantiated in the design, it is suggested to set both the MREG and PREG attributes to 1 when performing multiply functions.
Related violations: <none>

DPOP-2#10 Warning
MREG Output pipelining  
DSP LSTM_LAYER/GATE_I/DOTPROD_X/outputMAC2 multiplier stage LSTM_LAYER/GATE_I/DOTPROD_X/outputMAC2/P[47:0] is not pipelined (MREG=0). Pipelining the multiplier function will improve performance and will save significant power so it is suggested whenever possible to fully pipeline this function.  If this multiplier was inferred, it is suggested to describe an additional register stage after this function.  If there is no registered adder/accumulator following the multiply function, two pipeline stages are suggested to allow both the MREG and PREG registers to be used.  If the DSP48 was instantiated in the design, it is suggested to set both the MREG and PREG attributes to 1 when performing multiply functions.
Related violations: <none>

DPOP-2#11 Warning
MREG Output pipelining  
DSP LSTM_LAYER/GATE_I/DOTPROD_X/outputMAC3 multiplier stage LSTM_LAYER/GATE_I/DOTPROD_X/outputMAC3/P[47:0] is not pipelined (MREG=0). Pipelining the multiplier function will improve performance and will save significant power so it is suggested whenever possible to fully pipeline this function.  If this multiplier was inferred, it is suggested to describe an additional register stage after this function.  If there is no registered adder/accumulator following the multiply function, two pipeline stages are suggested to allow both the MREG and PREG registers to be used.  If the DSP48 was instantiated in the design, it is suggested to set both the MREG and PREG attributes to 1 when performing multiply functions.
Related violations: <none>

DPOP-2#12 Warning
MREG Output pipelining  
DSP LSTM_LAYER/GATE_I/DOTPROD_X/outputMAC4 multiplier stage LSTM_LAYER/GATE_I/DOTPROD_X/outputMAC4/P[47:0] is not pipelined (MREG=0). Pipelining the multiplier function will improve performance and will save significant power so it is suggested whenever possible to fully pipeline this function.  If this multiplier was inferred, it is suggested to describe an additional register stage after this function.  If there is no registered adder/accumulator following the multiply function, two pipeline stages are suggested to allow both the MREG and PREG registers to be used.  If the DSP48 was instantiated in the design, it is suggested to set both the MREG and PREG attributes to 1 when performing multiply functions.
Related violations: <none>

DPOP-2#13 Warning
MREG Output pipelining  
DSP LSTM_LAYER/GATE_I/DOTPROD_Y/outputMAC1 multiplier stage LSTM_LAYER/GATE_I/DOTPROD_Y/outputMAC1/P[47:0] is not pipelined (MREG=0). Pipelining the multiplier function will improve performance and will save significant power so it is suggested whenever possible to fully pipeline this function.  If this multiplier was inferred, it is suggested to describe an additional register stage after this function.  If there is no registered adder/accumulator following the multiply function, two pipeline stages are suggested to allow both the MREG and PREG registers to be used.  If the DSP48 was instantiated in the design, it is suggested to set both the MREG and PREG attributes to 1 when performing multiply functions.
Related violations: <none>

DPOP-2#14 Warning
MREG Output pipelining  
DSP LSTM_LAYER/GATE_I/DOTPROD_Y/outputMAC2 multiplier stage LSTM_LAYER/GATE_I/DOTPROD_Y/outputMAC2/P[47:0] is not pipelined (MREG=0). Pipelining the multiplier function will improve performance and will save significant power so it is suggested whenever possible to fully pipeline this function.  If this multiplier was inferred, it is suggested to describe an additional register stage after this function.  If there is no registered adder/accumulator following the multiply function, two pipeline stages are suggested to allow both the MREG and PREG registers to be used.  If the DSP48 was instantiated in the design, it is suggested to set both the MREG and PREG attributes to 1 when performing multiply functions.
Related violations: <none>

DPOP-2#15 Warning
MREG Output pipelining  
DSP LSTM_LAYER/GATE_I/DOTPROD_Y/outputMAC3 multiplier stage LSTM_LAYER/GATE_I/DOTPROD_Y/outputMAC3/P[47:0] is not pipelined (MREG=0). Pipelining the multiplier function will improve performance and will save significant power so it is suggested whenever possible to fully pipeline this function.  If this multiplier was inferred, it is suggested to describe an additional register stage after this function.  If there is no registered adder/accumulator following the multiply function, two pipeline stages are suggested to allow both the MREG and PREG registers to be used.  If the DSP48 was instantiated in the design, it is suggested to set both the MREG and PREG attributes to 1 when performing multiply functions.
Related violations: <none>

DPOP-2#16 Warning
MREG Output pipelining  
DSP LSTM_LAYER/GATE_I/DOTPROD_Y/outputMAC4 multiplier stage LSTM_LAYER/GATE_I/DOTPROD_Y/outputMAC4/P[47:0] is not pipelined (MREG=0). Pipelining the multiplier function will improve performance and will save significant power so it is suggested whenever possible to fully pipeline this function.  If this multiplier was inferred, it is suggested to describe an additional register stage after this function.  If there is no registered adder/accumulator following the multiply function, two pipeline stages are suggested to allow both the MREG and PREG registers to be used.  If the DSP48 was instantiated in the design, it is suggested to set both the MREG and PREG attributes to 1 when performing multiply functions.
Related violations: <none>

DPOP-2#17 Warning
MREG Output pipelining  
DSP LSTM_LAYER/GATE_O/DOTPROD_X/outputMAC1 multiplier stage LSTM_LAYER/GATE_O/DOTPROD_X/outputMAC1/P[47:0] is not pipelined (MREG=0). Pipelining the multiplier function will improve performance and will save significant power so it is suggested whenever possible to fully pipeline this function.  If this multiplier was inferred, it is suggested to describe an additional register stage after this function.  If there is no registered adder/accumulator following the multiply function, two pipeline stages are suggested to allow both the MREG and PREG registers to be used.  If the DSP48 was instantiated in the design, it is suggested to set both the MREG and PREG attributes to 1 when performing multiply functions.
Related violations: <none>

DPOP-2#18 Warning
MREG Output pipelining  
DSP LSTM_LAYER/GATE_O/DOTPROD_X/outputMAC2 multiplier stage LSTM_LAYER/GATE_O/DOTPROD_X/outputMAC2/P[47:0] is not pipelined (MREG=0). Pipelining the multiplier function will improve performance and will save significant power so it is suggested whenever possible to fully pipeline this function.  If this multiplier was inferred, it is suggested to describe an additional register stage after this function.  If there is no registered adder/accumulator following the multiply function, two pipeline stages are suggested to allow both the MREG and PREG registers to be used.  If the DSP48 was instantiated in the design, it is suggested to set both the MREG and PREG attributes to 1 when performing multiply functions.
Related violations: <none>

DPOP-2#19 Warning
MREG Output pipelining  
DSP LSTM_LAYER/GATE_O/DOTPROD_X/outputMAC3 multiplier stage LSTM_LAYER/GATE_O/DOTPROD_X/outputMAC3/P[47:0] is not pipelined (MREG=0). Pipelining the multiplier function will improve performance and will save significant power so it is suggested whenever possible to fully pipeline this function.  If this multiplier was inferred, it is suggested to describe an additional register stage after this function.  If there is no registered adder/accumulator following the multiply function, two pipeline stages are suggested to allow both the MREG and PREG registers to be used.  If the DSP48 was instantiated in the design, it is suggested to set both the MREG and PREG attributes to 1 when performing multiply functions.
Related violations: <none>

DPOP-2#20 Warning
MREG Output pipelining  
DSP LSTM_LAYER/GATE_O/DOTPROD_X/outputMAC4 multiplier stage LSTM_LAYER/GATE_O/DOTPROD_X/outputMAC4/P[47:0] is not pipelined (MREG=0). Pipelining the multiplier function will improve performance and will save significant power so it is suggested whenever possible to fully pipeline this function.  If this multiplier was inferred, it is suggested to describe an additional register stage after this function.  If there is no registered adder/accumulator following the multiply function, two pipeline stages are suggested to allow both the MREG and PREG registers to be used.  If the DSP48 was instantiated in the design, it is suggested to set both the MREG and PREG attributes to 1 when performing multiply functions.
Related violations: <none>

DPOP-2#21 Warning
MREG Output pipelining  
DSP LSTM_LAYER/GATE_O/DOTPROD_Y/outputMAC1 multiplier stage LSTM_LAYER/GATE_O/DOTPROD_Y/outputMAC1/P[47:0] is not pipelined (MREG=0). Pipelining the multiplier function will improve performance and will save significant power so it is suggested whenever possible to fully pipeline this function.  If this multiplier was inferred, it is suggested to describe an additional register stage after this function.  If there is no registered adder/accumulator following the multiply function, two pipeline stages are suggested to allow both the MREG and PREG registers to be used.  If the DSP48 was instantiated in the design, it is suggested to set both the MREG and PREG attributes to 1 when performing multiply functions.
Related violations: <none>

DPOP-2#22 Warning
MREG Output pipelining  
DSP LSTM_LAYER/GATE_O/DOTPROD_Y/outputMAC2 multiplier stage LSTM_LAYER/GATE_O/DOTPROD_Y/outputMAC2/P[47:0] is not pipelined (MREG=0). Pipelining the multiplier function will improve performance and will save significant power so it is suggested whenever possible to fully pipeline this function.  If this multiplier was inferred, it is suggested to describe an additional register stage after this function.  If there is no registered adder/accumulator following the multiply function, two pipeline stages are suggested to allow both the MREG and PREG registers to be used.  If the DSP48 was instantiated in the design, it is suggested to set both the MREG and PREG attributes to 1 when performing multiply functions.
Related violations: <none>

DPOP-2#23 Warning
MREG Output pipelining  
DSP LSTM_LAYER/GATE_O/DOTPROD_Y/outputMAC3 multiplier stage LSTM_LAYER/GATE_O/DOTPROD_Y/outputMAC3/P[47:0] is not pipelined (MREG=0). Pipelining the multiplier function will improve performance and will save significant power so it is suggested whenever possible to fully pipeline this function.  If this multiplier was inferred, it is suggested to describe an additional register stage after this function.  If there is no registered adder/accumulator following the multiply function, two pipeline stages are suggested to allow both the MREG and PREG registers to be used.  If the DSP48 was instantiated in the design, it is suggested to set both the MREG and PREG attributes to 1 when performing multiply functions.
Related violations: <none>

DPOP-2#24 Warning
MREG Output pipelining  
DSP LSTM_LAYER/GATE_O/DOTPROD_Y/outputMAC4 multiplier stage LSTM_LAYER/GATE_O/DOTPROD_Y/outputMAC4/P[47:0] is not pipelined (MREG=0). Pipelining the multiplier function will improve performance and will save significant power so it is suggested whenever possible to fully pipeline this function.  If this multiplier was inferred, it is suggested to describe an additional register stage after this function.  If there is no registered adder/accumulator following the multiply function, two pipeline stages are suggested to allow both the MREG and PREG registers to be used.  If the DSP48 was instantiated in the design, it is suggested to set both the MREG and PREG attributes to 1 when performing multiply functions.
Related violations: <none>

DPOP-2#25 Warning
MREG Output pipelining  
DSP LSTM_LAYER/GATE_Z/DOTPROD_X/outputMAC1 multiplier stage LSTM_LAYER/GATE_Z/DOTPROD_X/outputMAC1/P[47:0] is not pipelined (MREG=0). Pipelining the multiplier function will improve performance and will save significant power so it is suggested whenever possible to fully pipeline this function.  If this multiplier was inferred, it is suggested to describe an additional register stage after this function.  If there is no registered adder/accumulator following the multiply function, two pipeline stages are suggested to allow both the MREG and PREG registers to be used.  If the DSP48 was instantiated in the design, it is suggested to set both the MREG and PREG attributes to 1 when performing multiply functions.
Related violations: <none>

DPOP-2#26 Warning
MREG Output pipelining  
DSP LSTM_LAYER/GATE_Z/DOTPROD_X/outputMAC2 multiplier stage LSTM_LAYER/GATE_Z/DOTPROD_X/outputMAC2/P[47:0] is not pipelined (MREG=0). Pipelining the multiplier function will improve performance and will save significant power so it is suggested whenever possible to fully pipeline this function.  If this multiplier was inferred, it is suggested to describe an additional register stage after this function.  If there is no registered adder/accumulator following the multiply function, two pipeline stages are suggested to allow both the MREG and PREG registers to be used.  If the DSP48 was instantiated in the design, it is suggested to set both the MREG and PREG attributes to 1 when performing multiply functions.
Related violations: <none>

DPOP-2#27 Warning
MREG Output pipelining  
DSP LSTM_LAYER/GATE_Z/DOTPROD_X/outputMAC3 multiplier stage LSTM_LAYER/GATE_Z/DOTPROD_X/outputMAC3/P[47:0] is not pipelined (MREG=0). Pipelining the multiplier function will improve performance and will save significant power so it is suggested whenever possible to fully pipeline this function.  If this multiplier was inferred, it is suggested to describe an additional register stage after this function.  If there is no registered adder/accumulator following the multiply function, two pipeline stages are suggested to allow both the MREG and PREG registers to be used.  If the DSP48 was instantiated in the design, it is suggested to set both the MREG and PREG attributes to 1 when performing multiply functions.
Related violations: <none>

DPOP-2#28 Warning
MREG Output pipelining  
DSP LSTM_LAYER/GATE_Z/DOTPROD_X/outputMAC4 multiplier stage LSTM_LAYER/GATE_Z/DOTPROD_X/outputMAC4/P[47:0] is not pipelined (MREG=0). Pipelining the multiplier function will improve performance and will save significant power so it is suggested whenever possible to fully pipeline this function.  If this multiplier was inferred, it is suggested to describe an additional register stage after this function.  If there is no registered adder/accumulator following the multiply function, two pipeline stages are suggested to allow both the MREG and PREG registers to be used.  If the DSP48 was instantiated in the design, it is suggested to set both the MREG and PREG attributes to 1 when performing multiply functions.
Related violations: <none>

DPOP-2#29 Warning
MREG Output pipelining  
DSP LSTM_LAYER/GATE_Z/DOTPROD_Y/outputMAC1 multiplier stage LSTM_LAYER/GATE_Z/DOTPROD_Y/outputMAC1/P[47:0] is not pipelined (MREG=0). Pipelining the multiplier function will improve performance and will save significant power so it is suggested whenever possible to fully pipeline this function.  If this multiplier was inferred, it is suggested to describe an additional register stage after this function.  If there is no registered adder/accumulator following the multiply function, two pipeline stages are suggested to allow both the MREG and PREG registers to be used.  If the DSP48 was instantiated in the design, it is suggested to set both the MREG and PREG attributes to 1 when performing multiply functions.
Related violations: <none>

DPOP-2#30 Warning
MREG Output pipelining  
DSP LSTM_LAYER/GATE_Z/DOTPROD_Y/outputMAC2 multiplier stage LSTM_LAYER/GATE_Z/DOTPROD_Y/outputMAC2/P[47:0] is not pipelined (MREG=0). Pipelining the multiplier function will improve performance and will save significant power so it is suggested whenever possible to fully pipeline this function.  If this multiplier was inferred, it is suggested to describe an additional register stage after this function.  If there is no registered adder/accumulator following the multiply function, two pipeline stages are suggested to allow both the MREG and PREG registers to be used.  If the DSP48 was instantiated in the design, it is suggested to set both the MREG and PREG attributes to 1 when performing multiply functions.
Related violations: <none>

DPOP-2#31 Warning
MREG Output pipelining  
DSP LSTM_LAYER/GATE_Z/DOTPROD_Y/outputMAC3 multiplier stage LSTM_LAYER/GATE_Z/DOTPROD_Y/outputMAC3/P[47:0] is not pipelined (MREG=0). Pipelining the multiplier function will improve performance and will save significant power so it is suggested whenever possible to fully pipeline this function.  If this multiplier was inferred, it is suggested to describe an additional register stage after this function.  If there is no registered adder/accumulator following the multiply function, two pipeline stages are suggested to allow both the MREG and PREG registers to be used.  If the DSP48 was instantiated in the design, it is suggested to set both the MREG and PREG attributes to 1 when performing multiply functions.
Related violations: <none>

DPOP-2#32 Warning
MREG Output pipelining  
DSP LSTM_LAYER/GATE_Z/DOTPROD_Y/outputMAC4 multiplier stage LSTM_LAYER/GATE_Z/DOTPROD_Y/outputMAC4/P[47:0] is not pipelined (MREG=0). Pipelining the multiplier function will improve performance and will save significant power so it is suggested whenever possible to fully pipeline this function.  If this multiplier was inferred, it is suggested to describe an additional register stage after this function.  If there is no registered adder/accumulator following the multiply function, two pipeline stages are suggested to allow both the MREG and PREG registers to be used.  If the DSP48 was instantiated in the design, it is suggested to set both the MREG and PREG attributes to 1 when performing multiply functions.
Related violations: <none>

DPOP-2#33 Warning
MREG Output pipelining  
DSP LSTM_LAYER/elemWiseMult_out0 multiplier stage LSTM_LAYER/elemWiseMult_out0/P[47:0] is not pipelined (MREG=0). Pipelining the multiplier function will improve performance and will save significant power so it is suggested whenever possible to fully pipeline this function.  If this multiplier was inferred, it is suggested to describe an additional register stage after this function.  If there is no registered adder/accumulator following the multiply function, two pipeline stages are suggested to allow both the MREG and PREG registers to be used.  If the DSP48 was instantiated in the design, it is suggested to set both the MREG and PREG attributes to 1 when performing multiply functions.
Related violations: <none>

DPOP-2#34 Warning
MREG Output pipelining  
DSP LSTM_LAYER/elemWiseMult_out0__0 multiplier stage LSTM_LAYER/elemWiseMult_out0__0/P[47:0] is not pipelined (MREG=0). Pipelining the multiplier function will improve performance and will save significant power so it is suggested whenever possible to fully pipeline this function.  If this multiplier was inferred, it is suggested to describe an additional register stage after this function.  If there is no registered adder/accumulator following the multiply function, two pipeline stages are suggested to allow both the MREG and PREG registers to be used.  If the DSP48 was instantiated in the design, it is suggested to set both the MREG and PREG attributes to 1 when performing multiply functions.
Related violations: <none>

DPOP-2#35 Warning
MREG Output pipelining  
DSP LSTM_LAYER/elemWiseMult_out0__1 multiplier stage LSTM_LAYER/elemWiseMult_out0__1/P[47:0] is not pipelined (MREG=0). Pipelining the multiplier function will improve performance and will save significant power so it is suggested whenever possible to fully pipeline this function.  If this multiplier was inferred, it is suggested to describe an additional register stage after this function.  If there is no registered adder/accumulator following the multiply function, two pipeline stages are suggested to allow both the MREG and PREG registers to be used.  If the DSP48 was instantiated in the design, it is suggested to set both the MREG and PREG attributes to 1 when performing multiply functions.
Related violations: <none>

DPOP-2#36 Warning
MREG Output pipelining  
DSP LSTM_LAYER/elemWiseMult_out0__2 multiplier stage LSTM_LAYER/elemWiseMult_out0__2/P[47:0] is not pipelined (MREG=0). Pipelining the multiplier function will improve performance and will save significant power so it is suggested whenever possible to fully pipeline this function.  If this multiplier was inferred, it is suggested to describe an additional register stage after this function.  If there is no registered adder/accumulator following the multiply function, two pipeline stages are suggested to allow both the MREG and PREG registers to be used.  If the DSP48 was instantiated in the design, it is suggested to set both the MREG and PREG attributes to 1 when performing multiply functions.
Related violations: <none>

DPOP-2#37 Warning
MREG Output pipelining  
DSP LSTM_LAYER/elemWiseMult_out0__3 multiplier stage LSTM_LAYER/elemWiseMult_out0__3/P[47:0] is not pipelined (MREG=0). Pipelining the multiplier function will improve performance and will save significant power so it is suggested whenever possible to fully pipeline this function.  If this multiplier was inferred, it is suggested to describe an additional register stage after this function.  If there is no registered adder/accumulator following the multiply function, two pipeline stages are suggested to allow both the MREG and PREG registers to be used.  If the DSP48 was instantiated in the design, it is suggested to set both the MREG and PREG attributes to 1 when performing multiply functions.
Related violations: <none>

DPOP-2#38 Warning
MREG Output pipelining  
DSP LSTM_LAYER/elemWiseMult_out0__4 multiplier stage LSTM_LAYER/elemWiseMult_out0__4/P[47:0] is not pipelined (MREG=0). Pipelining the multiplier function will improve performance and will save significant power so it is suggested whenever possible to fully pipeline this function.  If this multiplier was inferred, it is suggested to describe an additional register stage after this function.  If there is no registered adder/accumulator following the multiply function, two pipeline stages are suggested to allow both the MREG and PREG registers to be used.  If the DSP48 was instantiated in the design, it is suggested to set both the MREG and PREG attributes to 1 when performing multiply functions.
Related violations: <none>

DPOP-2#39 Warning
MREG Output pipelining  
DSP LSTM_LAYER/elemWiseMult_out0__5 multiplier stage LSTM_LAYER/elemWiseMult_out0__5/P[47:0] is not pipelined (MREG=0). Pipelining the multiplier function will improve performance and will save significant power so it is suggested whenever possible to fully pipeline this function.  If this multiplier was inferred, it is suggested to describe an additional register stage after this function.  If there is no registered adder/accumulator following the multiply function, two pipeline stages are suggested to allow both the MREG and PREG registers to be used.  If the DSP48 was instantiated in the design, it is suggested to set both the MREG and PREG attributes to 1 when performing multiply functions.
Related violations: <none>

DPOP-2#40 Warning
MREG Output pipelining  
DSP LSTM_LAYER/elemWiseMult_out0__6 multiplier stage LSTM_LAYER/elemWiseMult_out0__6/P[47:0] is not pipelined (MREG=0). Pipelining the multiplier function will improve performance and will save significant power so it is suggested whenever possible to fully pipeline this function.  If this multiplier was inferred, it is suggested to describe an additional register stage after this function.  If there is no registered adder/accumulator following the multiply function, two pipeline stages are suggested to allow both the MREG and PREG registers to be used.  If the DSP48 was instantiated in the design, it is suggested to set both the MREG and PREG attributes to 1 when performing multiply functions.
Related violations: <none>

DPOP-2#41 Warning
MREG Output pipelining  
DSP LSTM_LAYER/genblk1[0].sigmoid_i/outputMAC_reg multiplier stage LSTM_LAYER/genblk1[0].sigmoid_i/outputMAC_reg/P[47:0] is not pipelined (MREG=0). Pipelining the multiplier function will improve performance and will save significant power so it is suggested whenever possible to fully pipeline this function.  If this multiplier was inferred, it is suggested to describe an additional register stage after this function.  If there is no registered adder/accumulator following the multiply function, two pipeline stages are suggested to allow both the MREG and PREG registers to be used.  If the DSP48 was instantiated in the design, it is suggested to set both the MREG and PREG attributes to 1 when performing multiply functions.
Related violations: <none>

DPOP-2#42 Warning
MREG Output pipelining  
DSP LSTM_LAYER/genblk1[1].sigmoid_i/outputMAC_reg multiplier stage LSTM_LAYER/genblk1[1].sigmoid_i/outputMAC_reg/P[47:0] is not pipelined (MREG=0). Pipelining the multiplier function will improve performance and will save significant power so it is suggested whenever possible to fully pipeline this function.  If this multiplier was inferred, it is suggested to describe an additional register stage after this function.  If there is no registered adder/accumulator following the multiply function, two pipeline stages are suggested to allow both the MREG and PREG registers to be used.  If the DSP48 was instantiated in the design, it is suggested to set both the MREG and PREG attributes to 1 when performing multiply functions.
Related violations: <none>

DPOP-2#43 Warning
MREG Output pipelining  
DSP LSTM_LAYER/genblk1[2].sigmoid_i/outputMAC_reg multiplier stage LSTM_LAYER/genblk1[2].sigmoid_i/outputMAC_reg/P[47:0] is not pipelined (MREG=0). Pipelining the multiplier function will improve performance and will save significant power so it is suggested whenever possible to fully pipeline this function.  If this multiplier was inferred, it is suggested to describe an additional register stage after this function.  If there is no registered adder/accumulator following the multiply function, two pipeline stages are suggested to allow both the MREG and PREG registers to be used.  If the DSP48 was instantiated in the design, it is suggested to set both the MREG and PREG attributes to 1 when performing multiply functions.
Related violations: <none>

DPOP-2#44 Warning
MREG Output pipelining  
DSP LSTM_LAYER/genblk1[3].sigmoid_i/outputMAC_reg multiplier stage LSTM_LAYER/genblk1[3].sigmoid_i/outputMAC_reg/P[47:0] is not pipelined (MREG=0). Pipelining the multiplier function will improve performance and will save significant power so it is suggested whenever possible to fully pipeline this function.  If this multiplier was inferred, it is suggested to describe an additional register stage after this function.  If there is no registered adder/accumulator following the multiply function, two pipeline stages are suggested to allow both the MREG and PREG registers to be used.  If the DSP48 was instantiated in the design, it is suggested to set both the MREG and PREG attributes to 1 when performing multiply functions.
Related violations: <none>

DPOP-2#45 Warning
MREG Output pipelining  
DSP LSTM_LAYER/genblk1[4].sigmoid_i/outputMAC_reg multiplier stage LSTM_LAYER/genblk1[4].sigmoid_i/outputMAC_reg/P[47:0] is not pipelined (MREG=0). Pipelining the multiplier function will improve performance and will save significant power so it is suggested whenever possible to fully pipeline this function.  If this multiplier was inferred, it is suggested to describe an additional register stage after this function.  If there is no registered adder/accumulator following the multiply function, two pipeline stages are suggested to allow both the MREG and PREG registers to be used.  If the DSP48 was instantiated in the design, it is suggested to set both the MREG and PREG attributes to 1 when performing multiply functions.
Related violations: <none>

DPOP-2#46 Warning
MREG Output pipelining  
DSP LSTM_LAYER/genblk1[5].sigmoid_i/outputMAC_reg multiplier stage LSTM_LAYER/genblk1[5].sigmoid_i/outputMAC_reg/P[47:0] is not pipelined (MREG=0). Pipelining the multiplier function will improve performance and will save significant power so it is suggested whenever possible to fully pipeline this function.  If this multiplier was inferred, it is suggested to describe an additional register stage after this function.  If there is no registered adder/accumulator following the multiply function, two pipeline stages are suggested to allow both the MREG and PREG registers to be used.  If the DSP48 was instantiated in the design, it is suggested to set both the MREG and PREG attributes to 1 when performing multiply functions.
Related violations: <none>

DPOP-2#47 Warning
MREG Output pipelining  
DSP LSTM_LAYER/genblk1[6].sigmoid_i/outputMAC_reg multiplier stage LSTM_LAYER/genblk1[6].sigmoid_i/outputMAC_reg/P[47:0] is not pipelined (MREG=0). Pipelining the multiplier function will improve performance and will save significant power so it is suggested whenever possible to fully pipeline this function.  If this multiplier was inferred, it is suggested to describe an additional register stage after this function.  If there is no registered adder/accumulator following the multiply function, two pipeline stages are suggested to allow both the MREG and PREG registers to be used.  If the DSP48 was instantiated in the design, it is suggested to set both the MREG and PREG attributes to 1 when performing multiply functions.
Related violations: <none>

DPOP-2#48 Warning
MREG Output pipelining  
DSP LSTM_LAYER/genblk1[7].sigmoid_i/outputMAC_reg multiplier stage LSTM_LAYER/genblk1[7].sigmoid_i/outputMAC_reg/P[47:0] is not pipelined (MREG=0). Pipelining the multiplier function will improve performance and will save significant power so it is suggested whenever possible to fully pipeline this function.  If this multiplier was inferred, it is suggested to describe an additional register stage after this function.  If there is no registered adder/accumulator following the multiply function, two pipeline stages are suggested to allow both the MREG and PREG registers to be used.  If the DSP48 was instantiated in the design, it is suggested to set both the MREG and PREG attributes to 1 when performing multiply functions.
Related violations: <none>

DPOP-2#49 Warning
MREG Output pipelining  
DSP LSTM_LAYER/genblk2[0].tanh_i/outputMAC_reg multiplier stage LSTM_LAYER/genblk2[0].tanh_i/outputMAC_reg/P[47:0] is not pipelined (MREG=0). Pipelining the multiplier function will improve performance and will save significant power so it is suggested whenever possible to fully pipeline this function.  If this multiplier was inferred, it is suggested to describe an additional register stage after this function.  If there is no registered adder/accumulator following the multiply function, two pipeline stages are suggested to allow both the MREG and PREG registers to be used.  If the DSP48 was instantiated in the design, it is suggested to set both the MREG and PREG attributes to 1 when performing multiply functions.
Related violations: <none>

DPOP-2#50 Warning
MREG Output pipelining  
DSP LSTM_LAYER/genblk2[1].tanh_i/outputMAC_reg multiplier stage LSTM_LAYER/genblk2[1].tanh_i/outputMAC_reg/P[47:0] is not pipelined (MREG=0). Pipelining the multiplier function will improve performance and will save significant power so it is suggested whenever possible to fully pipeline this function.  If this multiplier was inferred, it is suggested to describe an additional register stage after this function.  If there is no registered adder/accumulator following the multiply function, two pipeline stages are suggested to allow both the MREG and PREG registers to be used.  If the DSP48 was instantiated in the design, it is suggested to set both the MREG and PREG attributes to 1 when performing multiply functions.
Related violations: <none>

DPOP-2#51 Warning
MREG Output pipelining  
DSP LSTM_LAYER/genblk2[2].tanh_i/outputMAC_reg multiplier stage LSTM_LAYER/genblk2[2].tanh_i/outputMAC_reg/P[47:0] is not pipelined (MREG=0). Pipelining the multiplier function will improve performance and will save significant power so it is suggested whenever possible to fully pipeline this function.  If this multiplier was inferred, it is suggested to describe an additional register stage after this function.  If there is no registered adder/accumulator following the multiply function, two pipeline stages are suggested to allow both the MREG and PREG registers to be used.  If the DSP48 was instantiated in the design, it is suggested to set both the MREG and PREG attributes to 1 when performing multiply functions.
Related violations: <none>

DPOP-2#52 Warning
MREG Output pipelining  
DSP LSTM_LAYER/genblk2[3].tanh_i/outputMAC_reg multiplier stage LSTM_LAYER/genblk2[3].tanh_i/outputMAC_reg/P[47:0] is not pipelined (MREG=0). Pipelining the multiplier function will improve performance and will save significant power so it is suggested whenever possible to fully pipeline this function.  If this multiplier was inferred, it is suggested to describe an additional register stage after this function.  If there is no registered adder/accumulator following the multiply function, two pipeline stages are suggested to allow both the MREG and PREG registers to be used.  If the DSP48 was instantiated in the design, it is suggested to set both the MREG and PREG attributes to 1 when performing multiply functions.
Related violations: <none>

DPOP-2#53 Warning
MREG Output pipelining  
DSP LSTM_LAYER/genblk2[4].tanh_i/outputMAC_reg multiplier stage LSTM_LAYER/genblk2[4].tanh_i/outputMAC_reg/P[47:0] is not pipelined (MREG=0). Pipelining the multiplier function will improve performance and will save significant power so it is suggested whenever possible to fully pipeline this function.  If this multiplier was inferred, it is suggested to describe an additional register stage after this function.  If there is no registered adder/accumulator following the multiply function, two pipeline stages are suggested to allow both the MREG and PREG registers to be used.  If the DSP48 was instantiated in the design, it is suggested to set both the MREG and PREG attributes to 1 when performing multiply functions.
Related violations: <none>

DPOP-2#54 Warning
MREG Output pipelining  
DSP LSTM_LAYER/genblk2[5].tanh_i/outputMAC_reg multiplier stage LSTM_LAYER/genblk2[5].tanh_i/outputMAC_reg/P[47:0] is not pipelined (MREG=0). Pipelining the multiplier function will improve performance and will save significant power so it is suggested whenever possible to fully pipeline this function.  If this multiplier was inferred, it is suggested to describe an additional register stage after this function.  If there is no registered adder/accumulator following the multiply function, two pipeline stages are suggested to allow both the MREG and PREG registers to be used.  If the DSP48 was instantiated in the design, it is suggested to set both the MREG and PREG attributes to 1 when performing multiply functions.
Related violations: <none>

DPOP-2#55 Warning
MREG Output pipelining  
DSP LSTM_LAYER/genblk2[6].tanh_i/outputMAC_reg multiplier stage LSTM_LAYER/genblk2[6].tanh_i/outputMAC_reg/P[47:0] is not pipelined (MREG=0). Pipelining the multiplier function will improve performance and will save significant power so it is suggested whenever possible to fully pipeline this function.  If this multiplier was inferred, it is suggested to describe an additional register stage after this function.  If there is no registered adder/accumulator following the multiply function, two pipeline stages are suggested to allow both the MREG and PREG registers to be used.  If the DSP48 was instantiated in the design, it is suggested to set both the MREG and PREG attributes to 1 when performing multiply functions.
Related violations: <none>

DPOP-2#56 Warning
MREG Output pipelining  
DSP LSTM_LAYER/genblk2[7].tanh_i/outputMAC_reg multiplier stage LSTM_LAYER/genblk2[7].tanh_i/outputMAC_reg/P[47:0] is not pipelined (MREG=0). Pipelining the multiplier function will improve performance and will save significant power so it is suggested whenever possible to fully pipeline this function.  If this multiplier was inferred, it is suggested to describe an additional register stage after this function.  If there is no registered adder/accumulator following the multiply function, two pipeline stages are suggested to allow both the MREG and PREG registers to be used.  If the DSP48 was instantiated in the design, it is suggested to set both the MREG and PREG attributes to 1 when performing multiply functions.
Related violations: <none>

DPOP-2#57 Warning
MREG Output pipelining  
DSP PERCEPTRON/outputMAC0 multiplier stage PERCEPTRON/outputMAC0/P[47:0] is not pipelined (MREG=0). Pipelining the multiplier function will improve performance and will save significant power so it is suggested whenever possible to fully pipeline this function.  If this multiplier was inferred, it is suggested to describe an additional register stage after this function.  If there is no registered adder/accumulator following the multiply function, two pipeline stages are suggested to allow both the MREG and PREG registers to be used.  If the DSP48 was instantiated in the design, it is suggested to set both the MREG and PREG attributes to 1 when performing multiply functions.
Related violations: <none>

DPOP-2#58 Warning
MREG Output pipelining  
DSP PERCEPTRON/outputMAC0__0 multiplier stage PERCEPTRON/outputMAC0__0/P[47:0] is not pipelined (MREG=0). Pipelining the multiplier function will improve performance and will save significant power so it is suggested whenever possible to fully pipeline this function.  If this multiplier was inferred, it is suggested to describe an additional register stage after this function.  If there is no registered adder/accumulator following the multiply function, two pipeline stages are suggested to allow both the MREG and PREG registers to be used.  If the DSP48 was instantiated in the design, it is suggested to set both the MREG and PREG attributes to 1 when performing multiply functions.
Related violations: <none>

DPOP-2#59 Warning
MREG Output pipelining  
DSP PERCEPTRON/outputMAC0__1 multiplier stage PERCEPTRON/outputMAC0__1/P[47:0] is not pipelined (MREG=0). Pipelining the multiplier function will improve performance and will save significant power so it is suggested whenever possible to fully pipeline this function.  If this multiplier was inferred, it is suggested to describe an additional register stage after this function.  If there is no registered adder/accumulator following the multiply function, two pipeline stages are suggested to allow both the MREG and PREG registers to be used.  If the DSP48 was instantiated in the design, it is suggested to set both the MREG and PREG attributes to 1 when performing multiply functions.
Related violations: <none>

DPOP-2#60 Warning
MREG Output pipelining  
DSP PERCEPTRON/outputMAC0__2 multiplier stage PERCEPTRON/outputMAC0__2/P[47:0] is not pipelined (MREG=0). Pipelining the multiplier function will improve performance and will save significant power so it is suggested whenever possible to fully pipeline this function.  If this multiplier was inferred, it is suggested to describe an additional register stage after this function.  If there is no registered adder/accumulator following the multiply function, two pipeline stages are suggested to allow both the MREG and PREG registers to be used.  If the DSP48 was instantiated in the design, it is suggested to set both the MREG and PREG attributes to 1 when performing multiply functions.
Related violations: <none>

ZPS7-1#1 Warning
PS7 block required  
The PS7 cell must be used in this Zynq design in order to enable correct default configuration.
Related violations: <none>

REQP-24#1 Advisory
enum_BREG_0_connects_CEB1_GND_connects_CEB2_GND  
LSTM_LAYER/elemWiseMult_out0__0: When DSP48E1 attribute BREG is set to 0, the CEB1 and CEB2 pins should be tied to GND to save power.
Related violations: <none>

REQP-24#2 Advisory
enum_BREG_0_connects_CEB1_GND_connects_CEB2_GND  
LSTM_LAYER/elemWiseMult_out0__2: When DSP48E1 attribute BREG is set to 0, the CEB1 and CEB2 pins should be tied to GND to save power.
Related violations: <none>

REQP-24#3 Advisory
enum_BREG_0_connects_CEB1_GND_connects_CEB2_GND  
LSTM_LAYER/genblk1[1].sigmoid_i/outputMAC_reg: When DSP48E1 attribute BREG is set to 0, the CEB1 and CEB2 pins should be tied to GND to save power.
Related violations: <none>

REQP-24#4 Advisory
enum_BREG_0_connects_CEB1_GND_connects_CEB2_GND  
LSTM_LAYER/genblk1[2].sigmoid_i/outputMAC_reg: When DSP48E1 attribute BREG is set to 0, the CEB1 and CEB2 pins should be tied to GND to save power.
Related violations: <none>

REQP-24#5 Advisory
enum_BREG_0_connects_CEB1_GND_connects_CEB2_GND  
LSTM_LAYER/genblk1[3].sigmoid_i/outputMAC_reg: When DSP48E1 attribute BREG is set to 0, the CEB1 and CEB2 pins should be tied to GND to save power.
Related violations: <none>

REQP-24#6 Advisory
enum_BREG_0_connects_CEB1_GND_connects_CEB2_GND  
LSTM_LAYER/genblk1[4].sigmoid_i/outputMAC_reg: When DSP48E1 attribute BREG is set to 0, the CEB1 and CEB2 pins should be tied to GND to save power.
Related violations: <none>

REQP-24#7 Advisory
enum_BREG_0_connects_CEB1_GND_connects_CEB2_GND  
LSTM_LAYER/genblk1[5].sigmoid_i/outputMAC_reg: When DSP48E1 attribute BREG is set to 0, the CEB1 and CEB2 pins should be tied to GND to save power.
Related violations: <none>

REQP-24#8 Advisory
enum_BREG_0_connects_CEB1_GND_connects_CEB2_GND  
LSTM_LAYER/genblk1[6].sigmoid_i/outputMAC_reg: When DSP48E1 attribute BREG is set to 0, the CEB1 and CEB2 pins should be tied to GND to save power.
Related violations: <none>

REQP-24#9 Advisory
enum_BREG_0_connects_CEB1_GND_connects_CEB2_GND  
LSTM_LAYER/genblk1[7].sigmoid_i/outputMAC_reg: When DSP48E1 attribute BREG is set to 0, the CEB1 and CEB2 pins should be tied to GND to save power.
Related violations: <none>

REQP-24#10 Advisory
enum_BREG_0_connects_CEB1_GND_connects_CEB2_GND  
LSTM_LAYER/genblk2[0].tanh_i/outputMAC_reg: When DSP48E1 attribute BREG is set to 0, the CEB1 and CEB2 pins should be tied to GND to save power.
Related violations: <none>

REQP-24#11 Advisory
enum_BREG_0_connects_CEB1_GND_connects_CEB2_GND  
LSTM_LAYER/genblk2[1].tanh_i/outputMAC_reg: When DSP48E1 attribute BREG is set to 0, the CEB1 and CEB2 pins should be tied to GND to save power.
Related violations: <none>

REQP-24#12 Advisory
enum_BREG_0_connects_CEB1_GND_connects_CEB2_GND  
LSTM_LAYER/genblk2[2].tanh_i/outputMAC_reg: When DSP48E1 attribute BREG is set to 0, the CEB1 and CEB2 pins should be tied to GND to save power.
Related violations: <none>

REQP-24#13 Advisory
enum_BREG_0_connects_CEB1_GND_connects_CEB2_GND  
LSTM_LAYER/genblk2[3].tanh_i/outputMAC_reg: When DSP48E1 attribute BREG is set to 0, the CEB1 and CEB2 pins should be tied to GND to save power.
Related violations: <none>

REQP-24#14 Advisory
enum_BREG_0_connects_CEB1_GND_connects_CEB2_GND  
LSTM_LAYER/genblk2[6].tanh_i/outputMAC_reg: When DSP48E1 attribute BREG is set to 0, the CEB1 and CEB2 pins should be tied to GND to save power.
Related violations: <none>

REQP-24#15 Advisory
enum_BREG_0_connects_CEB1_GND_connects_CEB2_GND  
LSTM_LAYER/genblk2[7].tanh_i/outputMAC_reg: When DSP48E1 attribute BREG is set to 0, the CEB1 and CEB2 pins should be tied to GND to save power.
Related violations: <none>


