#-----------------------------------------------------------
# Vivado v2015.4 (64-bit)
# SW Build 1412921 on Wed Nov 18 09:44:32 MST 2015
# IP Build 1412160 on Tue Nov 17 13:47:24 MST 2015
# Start of session at: Fri Jun 24 16:49:30 2016
# Process ID: 2640
# Current directory: /home/josefonseca/Documents/thesis/verilog/dot_prod
# Command line: vivado
# Log file: /home/josefonseca/Documents/thesis/verilog/dot_prod/vivado.log
# Journal file: /home/josefonseca/Documents/thesis/verilog/dot_prod/vivado.jou
#-----------------------------------------------------------
start_gui
open_project /home/josefonseca/Documents/thesis/verilog/dot_prod/Synth_dot_prod/Synth_dot_prod.xpr
Scanning sources...
Finished scanning sources
INFO: [IP_Flow 19-234] Refreshing IP repositories
INFO: [IP_Flow 19-1704] No user IP repositories specified
INFO: [IP_Flow 19-2313] Loaded Vivado IP repository '/opt/Xilinx/Vivado/2015.4/data/ip'.
exit
INFO: [Common 17-206] Exiting Vivado at Fri Jun 24 16:50:42 2016...
