
*** Running vivado
    with args -log top_network.vdi -applog -m64 -messageDb vivado.pb -mode batch -source top_network.tcl -notrace


****** Vivado v2015.4 (64-bit)
  **** SW Build 1412921 on Wed Nov 18 09:44:32 MST 2015
  **** IP Build 1412160 on Tue Nov 17 13:47:24 MST 2015
    ** Copyright 1986-2015 Xilinx, Inc. All Rights Reserved.

source top_network.tcl -notrace
Design is defaulting to srcset: sources_1
Design is defaulting to constrset: constrs_1
INFO: [Netlist 29-17] Analyzing 1243 Unisim elements for replacement
INFO: [Netlist 29-28] Unisim Transformation completed in 0 CPU seconds
INFO: [Project 1-479] Netlist was created with Vivado 2015.4
INFO: [Device 21-403] Loading part xc7z020clg484-1
INFO: [Project 1-570] Preparing netlist for logic optimization
Parsing XDC File [/home/josefonseca/Documents/thesis/verilog/network/Synth/Synth.srcs/lstm_const/new/timing.xdc]
Finished Parsing XDC File [/home/josefonseca/Documents/thesis/verilog/network/Synth/Synth.srcs/lstm_const/new/timing.xdc]
INFO: [Opt 31-138] Pushed 0 inverter(s) to 0 load pin(s).
INFO: [Project 1-111] Unisim Transformation Summary:
No Unisim elements were transformed.

link_design: Time (s): cpu = 00:00:10 ; elapsed = 00:00:09 . Memory (MB): peak = 1374.680 ; gain = 457.730 ; free physical = 3302 ; free virtual = 8810
Command: opt_design
Attempting to get a license for feature 'Implementation' and/or device 'xc7z020'
INFO: [Common 17-349] Got license for feature 'Implementation' and/or device 'xc7z020'
Running DRC as a precondition to command opt_design

Starting DRC Task
INFO: [DRC 23-27] Running DRC with 8 threads
INFO: [Project 1-461] DRC finished with 0 Errors
INFO: [Project 1-462] Please refer to the DRC report (report_drc) for more information.

Time (s): cpu = 00:00:00.78 ; elapsed = 00:00:00.56 . Memory (MB): peak = 1447.715 ; gain = 65.031 ; free physical = 3297 ; free virtual = 8805
INFO: [Timing 38-35] Done setting XDC timing constraints.

Starting Logic Optimization Task
Implement Debug Cores | Checksum: cabb43dc

Phase 1 Retarget
INFO: [Opt 31-138] Pushed 0 inverter(s) to 0 load pin(s).
INFO: [Opt 31-49] Retargeted 0 cell(s).
Phase 1 Retarget | Checksum: e7e0877f

Time (s): cpu = 00:00:02 ; elapsed = 00:00:02 . Memory (MB): peak = 1920.207 ; gain = 0.000 ; free physical = 2846 ; free virtual = 8355

Phase 2 Constant Propagation
INFO: [Opt 31-138] Pushed 8 inverter(s) to 108 load pin(s).
INFO: [Opt 31-10] Eliminated 4 cells.
Phase 2 Constant Propagation | Checksum: 172211660

Time (s): cpu = 00:00:06 ; elapsed = 00:00:06 . Memory (MB): peak = 1920.207 ; gain = 0.000 ; free physical = 2843 ; free virtual = 8352

Phase 3 Sweep
WARNING: [Opt 31-6] Deleting driverless net: LSTM_LAYER/WRAM_F_X/RAM_matrix_reg_3_n_132.
WARNING: [Opt 31-6] Deleting driverless net: LSTM_LAYER/WRAM_F_X/RAM_matrix_reg_3_n_215.
WARNING: [Opt 31-6] Deleting driverless net: LSTM_LAYER/WRAM_F_Y/RAM_matrix_reg_3_n_129.
WARNING: [Opt 31-6] Deleting driverless net: LSTM_LAYER/WRAM_F_Y/RAM_matrix_reg_3_n_130.
WARNING: [Opt 31-6] Deleting driverless net: LSTM_LAYER/WRAM_F_Y/RAM_matrix_reg_3_n_131.
WARNING: [Opt 31-6] Deleting driverless net: LSTM_LAYER/WRAM_F_Y/RAM_matrix_reg_3_n_132.
WARNING: [Opt 31-6] Deleting driverless net: LSTM_LAYER/WRAM_I_X/RAM_matrix_reg_3_n_132.
WARNING: [Opt 31-6] Deleting driverless net: LSTM_LAYER/WRAM_I_X/RAM_matrix_reg_3_n_215.
WARNING: [Opt 31-6] Deleting driverless net: LSTM_LAYER/WRAM_I_Y/RAM_matrix_reg_0_n_222.
WARNING: [Opt 31-6] Deleting driverless net: LSTM_LAYER/WRAM_I_Y/RAM_matrix_reg_3_n_129.
WARNING: [Opt 31-6] Deleting driverless net: LSTM_LAYER/WRAM_I_Y/RAM_matrix_reg_3_n_130.
WARNING: [Opt 31-6] Deleting driverless net: LSTM_LAYER/WRAM_I_Y/RAM_matrix_reg_3_n_131.
WARNING: [Opt 31-6] Deleting driverless net: LSTM_LAYER/WRAM_I_Y/RAM_matrix_reg_3_n_132.
WARNING: [Opt 31-6] Deleting driverless net: LSTM_LAYER/WRAM_O_X/RAM_matrix_reg_3_n_132.
WARNING: [Opt 31-6] Deleting driverless net: LSTM_LAYER/WRAM_O_X/RAM_matrix_reg_3_n_215.
WARNING: [Opt 31-6] Deleting driverless net: LSTM_LAYER/WRAM_O_Y/RAM_matrix_reg_3_n_129.
WARNING: [Opt 31-6] Deleting driverless net: LSTM_LAYER/WRAM_O_Y/RAM_matrix_reg_3_n_130.
WARNING: [Opt 31-6] Deleting driverless net: LSTM_LAYER/WRAM_O_Y/RAM_matrix_reg_3_n_131.
WARNING: [Opt 31-6] Deleting driverless net: LSTM_LAYER/WRAM_O_Y/RAM_matrix_reg_3_n_132.
WARNING: [Opt 31-6] Deleting driverless net: LSTM_LAYER/WRAM_Z_X/RAM_matrix_reg_3_n_132.
WARNING: [Opt 31-6] Deleting driverless net: LSTM_LAYER/WRAM_Z_X/RAM_matrix_reg_3_n_215.
WARNING: [Opt 31-6] Deleting driverless net: LSTM_LAYER/WRAM_Z_Y/RAM_matrix_reg_3_n_129.
WARNING: [Opt 31-6] Deleting driverless net: LSTM_LAYER/WRAM_Z_Y/RAM_matrix_reg_3_n_130.
WARNING: [Opt 31-6] Deleting driverless net: LSTM_LAYER/WRAM_Z_Y/RAM_matrix_reg_3_n_131.
WARNING: [Opt 31-6] Deleting driverless net: LSTM_LAYER/WRAM_Z_Y/RAM_matrix_reg_3_n_132.
INFO: [Opt 31-12] Eliminated 5948 unconnected nets.
INFO: [Opt 31-11] Eliminated 0 unconnected cells.
Phase 3 Sweep | Checksum: 108145e88

Time (s): cpu = 00:00:08 ; elapsed = 00:00:08 . Memory (MB): peak = 1920.207 ; gain = 0.000 ; free physical = 2843 ; free virtual = 8351

Starting Connectivity Check Task

Time (s): cpu = 00:00:00.20 ; elapsed = 00:00:00.21 . Memory (MB): peak = 1920.207 ; gain = 0.000 ; free physical = 2842 ; free virtual = 8351
Ending Logic Optimization Task | Checksum: 108145e88

Time (s): cpu = 00:00:09 ; elapsed = 00:00:09 . Memory (MB): peak = 1920.207 ; gain = 0.000 ; free physical = 2842 ; free virtual = 8351

Starting Power Optimization Task
INFO: [Pwropt 34-132] Skipping clock gating for clocks with a period < 2.00 ns.
INFO: [Timing 38-35] Done setting XDC timing constraints.
INFO: [Pwropt 34-9] Applying IDT optimizations ...
INFO: [Pwropt 34-10] Applying ODC optimizations ...
Running Vector-less Activity Propagation...

Finished Running Vector-less Activity Propagation


Starting PowerOpt Patch Enables Task
INFO: [Pwropt 34-162] WRITE_MODE attribute of 0 BRAM(s) out of a total of 32 has been updated to save power. Run report_power_opt to get a complete listing of the BRAMs updated.
INFO: [Pwropt 34-201] Structural ODC has moved 0 WE to EN ports
Number of BRAM Ports augmented: 0 newly gated: 32 Total Ports: 64
Number of Flops added for Enable Generation: 1

Ending PowerOpt Patch Enables Task | Checksum: a4e2f850

Time (s): cpu = 00:00:00.15 ; elapsed = 00:00:00.15 . Memory (MB): peak = 2343.281 ; gain = 0.000 ; free physical = 2575 ; free virtual = 8084
Ending Power Optimization Task | Checksum: a4e2f850

Time (s): cpu = 00:00:20 ; elapsed = 00:00:06 . Memory (MB): peak = 2343.281 ; gain = 423.074 ; free physical = 2576 ; free virtual = 8084
INFO: [Common 17-83] Releasing license: Implementation
25 Infos, 25 Warnings, 0 Critical Warnings and 0 Errors encountered.
opt_design completed successfully
opt_design: Time (s): cpu = 00:00:41 ; elapsed = 00:00:31 . Memory (MB): peak = 2343.281 ; gain = 968.602 ; free physical = 2576 ; free virtual = 8084
write_checkpoint: Time (s): cpu = 00:00:08 ; elapsed = 00:00:07 . Memory (MB): peak = 2343.281 ; gain = 0.000 ; free physical = 2562 ; free virtual = 8079
INFO: [DRC 23-27] Running DRC with 8 threads
INFO: [Coretcl 2-168] The results of DRC are in file /home/josefonseca/Documents/thesis/verilog/network/Synth/Synth.runs/impl_3/top_network_drc_opted.rpt.
INFO: [Vivado_Tcl 4-424] Cannot write hardware definition file as there are no IPI block design hardware handoff files present
Command: place_design
Attempting to get a license for feature 'Implementation' and/or device 'xc7z020'
INFO: [Common 17-349] Got license for feature 'Implementation' and/or device 'xc7z020'
INFO: [DRC 23-27] Running DRC with 8 threads
INFO: [Vivado_Tcl 4-198] DRC finished with 0 Errors
INFO: [Vivado_Tcl 4-199] Please refer to the DRC report (report_drc) for more information.
Running DRC as a precondition to command place_design
INFO: [DRC 23-27] Running DRC with 8 threads
INFO: [Vivado_Tcl 4-198] DRC finished with 0 Errors
INFO: [Vivado_Tcl 4-199] Please refer to the DRC report (report_drc) for more information.

Starting Placer Task
INFO: [Place 30-611] Multithreading enabled for place_design using a maximum of 8 CPUs

Phase 1 Placer Initialization
Netlist sorting complete. Time (s): cpu = 00:00:00.05 ; elapsed = 00:00:00.05 . Memory (MB): peak = 2343.281 ; gain = 0.000 ; free physical = 2559 ; free virtual = 8076
INFO: [Timing 38-35] Done setting XDC timing constraints.
INFO: [Opt 31-138] Pushed 0 inverter(s) to 0 load pin(s).
Netlist sorting complete. Time (s): cpu = 00:00:00.03 ; elapsed = 00:00:00.03 . Memory (MB): peak = 2343.281 ; gain = 0.000 ; free physical = 2554 ; free virtual = 8071

Phase 1.1 IO Placement/ Clock Placement/ Build Placer Device

Phase 1.1.1 Pre-Place Cells
Phase 1.1.1 Pre-Place Cells | Checksum: 00000000

Time (s): cpu = 00:00:06 ; elapsed = 00:00:03 . Memory (MB): peak = 2343.281 ; gain = 0.000 ; free physical = 2554 ; free virtual = 8071
ERROR: [Place 30-640] Place Check : This design requires more Slice LUTs cells than are available in the target device. This design requires 58838 of such cell types but only 53200 compatible sites are available in the target device. Please analyze your synthesis results and constraints to ensure the design is mapped to Xilinx primitives as expected. If so, please consider targeting a larger device. Please set tcl parameter "drc.disableLUTOverUtilError" to 1 to change this error to warning.
ERROR: [Place 30-640] Place Check : This design requires more LUT as Logic cells than are available in the target device. This design requires 58838 of such cell types but only 53200 compatible sites are available in the target device. Please analyze your synthesis results and constraints to ensure the design is mapped to Xilinx primitives as expected. If so, please consider targeting a larger device. Please set tcl parameter "drc.disableLUTOverUtilError" to 1 to change this error to warning.
Phase 1.1 IO Placement/ Clock Placement/ Build Placer Device | Checksum: 5fab205d

Time (s): cpu = 00:00:14 ; elapsed = 00:00:07 . Memory (MB): peak = 2343.281 ; gain = 0.000 ; free physical = 2552 ; free virtual = 8070
Phase 1 Placer Initialization | Checksum: 5fab205d

Time (s): cpu = 00:00:14 ; elapsed = 00:00:07 . Memory (MB): peak = 2343.281 ; gain = 0.000 ; free physical = 2552 ; free virtual = 8070
ERROR: [Place 30-99] Placer failed with error: 'Implementation Feasibility check failed, Please see the previously displayed individual error or warning messages for more details.'
Please review all ERROR, CRITICAL WARNING, and WARNING messages during placement to understand the cause for failure.
Ending Placer Task | Checksum: 5fab205d

Time (s): cpu = 00:00:14 ; elapsed = 00:00:07 . Memory (MB): peak = 2343.281 ; gain = 0.000 ; free physical = 2552 ; free virtual = 8070
INFO: [Common 17-83] Releasing license: Implementation
39 Infos, 25 Warnings, 0 Critical Warnings and 4 Errors encountered.
place_design failed
ERROR: [Common 17-69] Command failed: Placer could not place all instances
INFO: [Common 17-206] Exiting Vivado at Tue Jun 21 19:55:50 2016...
