#-----------------------------------------------------------
# Vivado v2015.4 (64-bit)
# SW Build 1412921 on Wed Nov 18 09:44:32 MST 2015
# IP Build 1412160 on Tue Nov 17 13:47:24 MST 2015
# Start of session at: Wed Jun 22 00:05:34 2016
# Process ID: 4856
# Current directory: /home/josefonseca/Documents/thesis/verilog/network
# Command line: vivado
# Log file: /home/josefonseca/Documents/thesis/verilog/network/vivado.log
# Journal file: /home/josefonseca/Documents/thesis/verilog/network/vivado.jou
#-----------------------------------------------------------
start_gui
open_project /home/josefonseca/Documents/thesis/verilog/network/Synth/Synth.xpr
Scanning sources...
Finished scanning sources
INFO: [IP_Flow 19-234] Refreshing IP repositories
INFO: [IP_Flow 19-1704] No user IP repositories specified
INFO: [IP_Flow 19-2313] Loaded Vivado IP repository '/opt/Xilinx/Vivado/2015.4/data/ip'.
open_project: Time (s): cpu = 00:00:11 ; elapsed = 00:00:08 . Memory (MB): peak = 5821.336 ; gain = 138.820 ; free physical = 3846 ; free virtual = 9395
reset_run synth_2
launch_runs impl_2
[Wed Jun 22 00:06:24 2016] Launched synth_2...
Run output will be captured here: /home/josefonseca/Documents/thesis/verilog/network/Synth/Synth.runs/synth_2/runme.log
[Wed Jun 22 00:06:24 2016] Launched impl_2...
Run output will be captured here: /home/josefonseca/Documents/thesis/verilog/network/Synth/Synth.runs/impl_2/runme.log
