#-----------------------------------------------------------
# Vivado v2015.4 (64-bit)
# SW Build 1412921 on Wed Nov 18 09:44:32 MST 2015
# IP Build 1412160 on Tue Nov 17 13:47:24 MST 2015
# Start of session at: Fri Jun 24 14:26:11 2016
# Process ID: 17599
# Current directory: /home/josefonseca/Documents/thesis/verilog/network
# Command line: vivado
# Log file: /home/josefonseca/Documents/thesis/verilog/network/vivado.log
# Journal file: /home/josefonseca/Documents/thesis/verilog/network/vivado.jou
#-----------------------------------------------------------
start_gui
open_project /home/josefonseca/Documents/thesis/verilog/network/Synth/Synth.xpr
Scanning sources...
Finished scanning sources
INFO: [IP_Flow 19-234] Refreshing IP repositories
INFO: [IP_Flow 19-1704] No user IP repositories specified
INFO: [IP_Flow 19-2313] Loaded Vivado IP repository '/opt/Xilinx/Vivado/2015.4/data/ip'.
reset_run synth_2
launch_runs impl_5
[Fri Jun 24 14:26:50 2016] Launched synth_2...
Run output will be captured here: /home/josefonseca/Documents/thesis/verilog/network/Synth/Synth.runs/synth_2/runme.log
[Fri Jun 24 14:26:50 2016] Launched impl_5...
Run output will be captured here: /home/josefonseca/Documents/thesis/verilog/network/Synth/Synth.runs/impl_5/runme.log
update_compile_order -fileset sources_1
update_compile_order -fileset sources_1
reset_run synth_2
launch_runs impl_5
[Fri Jun 24 15:00:02 2016] Launched synth_2...
Run output will be captured here: /home/josefonseca/Documents/thesis/verilog/network/Synth/Synth.runs/synth_2/runme.log
[Fri Jun 24 15:00:02 2016] Launched impl_5...
Run output will be captured here: /home/josefonseca/Documents/thesis/verilog/network/Synth/Synth.runs/impl_5/runme.log
reset_run synth_2
launch_runs impl_5
[Fri Jun 24 15:19:55 2016] Launched synth_2...
Run output will be captured here: /home/josefonseca/Documents/thesis/verilog/network/Synth/Synth.runs/synth_2/runme.log
[Fri Jun 24 15:19:55 2016] Launched impl_5...
Run output will be captured here: /home/josefonseca/Documents/thesis/verilog/network/Synth/Synth.runs/impl_5/runme.log
exit
INFO: [Common 17-206] Exiting Vivado at Fri Jun 24 15:51:53 2016...
